<?xml version="1.0" encoding="UTF-8"?>
<coverage generated="1764563327991" clover="3.2.0">
  <project timestamp="1764563327991" name="All files">
    <metrics statements="246" coveredstatements="241" conditionals="191" coveredconditionals="181" methods="59" coveredmethods="59" elements="496" coveredelements="481" complexity="0" loc="246" ncloc="246" packages="1" files="4" classes="4"/>
    <file name="card.ts" path="/Users/eric/Development/euchre-reasoning-arena/lib/game/card.ts">
      <metrics statements="51" coveredstatements="51" conditionals="44" coveredconditionals="44" methods="15" coveredmethods="15"/>
      <line num="3" count="3" type="stmt"/>
      <line num="13" count="3" type="stmt"/>
      <line num="14" count="3" type="stmt"/>
      <line num="15" count="3" type="stmt"/>
      <line num="17" count="3" type="stmt"/>
      <line num="28" count="291" type="cond" truecount="2" falsecount="0"/>
      <line num="35" count="281" type="cond" truecount="2" falsecount="0"/>
      <line num="42" count="3" type="cond" truecount="2" falsecount="0"/>
      <line num="49" count="225" type="cond" truecount="4" falsecount="0"/>
      <line num="50" count="13" type="stmt"/>
      <line num="52" count="212" type="stmt"/>
      <line num="59" count="61" type="cond" truecount="2" falsecount="0"/>
      <line num="60" count="56" type="cond" truecount="2" falsecount="0"/>
      <line num="61" count="52" type="cond" truecount="2" falsecount="0"/>
      <line num="62" count="7" type="stmt"/>
      <line num="64" count="45" type="stmt"/>
      <line num="77" count="37" type="stmt"/>
      <line num="78" count="37" type="stmt"/>
      <line num="81" count="37" type="cond" truecount="4" falsecount="0"/>
      <line num="82" count="34" type="cond" truecount="4" falsecount="0"/>
      <line num="85" count="31" type="cond" truecount="4" falsecount="0"/>
      <line num="86" count="6" type="stmt"/>
      <line num="90" count="25" type="cond" truecount="2" falsecount="0"/>
      <line num="91" count="1" type="stmt"/>
      <line num="95" count="24" type="cond" truecount="4" falsecount="0"/>
      <line num="96" count="23" type="cond" truecount="4" falsecount="0"/>
      <line num="99" count="21" type="stmt"/>
      <line num="106" count="22" type="stmt"/>
      <line num="107" count="22" type="stmt"/>
      <line num="114" count="99" type="stmt"/>
      <line num="115" count="99" type="stmt"/>
      <line num="117" count="99" type="stmt"/>
      <line num="118" count="99" type="stmt"/>
      <line num="119" count="396" type="stmt"/>
      <line num="120" count="2376" type="stmt"/>
      <line num="123" count="99" type="stmt"/>
      <line num="130" count="98" type="stmt"/>
      <line num="131" count="98" type="stmt"/>
      <line num="132" count="2254" type="stmt"/>
      <line num="133" count="2254" type="stmt"/>
      <line num="135" count="98" type="stmt"/>
      <line num="142" count="113" type="stmt"/>
      <line num="149" count="113" type="stmt"/>
      <line num="158" count="113" type="stmt"/>
      <line num="165" count="1" type="stmt"/>
      <line num="172" count="34" type="stmt"/>
      <line num="173" count="40" type="cond" truecount="2" falsecount="0"/>
      <line num="176" count="34" type="cond" truecount="2" falsecount="0"/>
      <line num="177" count="2" type="stmt"/>
      <line num="180" count="117" type="stmt"/>
      <line num="187" count="3" type="cond" truecount="2" falsecount="0"/>
    </file>
    <file name="errors.ts" path="/Users/eric/Development/euchre-reasoning-arena/lib/game/errors.ts">
      <metrics statements="13" coveredstatements="13" conditionals="0" coveredconditionals="0" methods="4" coveredmethods="4"/>
      <line num="9" count="19" type="stmt"/>
      <line num="11" count="19" type="stmt"/>
      <line num="12" count="19" type="stmt"/>
      <line num="22" count="2" type="stmt"/>
      <line num="23" count="2" type="stmt"/>
      <line num="25" count="2" type="stmt"/>
      <line num="26" count="2" type="stmt"/>
      <line num="35" count="10" type="stmt"/>
      <line num="36" count="10" type="stmt"/>
      <line num="46" count="6" type="stmt"/>
      <line num="47" count="6" type="stmt"/>
      <line num="49" count="6" type="stmt"/>
      <line num="50" count="6" type="stmt"/>
    </file>
    <file name="game.ts" path="/Users/eric/Development/euchre-reasoning-arena/lib/game/game.ts">
      <metrics statements="168" coveredstatements="163" conditionals="147" coveredconditionals="137" methods="35" coveredmethods="35"/>
      <line num="29" count="2" type="stmt"/>
      <line num="30" count="2" type="stmt"/>
      <line num="31" count="2" type="stmt"/>
      <line num="32" count="2" type="stmt"/>
      <line num="33" count="2" type="stmt"/>
      <line num="42" count="96" type="stmt"/>
      <line num="44" count="96" type="stmt"/>
      <line num="45" count="384" type="stmt"/>
      <line num="53" count="96" type="stmt"/>
      <line num="56" count="96" type="stmt"/>
      <line num="57" count="96" type="stmt"/>
      <line num="60" count="96" type="stmt"/>
      <line num="65" count="96" type="stmt"/>
      <line num="93" count="1" type="stmt"/>
      <line num="103" count="46" type="cond" truecount="2" falsecount="0"/>
      <line num="105" count="45" type="stmt"/>
      <line num="109" count="45" type="cond" truecount="2" falsecount="0"/>
      <line num="110" count="72" type="cond" truecount="2" falsecount="0"/>
      <line num="114" count="47" type="cond" truecount="3" falsecount="0"/>
      <line num="119" count="46" type="cond" truecount="2" falsecount="0"/>
      <line num="120" count="46" type="cond" truecount="2" falsecount="0"/>
      <line num="122" count="46" type="cond" truecount="2" falsecount="0"/>
      <line num="123" count="1" type="stmt"/>
      <line num="127" count="44" type="stmt"/>
      <line num="128" count="44" type="stmt"/>
      <line num="142" count="78" type="cond" truecount="2" falsecount="0"/>
      <line num="143" count="1" type="stmt"/>
      <line num="146" count="77" type="cond" truecount="2" falsecount="0"/>
      <line num="147" count="1" type="stmt"/>
      <line num="150" count="76" type="cond" truecount="2" falsecount="0"/>
      <line num="151" count="1" type="stmt"/>
      <line num="159" count="75" type="stmt"/>
      <line num="161" count="75" type="cond" truecount="4" falsecount="0"/>
      <line num="162" count="1" type="stmt"/>
      <line num="169" count="74" type="cond" truecount="4" falsecount="0"/>
      <line num="170" count="1" type="stmt"/>
      <line num="177" count="73" type="cond" truecount="4" falsecount="0"/>
      <line num="178" count="1" type="stmt"/>
      <line num="185" count="72" type="cond" truecount="4" falsecount="0"/>
      <line num="186" count="1" type="stmt"/>
      <line num="194" count="71" type="cond" truecount="2" falsecount="0"/>
      <line num="196" count="78" type="cond" truecount="2" falsecount="0"/>
      <line num="202" count="1" type="stmt"/>
      <line num="209" count="70" type="stmt"/>
      <line num="217" count="70" type="stmt"/>
      <line num="220" count="70" type="cond" truecount="4" falsecount="0"/>
      <line num="221" count="16" type="cond" truecount="2" falsecount="0"/>
      <line num="224" count="16" type="stmt"/>
      <line num="225" count="16" type="cond" truecount="2" falsecount="0"/>
      <line num="226" count="13" type="stmt"/>
      <line num="227" count="13" type="stmt"/>
      <line num="228" count="13" type="stmt"/>
      <line num="235" count="16" type="stmt"/>
      <line num="239" count="16" type="stmt"/>
      <line num="256" count="54" type="cond" truecount="2" falsecount="0"/>
      <line num="259" count="44" type="stmt"/>
      <line num="261" count="11" type="stmt"/>
      <line num="265" count="11" type="stmt"/>
      <line num="277" count="43" type="stmt"/>
      <line num="285" count="43" type="cond" truecount="1" falsecount="1"/>
      <line num="286" count="0" type="stmt"/>
      <line num="289" count="43" type="stmt"/>
      <line num="303" count="6" type="cond" truecount="2" falsecount="0"/>
      <line num="304" count="1" type="stmt"/>
      <line num="307" count="8" type="stmt"/>
      <line num="308" count="5" type="cond" truecount="2" falsecount="0"/>
      <line num="309" count="1" type="stmt"/>
      <line num="312" count="4" type="cond" truecount="2" falsecount="0"/>
      <line num="313" count="1" type="stmt"/>
      <line num="319" count="3" type="stmt"/>
      <line num="320" count="9" type="cond" truecount="2" falsecount="0"/>
      <line num="325" count="3" type="stmt"/>
      <line num="338" count="11" type="cond" truecount="2" falsecount="0"/>
      <line num="339" count="1" type="stmt"/>
      <line num="342" count="10" type="stmt"/>
      <line num="343" count="22" type="stmt"/>
      <line num="345" count="10" type="cond" truecount="2" falsecount="0"/>
      <line num="346" count="1" type="stmt"/>
      <line num="349" count="9" type="stmt"/>
      <line num="350" count="32" type="cond" truecount="2" falsecount="0"/>
      <line num="354" count="9" type="cond" truecount="2" falsecount="0"/>
      <line num="357" count="12" type="cond" truecount="1" falsecount="1"/>
      <line num="358" count="12" type="stmt"/>
      <line num="359" count="0" type="cond" truecount="0" falsecount="2"/>
      <line num="360" count="0" type="cond" truecount="0" falsecount="2"/>
      <line num="362" count="0" type="cond" truecount="0" falsecount="2"/>
      <line num="369" count="11" type="cond" truecount="2" falsecount="0"/>
      <line num="373" count="11" type="stmt"/>
      <line num="392" count="12" type="cond" truecount="2" falsecount="0"/>
      <line num="393" count="11" type="stmt"/>
      <line num="400" count="10" type="cond" truecount="2" falsecount="0"/>
      <line num="401" count="1" type="stmt"/>
      <line num="406" count="9" type="stmt"/>
      <line num="408" count="9" type="stmt"/>
      <line num="410" count="9" type="stmt"/>
      <line num="411" count="27" type="stmt"/>
      <line num="418" count="27" type="cond" truecount="2" falsecount="0"/>
      <line num="419" count="2" type="stmt"/>
      <line num="423" count="9" type="stmt"/>
      <line num="434" count="36" type="cond" truecount="1" falsecount="1"/>
      <line num="435" count="0" type="stmt"/>
      <line num="438" count="36" type="cond" truecount="2" falsecount="0"/>
      <line num="439" count="1" type="stmt"/>
      <line num="442" count="81" type="stmt"/>
      <line num="443" count="35" type="cond" truecount="2" falsecount="0"/>
      <line num="444" count="1" type="stmt"/>
      <line num="448" count="34" type="stmt"/>
      <line num="449" count="34" type="cond" truecount="2" falsecount="0"/>
      <line num="450" count="1" type="stmt"/>
      <line num="457" count="33" type="stmt"/>
      <line num="458" count="41" type="cond" truecount="2" falsecount="0"/>
      <line num="460" count="33" type="cond" truecount="2" falsecount="0"/>
      <line num="461" count="2" type="stmt"/>
      <line num="466" count="31" type="cond" truecount="2" falsecount="0"/>
      <line num="469" count="36" type="cond" truecount="4" falsecount="0"/>
      <line num="470" count="20" type="stmt"/>
      <line num="471" count="20" type="stmt"/>
      <line num="472" count="21" type="stmt"/>
      <line num="475" count="20" type="cond" truecount="4" falsecount="0"/>
      <line num="476" count="1" type="stmt"/>
      <line num="480" count="30" type="stmt"/>
      <line num="487" count="63" type="stmt"/>
      <line num="490" count="63" type="cond" truecount="2" falsecount="0"/>
      <line num="491" count="22" type="stmt"/>
      <line num="495" count="41" type="stmt"/>
      <line num="496" count="41" type="stmt"/>
      <line num="497" count="41" type="stmt"/>
      <line num="510" count="29" type="stmt"/>
      <line num="511" count="29" type="cond" truecount="2" falsecount="0"/>
      <line num="512" count="1" type="stmt"/>
      <line num="516" count="68" type="stmt"/>
      <line num="517" count="28" type="stmt"/>
      <line num="518" count="28" type="stmt"/>
      <line num="524" count="28" type="stmt"/>
      <line num="530" count="28" type="stmt"/>
      <line num="536" count="28" type="stmt"/>
      <line num="537" count="28" type="stmt"/>
      <line num="538" count="28" type="stmt"/>
      <line num="540" count="28" type="cond" truecount="2" falsecount="0"/>
      <line num="542" count="6" type="stmt"/>
      <line num="543" count="6" type="stmt"/>
      <line num="546" count="6" type="stmt"/>
      <line num="549" count="6" type="stmt"/>
      <line num="556" count="6" type="cond" truecount="2" falsecount="0"/>
      <line num="557" count="1" type="stmt"/>
      <line num="561" count="28" type="stmt"/>
      <line num="578" count="4" type="stmt"/>
      <line num="579" count="43" type="stmt"/>
      <line num="580" count="20" type="stmt"/>
      <line num="583" count="4" type="stmt"/>
      <line num="587" count="4" type="cond" truecount="2" falsecount="0"/>
      <line num="588" count="4" type="cond" truecount="2" falsecount="0"/>
      <line num="590" count="4" type="stmt"/>
      <line num="597" count="6" type="stmt"/>
      <line num="604" count="4" type="cond" truecount="2" falsecount="0"/>
      <line num="606" count="3" type="cond" truecount="2" falsecount="0"/>
      <line num="607" count="2" type="cond" truecount="2" falsecount="0"/>
      <line num="608" count="1" type="stmt"/>
      <line num="618" count="13" type="stmt"/>
      <line num="619" count="9" type="cond" truecount="2" falsecount="0"/>
      <line num="620" count="1" type="stmt"/>
      <line num="622" count="8" type="stmt"/>
      <line num="623" count="25" type="cond" truecount="2" falsecount="0"/>
      <line num="627" count="8" type="cond" truecount="2" falsecount="0"/>
      <line num="629" count="1" type="stmt"/>
      <line num="633" count="9" type="stmt"/>
      <line num="656" count="29" type="stmt"/>
      <line num="659" count="29" type="stmt"/>
    </file>
    <file name="utils.ts" path="/Users/eric/Development/euchre-reasoning-arena/lib/game/utils.ts">
      <metrics statements="14" coveredstatements="14" conditionals="0" coveredconditionals="0" methods="5" coveredmethods="5"/>
      <line num="8" count="290" type="stmt"/>
      <line num="14" count="290" type="stmt"/>
      <line num="22" count="295" type="stmt"/>
      <line num="23" count="295" type="stmt"/>
      <line num="30" count="58" type="stmt"/>
      <line num="31" count="58" type="stmt"/>
      <line num="38" count="12" type="stmt"/>
      <line num="39" count="12" type="stmt"/>
      <line num="48" count="10" type="stmt"/>
      <line num="49" count="10" type="stmt"/>
      <line num="50" count="10" type="stmt"/>
      <line num="51" count="40" type="stmt"/>
      <line num="52" count="40" type="stmt"/>
      <line num="54" count="10" type="stmt"/>
    </file>
  </project>
</coverage>
