<?xml version="1.0" encoding="UTF-8"?>
<coverage generated="1764612376738" clover="3.2.0">
  <project timestamp="1764612376738" name="All files">
    <metrics statements="279" coveredstatements="273" conditionals="222" coveredconditionals="209" methods="62" coveredmethods="62" elements="563" coveredelements="544" complexity="0" loc="279" ncloc="279" packages="1" files="4" classes="4"/>
    <file name="card.ts" path="/Users/eric/Development/euchre-reasoning-arena/lib/game/card.ts">
      <metrics statements="51" coveredstatements="51" conditionals="44" coveredconditionals="44" methods="15" coveredmethods="15"/>
      <line num="3" count="3" type="stmt"/>
      <line num="13" count="3" type="stmt"/>
      <line num="14" count="3" type="stmt"/>
      <line num="15" count="3" type="stmt"/>
      <line num="17" count="3" type="stmt"/>
      <line num="28" count="304" type="cond" truecount="2" falsecount="0"/>
      <line num="35" count="294" type="cond" truecount="2" falsecount="0"/>
      <line num="42" count="3" type="cond" truecount="2" falsecount="0"/>
      <line num="49" count="234" type="cond" truecount="4" falsecount="0"/>
      <line num="50" count="13" type="stmt"/>
      <line num="52" count="221" type="stmt"/>
      <line num="59" count="65" type="cond" truecount="2" falsecount="0"/>
      <line num="60" count="60" type="cond" truecount="2" falsecount="0"/>
      <line num="61" count="56" type="cond" truecount="2" falsecount="0"/>
      <line num="62" count="7" type="stmt"/>
      <line num="64" count="49" type="stmt"/>
      <line num="77" count="39" type="stmt"/>
      <line num="78" count="39" type="stmt"/>
      <line num="81" count="39" type="cond" truecount="4" falsecount="0"/>
      <line num="82" count="36" type="cond" truecount="4" falsecount="0"/>
      <line num="85" count="33" type="cond" truecount="4" falsecount="0"/>
      <line num="86" count="6" type="stmt"/>
      <line num="90" count="27" type="cond" truecount="2" falsecount="0"/>
      <line num="91" count="1" type="stmt"/>
      <line num="95" count="26" type="cond" truecount="4" falsecount="0"/>
      <line num="96" count="25" type="cond" truecount="4" falsecount="0"/>
      <line num="99" count="23" type="stmt"/>
      <line num="106" count="22" type="stmt"/>
      <line num="107" count="22" type="stmt"/>
      <line num="114" count="108" type="stmt"/>
      <line num="115" count="108" type="stmt"/>
      <line num="117" count="108" type="stmt"/>
      <line num="118" count="108" type="stmt"/>
      <line num="119" count="432" type="stmt"/>
      <line num="120" count="2592" type="stmt"/>
      <line num="123" count="108" type="stmt"/>
      <line num="130" count="107" type="stmt"/>
      <line num="131" count="107" type="stmt"/>
      <line num="132" count="2461" type="stmt"/>
      <line num="133" count="2461" type="stmt"/>
      <line num="135" count="107" type="stmt"/>
      <line num="142" count="113" type="stmt"/>
      <line num="149" count="113" type="stmt"/>
      <line num="158" count="113" type="stmt"/>
      <line num="165" count="1" type="stmt"/>
      <line num="172" count="34" type="stmt"/>
      <line num="173" count="40" type="cond" truecount="2" falsecount="0"/>
      <line num="176" count="34" type="cond" truecount="2" falsecount="0"/>
      <line num="177" count="2" type="stmt"/>
      <line num="180" count="117" type="stmt"/>
      <line num="187" count="3" type="cond" truecount="2" falsecount="0"/>
    </file>
    <file name="errors.ts" path="/Users/eric/Development/euchre-reasoning-arena/lib/game/errors.ts">
      <metrics statements="13" coveredstatements="13" conditionals="0" coveredconditionals="0" methods="4" coveredmethods="4"/>
      <line num="9" count="25" type="stmt"/>
      <line num="11" count="25" type="stmt"/>
      <line num="12" count="25" type="stmt"/>
      <line num="22" count="2" type="stmt"/>
      <line num="23" count="2" type="stmt"/>
      <line num="25" count="2" type="stmt"/>
      <line num="26" count="2" type="stmt"/>
      <line num="35" count="16" type="stmt"/>
      <line num="36" count="16" type="stmt"/>
      <line num="46" count="6" type="stmt"/>
      <line num="47" count="6" type="stmt"/>
      <line num="49" count="6" type="stmt"/>
      <line num="50" count="6" type="stmt"/>
    </file>
    <file name="game.ts" path="/Users/eric/Development/euchre-reasoning-arena/lib/game/game.ts">
      <metrics statements="201" coveredstatements="195" conditionals="178" coveredconditionals="165" methods="38" coveredmethods="38"/>
      <line num="29" count="2" type="stmt"/>
      <line num="30" count="2" type="stmt"/>
      <line num="31" count="2" type="stmt"/>
      <line num="32" count="2" type="stmt"/>
      <line num="33" count="2" type="stmt"/>
      <line num="42" count="105" type="stmt"/>
      <line num="44" count="105" type="stmt"/>
      <line num="45" count="420" type="stmt"/>
      <line num="53" count="105" type="stmt"/>
      <line num="56" count="105" type="stmt"/>
      <line num="57" count="105" type="stmt"/>
      <line num="60" count="105" type="stmt"/>
      <line num="65" count="105" type="stmt"/>
      <line num="93" count="1" type="stmt"/>
      <line num="103" count="50" type="cond" truecount="2" falsecount="0"/>
      <line num="105" count="49" type="stmt"/>
      <line num="109" count="49" type="cond" truecount="2" falsecount="0"/>
      <line num="110" count="78" type="cond" truecount="2" falsecount="0"/>
      <line num="114" count="52" type="cond" truecount="3" falsecount="0"/>
      <line num="119" count="50" type="cond" truecount="2" falsecount="0"/>
      <line num="120" count="50" type="cond" truecount="2" falsecount="0"/>
      <line num="122" count="50" type="cond" truecount="2" falsecount="0"/>
      <line num="123" count="1" type="stmt"/>
      <line num="127" count="48" type="stmt"/>
      <line num="128" count="48" type="stmt"/>
      <line num="142" count="85" type="cond" truecount="2" falsecount="0"/>
      <line num="143" count="1" type="stmt"/>
      <line num="146" count="84" type="cond" truecount="2" falsecount="0"/>
      <line num="147" count="1" type="stmt"/>
      <line num="150" count="83" type="cond" truecount="2" falsecount="0"/>
      <line num="151" count="1" type="stmt"/>
      <line num="159" count="82" type="stmt"/>
      <line num="161" count="82" type="cond" truecount="4" falsecount="0"/>
      <line num="162" count="1" type="stmt"/>
      <line num="169" count="81" type="cond" truecount="4" falsecount="0"/>
      <line num="170" count="1" type="stmt"/>
      <line num="177" count="80" type="cond" truecount="4" falsecount="0"/>
      <line num="178" count="1" type="stmt"/>
      <line num="185" count="79" type="cond" truecount="4" falsecount="0"/>
      <line num="186" count="1" type="stmt"/>
      <line num="194" count="78" type="cond" truecount="2" falsecount="0"/>
      <line num="196" count="85" type="cond" truecount="2" falsecount="0"/>
      <line num="202" count="1" type="stmt"/>
      <line num="209" count="77" type="stmt"/>
      <line num="217" count="77" type="stmt"/>
      <line num="220" count="77" type="cond" truecount="4" falsecount="0"/>
      <line num="221" count="18" type="cond" truecount="2" falsecount="0"/>
      <line num="224" count="18" type="stmt"/>
      <line num="225" count="18" type="cond" truecount="2" falsecount="0"/>
      <line num="226" count="14" type="stmt"/>
      <line num="227" count="14" type="stmt"/>
      <line num="228" count="14" type="stmt"/>
      <line num="235" count="18" type="stmt"/>
      <line num="239" count="18" type="stmt"/>
      <line num="256" count="59" type="cond" truecount="2" falsecount="0"/>
      <line num="259" count="48" type="stmt"/>
      <line num="261" count="12" type="stmt"/>
      <line num="265" count="12" type="stmt"/>
      <line num="277" count="47" type="stmt"/>
      <line num="285" count="47" type="cond" truecount="1" falsecount="1"/>
      <line num="286" count="0" type="stmt"/>
      <line num="289" count="47" type="stmt"/>
      <line num="303" count="6" type="cond" truecount="2" falsecount="0"/>
      <line num="304" count="1" type="stmt"/>
      <line num="307" count="8" type="stmt"/>
      <line num="308" count="5" type="cond" truecount="2" falsecount="0"/>
      <line num="309" count="1" type="stmt"/>
      <line num="312" count="4" type="cond" truecount="2" falsecount="0"/>
      <line num="313" count="1" type="stmt"/>
      <line num="319" count="3" type="stmt"/>
      <line num="320" count="9" type="cond" truecount="2" falsecount="0"/>
      <line num="325" count="3" type="stmt"/>
      <line num="338" count="11" type="cond" truecount="2" falsecount="0"/>
      <line num="339" count="1" type="stmt"/>
      <line num="342" count="10" type="stmt"/>
      <line num="343" count="22" type="stmt"/>
      <line num="345" count="10" type="cond" truecount="2" falsecount="0"/>
      <line num="346" count="1" type="stmt"/>
      <line num="349" count="9" type="stmt"/>
      <line num="350" count="32" type="cond" truecount="2" falsecount="0"/>
      <line num="354" count="9" type="cond" truecount="2" falsecount="0"/>
      <line num="357" count="12" type="cond" truecount="1" falsecount="1"/>
      <line num="358" count="12" type="stmt"/>
      <line num="359" count="0" type="cond" truecount="0" falsecount="2"/>
      <line num="360" count="0" type="cond" truecount="0" falsecount="2"/>
      <line num="362" count="0" type="cond" truecount="0" falsecount="2"/>
      <line num="369" count="11" type="cond" truecount="2" falsecount="0"/>
      <line num="373" count="11" type="stmt"/>
      <line num="392" count="13" type="cond" truecount="2" falsecount="0"/>
      <line num="393" count="12" type="stmt"/>
      <line num="405" count="13" type="cond" truecount="2" falsecount="0"/>
      <line num="407" count="13" type="cond" truecount="2" falsecount="0"/>
      <line num="408" count="3" type="stmt"/>
      <line num="413" count="10" type="stmt"/>
      <line num="415" count="10" type="stmt"/>
      <line num="417" count="10" type="stmt"/>
      <line num="418" count="29" type="stmt"/>
      <line num="425" count="29" type="cond" truecount="2" falsecount="0"/>
      <line num="426" count="3" type="stmt"/>
      <line num="430" count="10" type="stmt"/>
      <line num="441" count="36" type="cond" truecount="1" falsecount="1"/>
      <line num="442" count="0" type="stmt"/>
      <line num="445" count="36" type="cond" truecount="2" falsecount="0"/>
      <line num="446" count="1" type="stmt"/>
      <line num="449" count="81" type="stmt"/>
      <line num="450" count="35" type="cond" truecount="2" falsecount="0"/>
      <line num="451" count="1" type="stmt"/>
      <line num="455" count="34" type="stmt"/>
      <line num="456" count="34" type="cond" truecount="2" falsecount="0"/>
      <line num="457" count="1" type="stmt"/>
      <line num="464" count="33" type="stmt"/>
      <line num="465" count="42" type="cond" truecount="2" falsecount="0"/>
      <line num="467" count="33" type="cond" truecount="2" falsecount="0"/>
      <line num="468" count="2" type="stmt"/>
      <line num="473" count="31" type="cond" truecount="2" falsecount="0"/>
      <line num="476" count="36" type="cond" truecount="4" falsecount="0"/>
      <line num="477" count="20" type="stmt"/>
      <line num="478" count="20" type="stmt"/>
      <line num="479" count="21" type="stmt"/>
      <line num="482" count="20" type="cond" truecount="4" falsecount="0"/>
      <line num="483" count="1" type="stmt"/>
      <line num="487" count="30" type="stmt"/>
      <line num="495" count="69" type="stmt"/>
      <line num="498" count="69" type="cond" truecount="2" falsecount="0"/>
      <line num="499" count="24" type="stmt"/>
      <line num="504" count="45" type="cond" truecount="2" falsecount="0"/>
      <line num="505" count="4" type="stmt"/>
      <line num="506" count="6" type="stmt"/>
      <line num="508" count="4" type="cond" truecount="1" falsecount="1"/>
      <line num="509" count="4" type="stmt"/>
      <line num="511" count="14" type="cond" truecount="2" falsecount="0"/>
      <line num="513" count="4" type="stmt"/>
      <line num="518" count="45" type="stmt"/>
      <line num="519" count="45" type="stmt"/>
      <line num="520" count="45" type="stmt"/>
      <line num="521" count="180" type="stmt"/>
      <line num="523" count="180" type="cond" truecount="4" falsecount="0"/>
      <line num="524" count="176" type="stmt"/>
      <line num="529" count="45" type="stmt"/>
      <line num="542" count="29" type="stmt"/>
      <line num="543" count="29" type="cond" truecount="2" falsecount="0"/>
      <line num="544" count="1" type="stmt"/>
      <line num="548" count="68" type="stmt"/>
      <line num="549" count="28" type="stmt"/>
      <line num="550" count="28" type="stmt"/>
      <line num="556" count="28" type="stmt"/>
      <line num="562" count="28" type="stmt"/>
      <line num="568" count="28" type="stmt"/>
      <line num="569" count="28" type="stmt"/>
      <line num="570" count="28" type="stmt"/>
      <line num="572" count="28" type="cond" truecount="1" falsecount="1"/>
      <line num="574" count="29" type="cond" truecount="2" falsecount="0"/>
      <line num="576" count="6" type="stmt"/>
      <line num="581" count="6" type="stmt"/>
      <line num="584" count="6" type="stmt"/>
      <line num="587" count="6" type="stmt"/>
      <line num="594" count="6" type="cond" truecount="2" falsecount="0"/>
      <line num="595" count="1" type="stmt"/>
      <line num="599" count="28" type="stmt"/>
      <line num="622" count="11" type="cond" truecount="2" falsecount="0"/>
      <line num="623" count="2" type="stmt"/>
      <line num="627" count="9" type="stmt"/>
      <line num="628" count="17" type="stmt"/>
      <line num="630" count="9" type="cond" truecount="2" falsecount="0"/>
      <line num="631" count="2" type="stmt"/>
      <line num="634" count="7" type="stmt"/>
      <line num="635" count="7" type="cond" truecount="2" falsecount="0"/>
      <line num="638" count="11" type="stmt"/>
      <line num="639" count="71" type="stmt"/>
      <line num="640" count="35" type="stmt"/>
      <line num="643" count="11" type="stmt"/>
      <line num="645" count="11" type="cond" truecount="2" falsecount="0"/>
      <line num="646" count="11" type="stmt"/>
      <line num="648" count="11" type="stmt"/>
      <line num="649" count="11" type="stmt"/>
      <line num="651" count="11" type="cond" truecount="2" falsecount="0"/>
      <line num="653" count="5" type="stmt"/>
      <line num="655" count="5" type="cond" truecount="2" falsecount="0"/>
      <line num="657" count="3" type="cond" truecount="2" falsecount="0"/>
      <line num="660" count="5" type="cond" truecount="2" falsecount="0"/>
      <line num="661" count="3" type="stmt"/>
      <line num="663" count="2" type="stmt"/>
      <line num="667" count="2" type="cond" truecount="1" falsecount="1"/>
      <line num="668" count="0" type="stmt"/>
      <line num="670" count="2" type="stmt"/>
      <line num="674" count="7" type="stmt"/>
      <line num="681" count="6" type="stmt"/>
      <line num="688" count="4" type="cond" truecount="2" falsecount="0"/>
      <line num="690" count="3" type="cond" truecount="2" falsecount="0"/>
      <line num="691" count="2" type="cond" truecount="2" falsecount="0"/>
      <line num="692" count="1" type="stmt"/>
      <line num="702" count="13" type="stmt"/>
      <line num="703" count="9" type="cond" truecount="2" falsecount="0"/>
      <line num="704" count="1" type="stmt"/>
      <line num="706" count="8" type="stmt"/>
      <line num="707" count="25" type="cond" truecount="2" falsecount="0"/>
      <line num="711" count="8" type="cond" truecount="2" falsecount="0"/>
      <line num="713" count="1" type="stmt"/>
      <line num="717" count="9" type="stmt"/>
      <line num="740" count="39" type="stmt"/>
      <line num="743" count="39" type="stmt"/>
    </file>
    <file name="utils.ts" path="/Users/eric/Development/euchre-reasoning-arena/lib/game/utils.ts">
      <metrics statements="14" coveredstatements="14" conditionals="0" coveredconditionals="0" methods="5" coveredmethods="5"/>
      <line num="8" count="310" type="stmt"/>
      <line num="14" count="310" type="stmt"/>
      <line num="22" count="450" type="stmt"/>
      <line num="23" count="450" type="stmt"/>
      <line num="30" count="58" type="stmt"/>
      <line num="31" count="58" type="stmt"/>
      <line num="38" count="12" type="stmt"/>
      <line num="39" count="12" type="stmt"/>
      <line num="48" count="10" type="stmt"/>
      <line num="49" count="10" type="stmt"/>
      <line num="50" count="10" type="stmt"/>
      <line num="51" count="40" type="stmt"/>
      <line num="52" count="40" type="stmt"/>
      <line num="54" count="10" type="stmt"/>
    </file>
  </project>
</coverage>
