{"/Users/eric/Development/euchre-reasoning-arena/lib/game/card.ts": {"path":"/Users/eric/Development/euchre-reasoning-arena/lib/game/card.ts","statementMap":{"0":{"start":{"line":3,"column":48},"end":{"line":10,"column":null}},"1":{"start":{"line":13,"column":25},"end":{"line":13,"column":null}},"2":{"start":{"line":14,"column":24},"end":{"line":14,"column":null}},"3":{"start":{"line":15,"column":26},"end":{"line":15,"column":null}},"4":{"start":{"line":17,"column":43},"end":{"line":22,"column":null}},"5":{"start":{"line":28,"column":2},"end":{"line":28,"column":null}},"6":{"start":{"line":35,"column":2},"end":{"line":35,"column":null}},"7":{"start":{"line":42,"column":2},"end":{"line":42,"column":null}},"8":{"start":{"line":49,"column":2},"end":{"line":51,"column":null}},"9":{"start":{"line":50,"column":4},"end":{"line":50,"column":null}},"10":{"start":{"line":52,"column":2},"end":{"line":52,"column":null}},"11":{"start":{"line":59,"column":2},"end":{"line":59,"column":null}},"12":{"start":{"line":59,"column":33},"end":{"line":59,"column":null}},"13":{"start":{"line":60,"column":2},"end":{"line":60,"column":null}},"14":{"start":{"line":60,"column":32},"end":{"line":60,"column":null}},"15":{"start":{"line":61,"column":2},"end":{"line":63,"column":null}},"16":{"start":{"line":62,"column":4},"end":{"line":62,"column":null}},"17":{"start":{"line":64,"column":2},"end":{"line":64,"column":null}},"18":{"start":{"line":77,"column":16},"end":{"line":77,"column":null}},"19":{"start":{"line":78,"column":16},"end":{"line":78,"column":null}},"20":{"start":{"line":81,"column":2},"end":{"line":81,"column":null}},"21":{"start":{"line":81,"column":42},"end":{"line":81,"column":null}},"22":{"start":{"line":82,"column":2},"end":{"line":82,"column":null}},"23":{"start":{"line":82,"column":42},"end":{"line":82,"column":null}},"24":{"start":{"line":85,"column":2},"end":{"line":87,"column":null}},"25":{"start":{"line":86,"column":4},"end":{"line":86,"column":null}},"26":{"start":{"line":90,"column":2},"end":{"line":92,"column":null}},"27":{"start":{"line":91,"column":4},"end":{"line":91,"column":null}},"28":{"start":{"line":95,"column":2},"end":{"line":95,"column":null}},"29":{"start":{"line":95,"column":48},"end":{"line":95,"column":null}},"30":{"start":{"line":96,"column":2},"end":{"line":96,"column":null}},"31":{"start":{"line":96,"column":48},"end":{"line":96,"column":null}},"32":{"start":{"line":99,"column":2},"end":{"line":99,"column":null}},"33":{"start":{"line":106,"column":19},"end":{"line":106,"column":null}},"34":{"start":{"line":107,"column":2},"end":{"line":107,"column":null}},"35":{"start":{"line":114,"column":24},"end":{"line":114,"column":null}},"36":{"start":{"line":115,"column":24},"end":{"line":115,"column":null}},"37":{"start":{"line":117,"column":23},"end":{"line":117,"column":null}},"38":{"start":{"line":118,"column":2},"end":{"line":122,"column":null}},"39":{"start":{"line":119,"column":4},"end":{"line":121,"column":null}},"40":{"start":{"line":120,"column":6},"end":{"line":120,"column":null}},"41":{"start":{"line":123,"column":2},"end":{"line":123,"column":null}},"42":{"start":{"line":130,"column":19},"end":{"line":130,"column":null}},"43":{"start":{"line":131,"column":2},"end":{"line":134,"column":null}},"44":{"start":{"line":131,"column":15},"end":{"line":131,"column":36}},"45":{"start":{"line":132,"column":14},"end":{"line":132,"column":null}},"46":{"start":{"line":133,"column":4},"end":{"line":133,"column":null}},"47":{"start":{"line":135,"column":2},"end":{"line":135,"column":null}},"48":{"start":{"line":142,"column":44},"end":{"line":147,"column":null}},"49":{"start":{"line":149,"column":44},"end":{"line":156,"column":null}},"50":{"start":{"line":158,"column":2},"end":{"line":158,"column":null}},"51":{"start":{"line":165,"column":2},"end":{"line":165,"column":null}},"52":{"start":{"line":172,"column":16},"end":{"line":174,"column":null}},"53":{"start":{"line":173,"column":11},"end":{"line":173,"column":null}},"54":{"start":{"line":176,"column":2},"end":{"line":178,"column":null}},"55":{"start":{"line":177,"column":4},"end":{"line":177,"column":null}},"56":{"start":{"line":180,"column":2},"end":{"line":180,"column":null}},"57":{"start":{"line":180,"column":31},"end":{"line":180,"column":42}},"58":{"start":{"line":187,"column":2},"end":{"line":187,"column":null}}},"fnMap":{"0":{"name":"isRightBower","decl":{"start":{"line":27,"column":16},"end":{"line":27,"column":29}},"loc":{"start":{"line":27,"column":63},"end":{"line":29,"column":null}},"line":27},"1":{"name":"isLeftBower","decl":{"start":{"line":34,"column":16},"end":{"line":34,"column":28}},"loc":{"start":{"line":34,"column":62},"end":{"line":36,"column":null}},"line":34},"2":{"name":"isBower","decl":{"start":{"line":41,"column":16},"end":{"line":41,"column":24}},"loc":{"start":{"line":41,"column":58},"end":{"line":43,"column":null}},"line":41},"3":{"name":"effectiveSuit","decl":{"start":{"line":48,"column":16},"end":{"line":48,"column":30}},"loc":{"start":{"line":48,"column":61},"end":{"line":53,"column":null}},"line":48},"4":{"name":"trumpRank","decl":{"start":{"line":58,"column":16},"end":{"line":58,"column":26}},"loc":{"start":{"line":58,"column":59},"end":{"line":65,"column":null}},"line":58},"5":{"name":"compareCards","decl":{"start":{"line":71,"column":16},"end":{"line":71,"column":null}},"loc":{"start":{"line":76,"column":10},"end":{"line":100,"column":null}},"line":76},"6":{"name":"followsSuit","decl":{"start":{"line":105,"column":16},"end":{"line":105,"column":28}},"loc":{"start":{"line":105,"column":78},"end":{"line":108,"column":null}},"line":105},"7":{"name":"createDeck","decl":{"start":{"line":113,"column":16},"end":{"line":113,"column":37}},"loc":{"start":{"line":113,"column":37},"end":{"line":124,"column":null}},"line":113},"8":{"name":"shuffleDeck","decl":{"start":{"line":129,"column":16},"end":{"line":129,"column":28}},"loc":{"start":{"line":129,"column":50},"end":{"line":136,"column":null}},"line":129},"9":{"name":"cardToString","decl":{"start":{"line":141,"column":16},"end":{"line":141,"column":29}},"loc":{"start":{"line":141,"column":49},"end":{"line":159,"column":null}},"line":141},"10":{"name":"cardsToString","decl":{"start":{"line":164,"column":16},"end":{"line":164,"column":30}},"loc":{"start":{"line":164,"column":53},"end":{"line":166,"column":null}},"line":164},"11":{"name":"removeCardFromHand","decl":{"start":{"line":171,"column":16},"end":{"line":171,"column":35}},"loc":{"start":{"line":171,"column":77},"end":{"line":181,"column":null}},"line":171},"12":{"name":"(anonymous_12)","decl":{"start":{"line":173,"column":4},"end":{"line":173,"column":5}},"loc":{"start":{"line":173,"column":11},"end":{"line":173,"column":null}},"line":173},"13":{"name":"(anonymous_13)","decl":{"start":{"line":180,"column":21},"end":{"line":180,"column":22}},"loc":{"start":{"line":180,"column":31},"end":{"line":180,"column":42}},"line":180},"14":{"name":"cardsEqual","decl":{"start":{"line":186,"column":16},"end":{"line":186,"column":27}},"loc":{"start":{"line":186,"column":62},"end":{"line":188,"column":null}},"line":186}},"branchMap":{"0":{"loc":{"start":{"line":28,"column":9},"end":{"line":28,"column":null}},"type":"binary-expr","locations":[{"start":{"line":28,"column":9},"end":{"line":28,"column":33}},{"start":{"line":28,"column":33},"end":{"line":28,"column":null}}],"line":28},"1":{"loc":{"start":{"line":35,"column":9},"end":{"line":35,"column":null}},"type":"binary-expr","locations":[{"start":{"line":35,"column":9},"end":{"line":35,"column":33}},{"start":{"line":35,"column":33},"end":{"line":35,"column":null}}],"line":35},"2":{"loc":{"start":{"line":42,"column":9},"end":{"line":42,"column":null}},"type":"binary-expr","locations":[{"start":{"line":42,"column":9},"end":{"line":42,"column":38}},{"start":{"line":42,"column":38},"end":{"line":42,"column":null}}],"line":42},"3":{"loc":{"start":{"line":49,"column":2},"end":{"line":51,"column":null}},"type":"if","locations":[{"start":{"line":49,"column":2},"end":{"line":51,"column":null}},{"start":{},"end":{}}],"line":49},"4":{"loc":{"start":{"line":49,"column":6},"end":{"line":49,"column":61}},"type":"binary-expr","locations":[{"start":{"line":49,"column":6},"end":{"line":49,"column":35}},{"start":{"line":49,"column":35},"end":{"line":49,"column":61}}],"line":49},"5":{"loc":{"start":{"line":59,"column":2},"end":{"line":59,"column":null}},"type":"if","locations":[{"start":{"line":59,"column":2},"end":{"line":59,"column":null}},{"start":{},"end":{}}],"line":59},"6":{"loc":{"start":{"line":60,"column":2},"end":{"line":60,"column":null}},"type":"if","locations":[{"start":{"line":60,"column":2},"end":{"line":60,"column":null}},{"start":{},"end":{}}],"line":60},"7":{"loc":{"start":{"line":61,"column":2},"end":{"line":63,"column":null}},"type":"if","locations":[{"start":{"line":61,"column":2},"end":{"line":63,"column":null}},{"start":{},"end":{}}],"line":61},"8":{"loc":{"start":{"line":81,"column":2},"end":{"line":81,"column":null}},"type":"if","locations":[{"start":{"line":81,"column":2},"end":{"line":81,"column":null}},{"start":{},"end":{}}],"line":81},"9":{"loc":{"start":{"line":81,"column":6},"end":{"line":81,"column":42}},"type":"binary-expr","locations":[{"start":{"line":81,"column":6},"end":{"line":81,"column":25}},{"start":{"line":81,"column":25},"end":{"line":81,"column":42}}],"line":81},"10":{"loc":{"start":{"line":82,"column":2},"end":{"line":82,"column":null}},"type":"if","locations":[{"start":{"line":82,"column":2},"end":{"line":82,"column":null}},{"start":{},"end":{}}],"line":82},"11":{"loc":{"start":{"line":82,"column":6},"end":{"line":82,"column":42}},"type":"binary-expr","locations":[{"start":{"line":82,"column":6},"end":{"line":82,"column":25}},{"start":{"line":82,"column":25},"end":{"line":82,"column":42}}],"line":82},"12":{"loc":{"start":{"line":85,"column":2},"end":{"line":87,"column":null}},"type":"if","locations":[{"start":{"line":85,"column":2},"end":{"line":87,"column":null}},{"start":{},"end":{}}],"line":85},"13":{"loc":{"start":{"line":85,"column":6},"end":{"line":85,"column":42}},"type":"binary-expr","locations":[{"start":{"line":85,"column":6},"end":{"line":85,"column":25}},{"start":{"line":85,"column":25},"end":{"line":85,"column":42}}],"line":85},"14":{"loc":{"start":{"line":90,"column":2},"end":{"line":92,"column":null}},"type":"if","locations":[{"start":{"line":90,"column":2},"end":{"line":92,"column":null}},{"start":{},"end":{}}],"line":90},"15":{"loc":{"start":{"line":95,"column":2},"end":{"line":95,"column":null}},"type":"if","locations":[{"start":{"line":95,"column":2},"end":{"line":95,"column":null}},{"start":{},"end":{}}],"line":95},"16":{"loc":{"start":{"line":95,"column":6},"end":{"line":95,"column":48}},"type":"binary-expr","locations":[{"start":{"line":95,"column":6},"end":{"line":95,"column":28}},{"start":{"line":95,"column":28},"end":{"line":95,"column":48}}],"line":95},"17":{"loc":{"start":{"line":96,"column":2},"end":{"line":96,"column":null}},"type":"if","locations":[{"start":{"line":96,"column":2},"end":{"line":96,"column":null}},{"start":{},"end":{}}],"line":96},"18":{"loc":{"start":{"line":96,"column":6},"end":{"line":96,"column":48}},"type":"binary-expr","locations":[{"start":{"line":96,"column":6},"end":{"line":96,"column":28}},{"start":{"line":96,"column":28},"end":{"line":96,"column":48}}],"line":96},"19":{"loc":{"start":{"line":173,"column":11},"end":{"line":173,"column":null}},"type":"binary-expr","locations":[{"start":{"line":173,"column":11},"end":{"line":173,"column":43}},{"start":{"line":173,"column":43},"end":{"line":173,"column":null}}],"line":173},"20":{"loc":{"start":{"line":176,"column":2},"end":{"line":178,"column":null}},"type":"if","locations":[{"start":{"line":176,"column":2},"end":{"line":178,"column":null}},{"start":{},"end":{}}],"line":176},"21":{"loc":{"start":{"line":187,"column":9},"end":{"line":187,"column":null}},"type":"binary-expr","locations":[{"start":{"line":187,"column":9},"end":{"line":187,"column":38}},{"start":{"line":187,"column":38},"end":{"line":187,"column":null}}],"line":187}},"s":{"0":3,"1":3,"2":3,"3":3,"4":3,"5":304,"6":294,"7":3,"8":234,"9":13,"10":221,"11":65,"12":5,"13":60,"14":4,"15":56,"16":7,"17":49,"18":39,"19":39,"20":39,"21":3,"22":36,"23":3,"24":33,"25":6,"26":27,"27":1,"28":26,"29":1,"30":25,"31":2,"32":23,"33":22,"34":22,"35":108,"36":108,"37":108,"38":108,"39":432,"40":2592,"41":108,"42":107,"43":107,"44":107,"45":2461,"46":2461,"47":107,"48":113,"49":113,"50":113,"51":1,"52":34,"53":40,"54":34,"55":2,"56":32,"57":117,"58":3},"f":{"0":304,"1":294,"2":3,"3":234,"4":65,"5":39,"6":22,"7":108,"8":107,"9":113,"10":1,"11":34,"12":40,"13":117,"14":3},"b":{"0":[304,57],"1":[294,47],"2":[3,2],"3":[13,221],"4":[234,227],"5":[5,60],"6":[4,56],"7":[7,49],"8":[3,36],"9":[39,9],"10":[3,33],"11":[36,30],"12":[6,27],"13":[33,6],"14":[1,26],"15":[1,25],"16":[26,24],"17":[2,23],"18":[25,2],"19":[40,32],"20":[2,32],"21":[3,2]},"meta":{"lastBranch":22,"lastFunction":15,"lastStatement":59,"seen":{"s:3:48:10:Infinity":0,"s:13:25:13:Infinity":1,"s:14:24:14:Infinity":2,"s:15:26:15:Infinity":3,"s:17:43:22:Infinity":4,"f:27:16:27:29":0,"s:28:2:28:Infinity":5,"b:28:9:28:33:28:33:28:Infinity":0,"f:34:16:34:28":1,"s:35:2:35:Infinity":6,"b:35:9:35:33:35:33:35:Infinity":1,"f:41:16:41:24":2,"s:42:2:42:Infinity":7,"b:42:9:42:38:42:38:42:Infinity":2,"f:48:16:48:30":3,"b:49:2:51:Infinity:undefined:undefined:undefined:undefined":3,"s:49:2:51:Infinity":8,"b:49:6:49:35:49:35:49:61":4,"s:50:4:50:Infinity":9,"s:52:2:52:Infinity":10,"f:58:16:58:26":4,"b:59:2:59:Infinity:undefined:undefined:undefined:undefined":5,"s:59:2:59:Infinity":11,"s:59:33:59:Infinity":12,"b:60:2:60:Infinity:undefined:undefined:undefined:undefined":6,"s:60:2:60:Infinity":13,"s:60:32:60:Infinity":14,"b:61:2:63:Infinity:undefined:undefined:undefined:undefined":7,"s:61:2:63:Infinity":15,"s:62:4:62:Infinity":16,"s:64:2:64:Infinity":17,"f:71:16:71:Infinity":5,"s:77:16:77:Infinity":18,"s:78:16:78:Infinity":19,"b:81:2:81:Infinity:undefined:undefined:undefined:undefined":8,"s:81:2:81:Infinity":20,"b:81:6:81:25:81:25:81:42":9,"s:81:42:81:Infinity":21,"b:82:2:82:Infinity:undefined:undefined:undefined:undefined":10,"s:82:2:82:Infinity":22,"b:82:6:82:25:82:25:82:42":11,"s:82:42:82:Infinity":23,"b:85:2:87:Infinity:undefined:undefined:undefined:undefined":12,"s:85:2:87:Infinity":24,"b:85:6:85:25:85:25:85:42":13,"s:86:4:86:Infinity":25,"b:90:2:92:Infinity:undefined:undefined:undefined:undefined":14,"s:90:2:92:Infinity":26,"s:91:4:91:Infinity":27,"b:95:2:95:Infinity:undefined:undefined:undefined:undefined":15,"s:95:2:95:Infinity":28,"b:95:6:95:28:95:28:95:48":16,"s:95:48:95:Infinity":29,"b:96:2:96:Infinity:undefined:undefined:undefined:undefined":17,"s:96:2:96:Infinity":30,"b:96:6:96:28:96:28:96:48":18,"s:96:48:96:Infinity":31,"s:99:2:99:Infinity":32,"f:105:16:105:28":6,"s:106:19:106:Infinity":33,"s:107:2:107:Infinity":34,"f:113:16:113:37":7,"s:114:24:114:Infinity":35,"s:115:24:115:Infinity":36,"s:117:23:117:Infinity":37,"s:118:2:122:Infinity":38,"s:119:4:121:Infinity":39,"s:120:6:120:Infinity":40,"s:123:2:123:Infinity":41,"f:129:16:129:28":8,"s:130:19:130:Infinity":42,"s:131:2:134:Infinity":43,"s:131:15:131:36":44,"s:132:14:132:Infinity":45,"s:133:4:133:Infinity":46,"s:135:2:135:Infinity":47,"f:141:16:141:29":9,"s:142:44:147:Infinity":48,"s:149:44:156:Infinity":49,"s:158:2:158:Infinity":50,"f:164:16:164:30":10,"s:165:2:165:Infinity":51,"f:171:16:171:35":11,"s:172:16:174:Infinity":52,"f:173:4:173:5":12,"s:173:11:173:Infinity":53,"b:173:11:173:43:173:43:173:Infinity":19,"b:176:2:178:Infinity:undefined:undefined:undefined:undefined":20,"s:176:2:178:Infinity":54,"s:177:4:177:Infinity":55,"s:180:2:180:Infinity":56,"f:180:21:180:22":13,"s:180:31:180:42":57,"f:186:16:186:27":14,"s:187:2:187:Infinity":58,"b:187:9:187:38:187:38:187:Infinity":21}}}
,"/Users/eric/Development/euchre-reasoning-arena/lib/game/errors.ts": {"path":"/Users/eric/Development/euchre-reasoning-arena/lib/game/errors.ts","statementMap":{"0":{"start":{"line":11,"column":4},"end":{"line":11,"column":null}},"1":{"start":{"line":9,"column":20},"end":{"line":9,"column":null}},"2":{"start":{"line":12,"column":4},"end":{"line":12,"column":null}},"3":{"start":{"line":25,"column":4},"end":{"line":25,"column":null}},"4":{"start":{"line":22,"column":20},"end":{"line":22,"column":null}},"5":{"start":{"line":23,"column":20},"end":{"line":23,"column":null}},"6":{"start":{"line":26,"column":4},"end":{"line":26,"column":null}},"7":{"start":{"line":35,"column":4},"end":{"line":35,"column":null}},"8":{"start":{"line":36,"column":4},"end":{"line":36,"column":null}},"9":{"start":{"line":49,"column":4},"end":{"line":49,"column":null}},"10":{"start":{"line":46,"column":20},"end":{"line":46,"column":null}},"11":{"start":{"line":47,"column":20},"end":{"line":47,"column":null}},"12":{"start":{"line":50,"column":4},"end":{"line":50,"column":null}}},"fnMap":{"0":{"name":"(anonymous_0)","decl":{"start":{"line":7,"column":2},"end":{"line":7,"column":null}},"loc":{"start":{"line":10,"column":4},"end":{"line":13,"column":null}},"line":10},"1":{"name":"(anonymous_1)","decl":{"start":{"line":20,"column":2},"end":{"line":20,"column":null}},"loc":{"start":{"line":24,"column":4},"end":{"line":27,"column":null}},"line":24},"2":{"name":"(anonymous_2)","decl":{"start":{"line":34,"column":2},"end":{"line":34,"column":14}},"loc":{"start":{"line":34,"column":31},"end":{"line":37,"column":null}},"line":34},"3":{"name":"(anonymous_3)","decl":{"start":{"line":44,"column":2},"end":{"line":44,"column":null}},"loc":{"start":{"line":48,"column":4},"end":{"line":51,"column":null}},"line":48}},"branchMap":{},"s":{"0":25,"1":25,"2":25,"3":2,"4":2,"5":2,"6":2,"7":16,"8":16,"9":6,"10":6,"11":6,"12":6},"f":{"0":25,"1":2,"2":16,"3":6},"b":{},"meta":{"lastBranch":0,"lastFunction":4,"lastStatement":13,"seen":{"f:7:2:7:Infinity":0,"s:11:4:11:Infinity":0,"s:9:20:9:Infinity":1,"s:12:4:12:Infinity":2,"f:20:2:20:Infinity":1,"s:25:4:25:Infinity":3,"s:22:20:22:Infinity":4,"s:23:20:23:Infinity":5,"s:26:4:26:Infinity":6,"f:34:2:34:14":2,"s:35:4:35:Infinity":7,"s:36:4:36:Infinity":8,"f:44:2:44:Infinity":3,"s:49:4:49:Infinity":9,"s:46:20:46:Infinity":10,"s:47:20:47:Infinity":11,"s:50:4:50:Infinity":12}}}
,"/Users/eric/Development/euchre-reasoning-arena/lib/game/game.ts": {"path":"/Users/eric/Development/euchre-reasoning-arena/lib/game/game.ts","statementMap":{"0":{"start":{"line":29,"column":25},"end":{"line":29,"column":null}},"1":{"start":{"line":30,"column":23},"end":{"line":30,"column":null}},"2":{"start":{"line":31,"column":23},"end":{"line":31,"column":null}},"3":{"start":{"line":32,"column":24},"end":{"line":32,"column":null}},"4":{"start":{"line":33,"column":19},"end":{"line":33,"column":null}},"5":{"start":{"line":42,"column":8},"end":{"line":42,"column":null}},"6":{"start":{"line":44,"column":32},"end":{"line":44,"column":null}},"7":{"start":{"line":45,"column":28},"end":{"line":50,"column":null}},"8":{"start":{"line":45,"column":64},"end":{"line":50,"column":4}},"9":{"start":{"line":53,"column":23},"end":{"line":53,"column":null}},"10":{"start":{"line":56,"column":8},"end":{"line":56,"column":null}},"11":{"start":{"line":57,"column":8},"end":{"line":57,"column":null}},"12":{"start":{"line":60,"column":16},"end":{"line":63,"column":null}},"13":{"start":{"line":65,"column":2},"end":{"line":86,"column":null}},"14":{"start":{"line":93,"column":2},"end":{"line":96,"column":null}},"15":{"start":{"line":103,"column":2},"end":{"line":103,"column":null}},"16":{"start":{"line":103,"column":28},"end":{"line":103,"column":null}},"17":{"start":{"line":105,"column":41},"end":{"line":105,"column":null}},"18":{"start":{"line":109,"column":4},"end":{"line":116,"column":null}},"19":{"start":{"line":110,"column":27},"end":{"line":110,"column":73}},"20":{"start":{"line":114,"column":14},"end":{"line":114,"column":null}},"21":{"start":{"line":119,"column":21},"end":{"line":119,"column":null}},"22":{"start":{"line":120,"column":22},"end":{"line":120,"column":null}},"23":{"start":{"line":122,"column":2},"end":{"line":124,"column":null}},"24":{"start":{"line":123,"column":4},"end":{"line":123,"column":null}},"25":{"start":{"line":127,"column":8},"end":{"line":127,"column":null}},"26":{"start":{"line":128,"column":2},"end":{"line":128,"column":null}},"27":{"start":{"line":142,"column":2},"end":{"line":144,"column":null}},"28":{"start":{"line":143,"column":4},"end":{"line":143,"column":null}},"29":{"start":{"line":146,"column":2},"end":{"line":148,"column":null}},"30":{"start":{"line":147,"column":4},"end":{"line":147,"column":null}},"31":{"start":{"line":150,"column":2},"end":{"line":156,"column":null}},"32":{"start":{"line":151,"column":4},"end":{"line":155,"column":null}},"33":{"start":{"line":159,"column":48},"end":{"line":159,"column":null}},"34":{"start":{"line":161,"column":2},"end":{"line":167,"column":null}},"35":{"start":{"line":162,"column":4},"end":{"line":166,"column":null}},"36":{"start":{"line":169,"column":2},"end":{"line":175,"column":null}},"37":{"start":{"line":170,"column":4},"end":{"line":174,"column":null}},"38":{"start":{"line":177,"column":2},"end":{"line":183,"column":null}},"39":{"start":{"line":178,"column":4},"end":{"line":182,"column":null}},"40":{"start":{"line":185,"column":2},"end":{"line":191,"column":null}},"41":{"start":{"line":186,"column":4},"end":{"line":190,"column":null}},"42":{"start":{"line":194,"column":21},"end":{"line":194,"column":null}},"43":{"start":{"line":196,"column":2},"end":{"line":207,"column":null}},"44":{"start":{"line":202,"column":4},"end":{"line":206,"column":null}},"45":{"start":{"line":209,"column":24},"end":{"line":215,"column":null}},"46":{"start":{"line":217,"column":22},"end":{"line":217,"column":null}},"47":{"start":{"line":220,"column":2},"end":{"line":253,"column":null}},"48":{"start":{"line":221,"column":22},"end":{"line":221,"column":null}},"49":{"start":{"line":224,"column":25},"end":{"line":224,"column":null}},"50":{"start":{"line":225,"column":4},"end":{"line":232,"column":null}},"51":{"start":{"line":226,"column":26},"end":{"line":226,"column":null}},"52":{"start":{"line":226,"column":56},"end":{"line":226,"column":77}},"53":{"start":{"line":227,"column":6},"end":{"line":227,"column":null}},"54":{"start":{"line":228,"column":6},"end":{"line":231,"column":null}},"55":{"start":{"line":235,"column":10},"end":{"line":237,"column":null}},"56":{"start":{"line":239,"column":4},"end":{"line":252,"column":null}},"57":{"start":{"line":256,"column":2},"end":{"line":274,"column":null}},"58":{"start":{"line":259,"column":29},"end":{"line":259,"column":48}},"59":{"start":{"line":261,"column":10},"end":{"line":263,"column":null}},"60":{"start":{"line":265,"column":4},"end":{"line":273,"column":null}},"61":{"start":{"line":277,"column":21},"end":{"line":283,"column":null}},"62":{"start":{"line":285,"column":2},"end":{"line":287,"column":null}},"63":{"start":{"line":286,"column":4},"end":{"line":286,"column":null}},"64":{"start":{"line":289,"column":2},"end":{"line":296,"column":null}},"65":{"start":{"line":303,"column":2},"end":{"line":305,"column":null}},"66":{"start":{"line":304,"column":4},"end":{"line":304,"column":null}},"67":{"start":{"line":307,"column":20},"end":{"line":307,"column":null}},"68":{"start":{"line":307,"column":45},"end":{"line":307,"column":71}},"69":{"start":{"line":308,"column":2},"end":{"line":310,"column":null}},"70":{"start":{"line":309,"column":4},"end":{"line":309,"column":null}},"71":{"start":{"line":312,"column":2},"end":{"line":316,"column":null}},"72":{"start":{"line":313,"column":4},"end":{"line":315,"column":null}},"73":{"start":{"line":319,"column":25},"end":{"line":323,"column":null}},"74":{"start":{"line":320,"column":4},"end":{"line":322,"column":null}},"75":{"start":{"line":325,"column":2},"end":{"line":328,"column":null}},"76":{"start":{"line":338,"column":2},"end":{"line":340,"column":null}},"77":{"start":{"line":339,"column":4},"end":{"line":339,"column":null}},"78":{"start":{"line":342,"column":48},"end":{"line":342,"column":null}},"79":{"start":{"line":343,"column":17},"end":{"line":343,"column":null}},"80":{"start":{"line":343,"column":42},"end":{"line":343,"column":71}},"81":{"start":{"line":345,"column":2},"end":{"line":347,"column":null}},"82":{"start":{"line":346,"column":4},"end":{"line":346,"column":null}},"83":{"start":{"line":349,"column":18},"end":{"line":351,"column":null}},"84":{"start":{"line":350,"column":11},"end":{"line":350,"column":null}},"85":{"start":{"line":354,"column":4},"end":{"line":366,"column":null}},"86":{"start":{"line":357,"column":12},"end":{"line":363,"column":null}},"87":{"start":{"line":358,"column":14},"end":{"line":358,"column":null}},"88":{"start":{"line":359,"column":12},"end":{"line":363,"column":null}},"89":{"start":{"line":360,"column":14},"end":{"line":360,"column":null}},"90":{"start":{"line":362,"column":14},"end":{"line":362,"column":null}},"91":{"start":{"line":369,"column":4},"end":{"line":371,"column":null}},"92":{"start":{"line":373,"column":2},"end":{"line":385,"column":null}},"93":{"start":{"line":392,"column":2},"end":{"line":392,"column":null}},"94":{"start":{"line":392,"column":32},"end":{"line":392,"column":null}},"95":{"start":{"line":393,"column":2},"end":{"line":393,"column":null}},"96":{"start":{"line":405,"column":24},"end":{"line":405,"column":null}},"97":{"start":{"line":407,"column":2},"end":{"line":411,"column":null}},"98":{"start":{"line":408,"column":4},"end":{"line":410,"column":null}},"99":{"start":{"line":413,"column":19},"end":{"line":413,"column":null}},"100":{"start":{"line":415,"column":20},"end":{"line":415,"column":null}},"101":{"start":{"line":417,"column":2},"end":{"line":428,"column":null}},"102":{"start":{"line":417,"column":15},"end":{"line":417,"column":18}},"103":{"start":{"line":418,"column":10},"end":{"line":423,"column":null}},"104":{"start":{"line":425,"column":4},"end":{"line":427,"column":null}},"105":{"start":{"line":426,"column":6},"end":{"line":426,"column":null}},"106":{"start":{"line":430,"column":2},"end":{"line":430,"column":null}},"107":{"start":{"line":441,"column":2},"end":{"line":443,"column":null}},"108":{"start":{"line":442,"column":4},"end":{"line":442,"column":null}},"109":{"start":{"line":445,"column":2},"end":{"line":447,"column":null}},"110":{"start":{"line":446,"column":4},"end":{"line":446,"column":null}},"111":{"start":{"line":449,"column":20},"end":{"line":449,"column":null}},"112":{"start":{"line":449,"column":45},"end":{"line":449,"column":66}},"113":{"start":{"line":450,"column":2},"end":{"line":452,"column":null}},"114":{"start":{"line":451,"column":4},"end":{"line":451,"column":null}},"115":{"start":{"line":455,"column":25},"end":{"line":455,"column":null}},"116":{"start":{"line":456,"column":2},"end":{"line":461,"column":null}},"117":{"start":{"line":457,"column":4},"end":{"line":460,"column":null}},"118":{"start":{"line":464,"column":18},"end":{"line":466,"column":null}},"119":{"start":{"line":465,"column":11},"end":{"line":465,"column":null}},"120":{"start":{"line":467,"column":2},"end":{"line":469,"column":null}},"121":{"start":{"line":468,"column":4},"end":{"line":468,"column":null}},"122":{"start":{"line":473,"column":4},"end":{"line":473,"column":null}},"123":{"start":{"line":476,"column":2},"end":{"line":485,"column":null}},"124":{"start":{"line":477,"column":10},"end":{"line":477,"column":null}},"125":{"start":{"line":478,"column":22},"end":{"line":480,"column":null}},"126":{"start":{"line":479,"column":7},"end":{"line":479,"column":null}},"127":{"start":{"line":482,"column":4},"end":{"line":484,"column":null}},"128":{"start":{"line":483,"column":6},"end":{"line":483,"column":null}},"129":{"start":{"line":487,"column":2},"end":{"line":487,"column":null}},"130":{"start":{"line":495,"column":16},"end":{"line":495,"column":null}},"131":{"start":{"line":498,"column":2},"end":{"line":500,"column":null}},"132":{"start":{"line":499,"column":4},"end":{"line":499,"column":null}},"133":{"start":{"line":504,"column":2},"end":{"line":515,"column":null}},"134":{"start":{"line":505,"column":29},"end":{"line":507,"column":null}},"135":{"start":{"line":506,"column":13},"end":{"line":506,"column":null}},"136":{"start":{"line":508,"column":4},"end":{"line":514,"column":null}},"137":{"start":{"line":509,"column":22},"end":{"line":512,"column":null}},"138":{"start":{"line":511,"column":10},"end":{"line":511,"column":null}},"139":{"start":{"line":513,"column":6},"end":{"line":513,"column":null}},"140":{"start":{"line":518,"column":8},"end":{"line":518,"column":null}},"141":{"start":{"line":519,"column":33},"end":{"line":519,"column":null}},"142":{"start":{"line":520,"column":2},"end":{"line":526,"column":null}},"143":{"start":{"line":520,"column":15},"end":{"line":520,"column":18}},"144":{"start":{"line":521,"column":10},"end":{"line":521,"column":null}},"145":{"start":{"line":523,"column":4},"end":{"line":525,"column":null}},"146":{"start":{"line":524,"column":6},"end":{"line":524,"column":null}},"147":{"start":{"line":529,"column":2},"end":{"line":529,"column":null}},"148":{"start":{"line":542,"column":21},"end":{"line":542,"column":null}},"149":{"start":{"line":543,"column":2},"end":{"line":545,"column":null}},"150":{"start":{"line":544,"column":4},"end":{"line":544,"column":null}},"151":{"start":{"line":548,"column":22},"end":{"line":548,"column":null}},"152":{"start":{"line":548,"column":52},"end":{"line":548,"column":73}},"153":{"start":{"line":549,"column":25},"end":{"line":549,"column":null}},"154":{"start":{"line":550,"column":2},"end":{"line":553,"column":null}},"155":{"start":{"line":556,"column":29},"end":{"line":560,"column":null}},"156":{"start":{"line":562,"column":30},"end":{"line":565,"column":null}},"157":{"start":{"line":568,"column":24},"end":{"line":568,"column":null}},"158":{"start":{"line":569,"column":21},"end":{"line":569,"column":null}},"159":{"start":{"line":570,"column":15},"end":{"line":570,"column":null}},"160":{"start":{"line":572,"column":24},"end":{"line":572,"column":null}},"161":{"start":{"line":574,"column":2},"end":{"line":597,"column":null}},"162":{"start":{"line":576,"column":19},"end":{"line":580,"column":null}},"163":{"start":{"line":581,"column":4},"end":{"line":581,"column":null}},"164":{"start":{"line":584,"column":4},"end":{"line":584,"column":null}},"165":{"start":{"line":587,"column":4},"end":{"line":591,"column":null}},"166":{"start":{"line":594,"column":4},"end":{"line":596,"column":null}},"167":{"start":{"line":595,"column":6},"end":{"line":595,"column":null}},"168":{"start":{"line":599,"column":2},"end":{"line":605,"column":null}},"169":{"start":{"line":622,"column":2},"end":{"line":624,"column":null}},"170":{"start":{"line":623,"column":4},"end":{"line":623,"column":null}},"171":{"start":{"line":627,"column":28},"end":{"line":629,"column":null}},"172":{"start":{"line":628,"column":11},"end":{"line":628,"column":null}},"173":{"start":{"line":630,"column":2},"end":{"line":632,"column":null}},"174":{"start":{"line":631,"column":4},"end":{"line":631,"column":null}},"175":{"start":{"line":634,"column":21},"end":{"line":634,"column":null}},"176":{"start":{"line":635,"column":25},"end":{"line":635,"column":null}},"177":{"start":{"line":638,"column":22},"end":{"line":641,"column":null}},"178":{"start":{"line":639,"column":19},"end":{"line":639,"column":null}},"179":{"start":{"line":639,"column":44},"end":{"line":639,"column":71}},"180":{"start":{"line":640,"column":4},"end":{"line":640,"column":null}},"181":{"start":{"line":643,"column":22},"end":{"line":643,"column":null}},"182":{"start":{"line":645,"column":23},"end":{"line":645,"column":null}},"183":{"start":{"line":646,"column":23},"end":{"line":646,"column":null}},"184":{"start":{"line":648,"column":19},"end":{"line":648,"column":null}},"185":{"start":{"line":649,"column":19},"end":{"line":649,"column":null}},"186":{"start":{"line":651,"column":2},"end":{"line":672,"column":null}},"187":{"start":{"line":653,"column":17},"end":{"line":653,"column":null}},"188":{"start":{"line":655,"column":4},"end":{"line":658,"column":null}},"189":{"start":{"line":657,"column":6},"end":{"line":657,"column":null}},"190":{"start":{"line":660,"column":4},"end":{"line":664,"column":null}},"191":{"start":{"line":661,"column":6},"end":{"line":661,"column":null}},"192":{"start":{"line":663,"column":6},"end":{"line":663,"column":null}},"193":{"start":{"line":667,"column":4},"end":{"line":671,"column":null}},"194":{"start":{"line":668,"column":6},"end":{"line":668,"column":null}},"195":{"start":{"line":670,"column":6},"end":{"line":670,"column":null}},"196":{"start":{"line":674,"column":2},"end":{"line":674,"column":null}},"197":{"start":{"line":681,"column":2},"end":{"line":681,"column":null}},"198":{"start":{"line":688,"column":2},"end":{"line":688,"column":null}},"199":{"start":{"line":688,"column":29},"end":{"line":688,"column":null}},"200":{"start":{"line":690,"column":2},"end":{"line":690,"column":null}},"201":{"start":{"line":690,"column":39},"end":{"line":690,"column":null}},"202":{"start":{"line":691,"column":2},"end":{"line":691,"column":null}},"203":{"start":{"line":691,"column":39},"end":{"line":691,"column":null}},"204":{"start":{"line":692,"column":2},"end":{"line":692,"column":null}},"205":{"start":{"line":702,"column":17},"end":{"line":702,"column":null}},"206":{"start":{"line":702,"column":42},"end":{"line":702,"column":71}},"207":{"start":{"line":703,"column":2},"end":{"line":704,"column":null}},"208":{"start":{"line":704,"column":4},"end":{"line":704,"column":null}},"209":{"start":{"line":706,"column":18},"end":{"line":708,"column":null}},"210":{"start":{"line":707,"column":11},"end":{"line":707,"column":null}},"211":{"start":{"line":711,"column":4},"end":{"line":715,"column":null}},"212":{"start":{"line":713,"column":22},"end":{"line":713,"column":62}},"213":{"start":{"line":717,"column":2},"end":{"line":728,"column":null}},"214":{"start":{"line":740,"column":15},"end":{"line":740,"column":null}},"215":{"start":{"line":743,"column":2},"end":{"line":749,"column":null}}},"fnMap":{"0":{"name":"createNewGame","decl":{"start":{"line":38,"column":16},"end":{"line":38,"column":null}},"loc":{"start":{"line":41,"column":13},"end":{"line":87,"column":null}},"line":41},"1":{"name":"(anonymous_1)","decl":{"start":{"line":45,"column":42},"end":{"line":45,"column":43}},"loc":{"start":{"line":45,"column":64},"end":{"line":50,"column":4}},"line":45},"2":{"name":"setTrump","decl":{"start":{"line":92,"column":16},"end":{"line":92,"column":25}},"loc":{"start":{"line":92,"column":66},"end":{"line":97,"column":null}},"line":92},"3":{"name":"getNextBidder","decl":{"start":{"line":102,"column":16},"end":{"line":102,"column":30}},"loc":{"start":{"line":102,"column":64},"end":{"line":129,"column":null}},"line":102},"4":{"name":"(anonymous_4)","decl":{"start":{"line":110,"column":20},"end":{"line":110,"column":21}},"loc":{"start":{"line":110,"column":27},"end":{"line":110,"column":73}},"line":110},"5":{"name":"(anonymous_5)","decl":{"start":{"line":113,"column":12},"end":{"line":113,"column":13}},"loc":{"start":{"line":114,"column":14},"end":{"line":114,"column":null}},"line":114},"6":{"name":"makeTrumpBid","decl":{"start":{"line":134,"column":16},"end":{"line":134,"column":null}},"loc":{"start":{"line":141,"column":13},"end":{"line":297,"column":null}},"line":141},"7":{"name":"(anonymous_7)","decl":{"start":{"line":226,"column":49},"end":{"line":226,"column":50}},"loc":{"start":{"line":226,"column":56},"end":{"line":226,"column":77}},"line":226},"8":{"name":"(anonymous_8)","decl":{"start":{"line":259,"column":22},"end":{"line":259,"column":23}},"loc":{"start":{"line":259,"column":29},"end":{"line":259,"column":48}},"line":259},"9":{"name":"dealerDiscard","decl":{"start":{"line":302,"column":16},"end":{"line":302,"column":30}},"loc":{"start":{"line":302,"column":70},"end":{"line":329,"column":null}},"line":302},"10":{"name":"(anonymous_10)","decl":{"start":{"line":307,"column":38},"end":{"line":307,"column":39}},"loc":{"start":{"line":307,"column":45},"end":{"line":307,"column":71}},"line":307},"11":{"name":"(anonymous_11)","decl":{"start":{"line":319,"column":42},"end":{"line":319,"column":43}},"loc":{"start":{"line":320,"column":4},"end":{"line":322,"column":null}},"line":320},"12":{"name":"formatTrumpSelectionForAI","decl":{"start":{"line":334,"column":16},"end":{"line":334,"column":null}},"loc":{"start":{"line":337,"column":10},"end":{"line":386,"column":null}},"line":337},"13":{"name":"(anonymous_13)","decl":{"start":{"line":343,"column":35},"end":{"line":343,"column":36}},"loc":{"start":{"line":343,"column":42},"end":{"line":343,"column":71}},"line":343},"14":{"name":"(anonymous_14)","decl":{"start":{"line":350,"column":4},"end":{"line":350,"column":5}},"loc":{"start":{"line":350,"column":11},"end":{"line":350,"column":null}},"line":350},"15":{"name":"(anonymous_15)","decl":{"start":{"line":356,"column":15},"end":{"line":356,"column":16}},"loc":{"start":{"line":356,"column":22},"end":{"line":364,"column":11}},"line":356},"16":{"name":"getLeadSuit","decl":{"start":{"line":391,"column":16},"end":{"line":391,"column":28}},"loc":{"start":{"line":391,"column":68},"end":{"line":394,"column":null}},"line":391},"17":{"name":"determineTrickWinner","decl":{"start":{"line":400,"column":16},"end":{"line":400,"column":null}},"loc":{"start":{"line":404,"column":12},"end":{"line":431,"column":null}},"line":404},"18":{"name":"validatePlay","decl":{"start":{"line":436,"column":16},"end":{"line":436,"column":null}},"loc":{"start":{"line":440,"column":38},"end":{"line":488,"column":null}},"line":440},"19":{"name":"(anonymous_19)","decl":{"start":{"line":449,"column":38},"end":{"line":449,"column":39}},"loc":{"start":{"line":449,"column":45},"end":{"line":449,"column":66}},"line":449},"20":{"name":"(anonymous_20)","decl":{"start":{"line":465,"column":4},"end":{"line":465,"column":5}},"loc":{"start":{"line":465,"column":11},"end":{"line":465,"column":null}},"line":465},"21":{"name":"(anonymous_21)","decl":{"start":{"line":479,"column":6},"end":{"line":479,"column":7}},"loc":{"start":{"line":479,"column":7},"end":{"line":479,"column":null}},"line":479},"22":{"name":"getNextPlayer","decl":{"start":{"line":494,"column":16},"end":{"line":494,"column":30}},"loc":{"start":{"line":494,"column":57},"end":{"line":530,"column":null}},"line":494},"23":{"name":"(anonymous_23)","decl":{"start":{"line":506,"column":6},"end":{"line":506,"column":7}},"loc":{"start":{"line":506,"column":13},"end":{"line":506,"column":null}},"line":506},"24":{"name":"(anonymous_24)","decl":{"start":{"line":510,"column":8},"end":{"line":510,"column":9}},"loc":{"start":{"line":511,"column":10},"end":{"line":511,"column":null}},"line":511},"25":{"name":"playCard","decl":{"start":{"line":535,"column":16},"end":{"line":535,"column":null}},"loc":{"start":{"line":540,"column":13},"end":{"line":606,"column":null}},"line":540},"26":{"name":"(anonymous_26)","decl":{"start":{"line":548,"column":45},"end":{"line":548,"column":46}},"loc":{"start":{"line":548,"column":52},"end":{"line":548,"column":73}},"line":548},"27":{"name":"calculateScores","decl":{"start":{"line":618,"column":16},"end":{"line":618,"column":null}},"loc":{"start":{"line":621,"column":20},"end":{"line":675,"column":null}},"line":621},"28":{"name":"(anonymous_28)","decl":{"start":{"line":628,"column":4},"end":{"line":628,"column":5}},"loc":{"start":{"line":628,"column":11},"end":{"line":628,"column":null}},"line":628},"29":{"name":"(anonymous_29)","decl":{"start":{"line":638,"column":45},"end":{"line":638,"column":46}},"loc":{"start":{"line":638,"column":56},"end":{"line":641,"column":3}},"line":638},"30":{"name":"(anonymous_30)","decl":{"start":{"line":639,"column":37},"end":{"line":639,"column":38}},"loc":{"start":{"line":639,"column":44},"end":{"line":639,"column":71}},"line":639},"31":{"name":"isGameComplete","decl":{"start":{"line":680,"column":16},"end":{"line":680,"column":31}},"loc":{"start":{"line":680,"column":57},"end":{"line":682,"column":null}},"line":680},"32":{"name":"getWinningTeam","decl":{"start":{"line":687,"column":16},"end":{"line":687,"column":31}},"loc":{"start":{"line":687,"column":62},"end":{"line":693,"column":null}},"line":687},"33":{"name":"formatGameStateForAI","decl":{"start":{"line":698,"column":16},"end":{"line":698,"column":null}},"loc":{"start":{"line":701,"column":10},"end":{"line":729,"column":null}},"line":701},"34":{"name":"(anonymous_34)","decl":{"start":{"line":702,"column":35},"end":{"line":702,"column":36}},"loc":{"start":{"line":702,"column":42},"end":{"line":702,"column":71}},"line":702},"35":{"name":"(anonymous_35)","decl":{"start":{"line":707,"column":4},"end":{"line":707,"column":5}},"loc":{"start":{"line":707,"column":11},"end":{"line":707,"column":null}},"line":707},"36":{"name":"(anonymous_36)","decl":{"start":{"line":713,"column":15},"end":{"line":713,"column":16}},"loc":{"start":{"line":713,"column":22},"end":{"line":713,"column":62}},"line":713},"37":{"name":"createGameWithTrump","decl":{"start":{"line":735,"column":16},"end":{"line":735,"column":null}},"loc":{"start":{"line":739,"column":13},"end":{"line":750,"column":null}},"line":739}},"branchMap":{"0":{"loc":{"start":{"line":40,"column":2},"end":{"line":40,"column":null}},"type":"default-arg","locations":[{"start":{"line":40,"column":21},"end":{"line":40,"column":null}}],"line":40},"1":{"loc":{"start":{"line":103,"column":2},"end":{"line":103,"column":null}},"type":"if","locations":[{"start":{"line":103,"column":2},"end":{"line":103,"column":null}},{"start":{},"end":{}}],"line":103},"2":{"loc":{"start":{"line":109,"column":4},"end":{"line":116,"column":null}},"type":"cond-expr","locations":[{"start":{"line":110,"column":8},"end":{"line":110,"column":null}},{"start":{"line":111,"column":8},"end":{"line":116,"column":null}}],"line":109},"3":{"loc":{"start":{"line":110,"column":27},"end":{"line":110,"column":73}},"type":"binary-expr","locations":[{"start":{"line":110,"column":27},"end":{"line":110,"column":54}},{"start":{"line":110,"column":54},"end":{"line":110,"column":73}}],"line":110},"4":{"loc":{"start":{"line":114,"column":14},"end":{"line":114,"column":null}},"type":"binary-expr","locations":[{"start":{"line":114,"column":14},"end":{"line":114,"column":44}},{"start":{"line":114,"column":44},"end":{"line":114,"column":67}},{"start":{"line":114,"column":67},"end":{"line":114,"column":null}}],"line":114},"5":{"loc":{"start":{"line":119,"column":21},"end":{"line":119,"column":null}},"type":"cond-expr","locations":[{"start":{"line":119,"column":35},"end":{"line":119,"column":64}},{"start":{"line":119,"column":64},"end":{"line":119,"column":null}}],"line":119},"6":{"loc":{"start":{"line":120,"column":22},"end":{"line":120,"column":null}},"type":"cond-expr","locations":[{"start":{"line":120,"column":36},"end":{"line":120,"column":52}},{"start":{"line":120,"column":52},"end":{"line":120,"column":null}}],"line":120},"7":{"loc":{"start":{"line":122,"column":2},"end":{"line":124,"column":null}},"type":"if","locations":[{"start":{"line":122,"column":2},"end":{"line":124,"column":null}},{"start":{},"end":{}}],"line":122},"8":{"loc":{"start":{"line":139,"column":2},"end":{"line":139,"column":null}},"type":"default-arg","locations":[{"start":{"line":139,"column":24},"end":{"line":139,"column":null}}],"line":139},"9":{"loc":{"start":{"line":142,"column":2},"end":{"line":144,"column":null}},"type":"if","locations":[{"start":{"line":142,"column":2},"end":{"line":144,"column":null}},{"start":{},"end":{}}],"line":142},"10":{"loc":{"start":{"line":146,"column":2},"end":{"line":148,"column":null}},"type":"if","locations":[{"start":{"line":146,"column":2},"end":{"line":148,"column":null}},{"start":{},"end":{}}],"line":146},"11":{"loc":{"start":{"line":150,"column":2},"end":{"line":156,"column":null}},"type":"if","locations":[{"start":{"line":150,"column":2},"end":{"line":156,"column":null}},{"start":{},"end":{}}],"line":150},"12":{"loc":{"start":{"line":161,"column":2},"end":{"line":167,"column":null}},"type":"if","locations":[{"start":{"line":161,"column":2},"end":{"line":167,"column":null}},{"start":{},"end":{}}],"line":161},"13":{"loc":{"start":{"line":161,"column":6},"end":{"line":161,"column":46}},"type":"binary-expr","locations":[{"start":{"line":161,"column":6},"end":{"line":161,"column":21}},{"start":{"line":161,"column":21},"end":{"line":161,"column":46}}],"line":161},"14":{"loc":{"start":{"line":169,"column":2},"end":{"line":175,"column":null}},"type":"if","locations":[{"start":{"line":169,"column":2},"end":{"line":175,"column":null}},{"start":{},"end":{}}],"line":169},"15":{"loc":{"start":{"line":169,"column":6},"end":{"line":169,"column":44}},"type":"binary-expr","locations":[{"start":{"line":169,"column":6},"end":{"line":169,"column":21}},{"start":{"line":169,"column":21},"end":{"line":169,"column":44}}],"line":169},"16":{"loc":{"start":{"line":177,"column":2},"end":{"line":183,"column":null}},"type":"if","locations":[{"start":{"line":177,"column":2},"end":{"line":183,"column":null}},{"start":{},"end":{}}],"line":177},"17":{"loc":{"start":{"line":177,"column":6},"end":{"line":177,"column":40}},"type":"binary-expr","locations":[{"start":{"line":177,"column":6},"end":{"line":177,"column":33}},{"start":{"line":177,"column":33},"end":{"line":177,"column":40}}],"line":177},"18":{"loc":{"start":{"line":185,"column":2},"end":{"line":191,"column":null}},"type":"if","locations":[{"start":{"line":185,"column":2},"end":{"line":191,"column":null}},{"start":{},"end":{}}],"line":185},"19":{"loc":{"start":{"line":185,"column":6},"end":{"line":185,"column":61}},"type":"binary-expr","locations":[{"start":{"line":185,"column":6},"end":{"line":185,"column":33}},{"start":{"line":185,"column":33},"end":{"line":185,"column":61}}],"line":185},"20":{"loc":{"start":{"line":194,"column":21},"end":{"line":194,"column":null}},"type":"cond-expr","locations":[{"start":{"line":194,"column":35},"end":{"line":194,"column":64}},{"start":{"line":194,"column":64},"end":{"line":194,"column":null}}],"line":194},"21":{"loc":{"start":{"line":196,"column":2},"end":{"line":207,"column":null}},"type":"if","locations":[{"start":{"line":196,"column":2},"end":{"line":207,"column":null}},{"start":{},"end":{}}],"line":196},"22":{"loc":{"start":{"line":197,"column":4},"end":{"line":200,"column":null}},"type":"binary-expr","locations":[{"start":{"line":197,"column":4},"end":{"line":197,"column":null}},{"start":{"line":198,"column":4},"end":{"line":198,"column":null}},{"start":{"line":199,"column":4},"end":{"line":199,"column":null}},{"start":{"line":200,"column":4},"end":{"line":200,"column":null}}],"line":197},"23":{"loc":{"start":{"line":220,"column":2},"end":{"line":253,"column":null}},"type":"if","locations":[{"start":{"line":220,"column":2},"end":{"line":253,"column":null}},{"start":{},"end":{}}],"line":220},"24":{"loc":{"start":{"line":220,"column":6},"end":{"line":220,"column":56}},"type":"binary-expr","locations":[{"start":{"line":220,"column":6},"end":{"line":220,"column":31}},{"start":{"line":220,"column":31},"end":{"line":220,"column":56}}],"line":220},"25":{"loc":{"start":{"line":221,"column":22},"end":{"line":221,"column":null}},"type":"cond-expr","locations":[{"start":{"line":221,"column":46},"end":{"line":221,"column":66}},{"start":{"line":221,"column":66},"end":{"line":221,"column":null}}],"line":221},"26":{"loc":{"start":{"line":225,"column":4},"end":{"line":232,"column":null}},"type":"if","locations":[{"start":{"line":225,"column":4},"end":{"line":232,"column":null}},{"start":{},"end":{}}],"line":225},"27":{"loc":{"start":{"line":244,"column":18},"end":{"line":244,"column":null}},"type":"cond-expr","locations":[{"start":{"line":244,"column":31},"end":{"line":244,"column":40}},{"start":{"line":244,"column":40},"end":{"line":244,"column":null}}],"line":244},"28":{"loc":{"start":{"line":256,"column":2},"end":{"line":274,"column":null}},"type":"if","locations":[{"start":{"line":256,"column":2},"end":{"line":274,"column":null}},{"start":{},"end":{}}],"line":256},"29":{"loc":{"start":{"line":257,"column":4},"end":{"line":259,"column":null}},"type":"binary-expr","locations":[{"start":{"line":257,"column":4},"end":{"line":257,"column":null}},{"start":{"line":258,"column":4},"end":{"line":258,"column":null}},{"start":{"line":259,"column":4},"end":{"line":259,"column":null}}],"line":257},"30":{"loc":{"start":{"line":285,"column":2},"end":{"line":287,"column":null}},"type":"if","locations":[{"start":{"line":285,"column":2},"end":{"line":287,"column":null}},{"start":{},"end":{}}],"line":285},"31":{"loc":{"start":{"line":303,"column":2},"end":{"line":305,"column":null}},"type":"if","locations":[{"start":{"line":303,"column":2},"end":{"line":305,"column":null}},{"start":{},"end":{}}],"line":303},"32":{"loc":{"start":{"line":308,"column":2},"end":{"line":310,"column":null}},"type":"if","locations":[{"start":{"line":308,"column":2},"end":{"line":310,"column":null}},{"start":{},"end":{}}],"line":308},"33":{"loc":{"start":{"line":312,"column":2},"end":{"line":316,"column":null}},"type":"if","locations":[{"start":{"line":312,"column":2},"end":{"line":316,"column":null}},{"start":{},"end":{}}],"line":312},"34":{"loc":{"start":{"line":320,"column":4},"end":{"line":322,"column":null}},"type":"cond-expr","locations":[{"start":{"line":321,"column":8},"end":{"line":321,"column":null}},{"start":{"line":322,"column":8},"end":{"line":322,"column":null}}],"line":320},"35":{"loc":{"start":{"line":338,"column":2},"end":{"line":340,"column":null}},"type":"if","locations":[{"start":{"line":338,"column":2},"end":{"line":340,"column":null}},{"start":{},"end":{}}],"line":338},"36":{"loc":{"start":{"line":345,"column":2},"end":{"line":347,"column":null}},"type":"if","locations":[{"start":{"line":345,"column":2},"end":{"line":347,"column":null}},{"start":{},"end":{}}],"line":345},"37":{"loc":{"start":{"line":350,"column":11},"end":{"line":350,"column":null}},"type":"binary-expr","locations":[{"start":{"line":350,"column":11},"end":{"line":350,"column":37}},{"start":{"line":350,"column":37},"end":{"line":350,"column":null}}],"line":350},"38":{"loc":{"start":{"line":354,"column":4},"end":{"line":366,"column":null}},"type":"cond-expr","locations":[{"start":{"line":355,"column":8},"end":{"line":365,"column":null}},{"start":{"line":366,"column":8},"end":{"line":366,"column":null}}],"line":354},"39":{"loc":{"start":{"line":357,"column":12},"end":{"line":363,"column":null}},"type":"if","locations":[{"start":{"line":357,"column":12},"end":{"line":363,"column":null}},{"start":{"line":359,"column":12},"end":{"line":363,"column":null}}],"line":357},"40":{"loc":{"start":{"line":359,"column":12},"end":{"line":363,"column":null}},"type":"if","locations":[{"start":{"line":359,"column":12},"end":{"line":363,"column":null}},{"start":{"line":361,"column":19},"end":{"line":363,"column":null}}],"line":359},"41":{"loc":{"start":{"line":360,"column":68},"end":{"line":360,"column":104}},"type":"cond-expr","locations":[{"start":{"line":360,"column":83},"end":{"line":360,"column":102}},{"start":{"line":360,"column":102},"end":{"line":360,"column":104}}],"line":360},"42":{"loc":{"start":{"line":362,"column":62},"end":{"line":362,"column":98}},"type":"cond-expr","locations":[{"start":{"line":362,"column":77},"end":{"line":362,"column":96}},{"start":{"line":362,"column":96},"end":{"line":362,"column":98}}],"line":362},"43":{"loc":{"start":{"line":369,"column":4},"end":{"line":371,"column":null}},"type":"cond-expr","locations":[{"start":{"line":370,"column":8},"end":{"line":370,"column":null}},{"start":{"line":371,"column":8},"end":{"line":371,"column":null}}],"line":369},"44":{"loc":{"start":{"line":371,"column":70},"end":{"line":371,"column":132}},"type":"cond-expr","locations":[{"start":{"line":371,"column":98},"end":{"line":371,"column":130}},{"start":{"line":371,"column":130},"end":{"line":371,"column":132}}],"line":371},"45":{"loc":{"start":{"line":392,"column":2},"end":{"line":392,"column":null}},"type":"if","locations":[{"start":{"line":392,"column":2},"end":{"line":392,"column":null}},{"start":{},"end":{}}],"line":392},"46":{"loc":{"start":{"line":403,"column":2},"end":{"line":403,"column":null}},"type":"default-arg","locations":[{"start":{"line":403,"column":24},"end":{"line":403,"column":null}}],"line":403},"47":{"loc":{"start":{"line":405,"column":24},"end":{"line":405,"column":null}},"type":"cond-expr","locations":[{"start":{"line":405,"column":37},"end":{"line":405,"column":41}},{"start":{"line":405,"column":41},"end":{"line":405,"column":null}}],"line":405},"48":{"loc":{"start":{"line":407,"column":2},"end":{"line":411,"column":null}},"type":"if","locations":[{"start":{"line":407,"column":2},"end":{"line":411,"column":null}},{"start":{},"end":{}}],"line":407},"49":{"loc":{"start":{"line":409,"column":69},"end":{"line":409,"column":106}},"type":"cond-expr","locations":[{"start":{"line":409,"column":82},"end":{"line":409,"column":98}},{"start":{"line":409,"column":98},"end":{"line":409,"column":106}}],"line":409},"50":{"loc":{"start":{"line":425,"column":4},"end":{"line":427,"column":null}},"type":"if","locations":[{"start":{"line":425,"column":4},"end":{"line":427,"column":null}},{"start":{},"end":{}}],"line":425},"51":{"loc":{"start":{"line":441,"column":2},"end":{"line":443,"column":null}},"type":"if","locations":[{"start":{"line":441,"column":2},"end":{"line":443,"column":null}},{"start":{},"end":{}}],"line":441},"52":{"loc":{"start":{"line":445,"column":2},"end":{"line":447,"column":null}},"type":"if","locations":[{"start":{"line":445,"column":2},"end":{"line":447,"column":null}},{"start":{},"end":{}}],"line":445},"53":{"loc":{"start":{"line":450,"column":2},"end":{"line":452,"column":null}},"type":"if","locations":[{"start":{"line":450,"column":2},"end":{"line":452,"column":null}},{"start":{},"end":{}}],"line":450},"54":{"loc":{"start":{"line":456,"column":2},"end":{"line":461,"column":null}},"type":"if","locations":[{"start":{"line":456,"column":2},"end":{"line":461,"column":null}},{"start":{},"end":{}}],"line":456},"55":{"loc":{"start":{"line":465,"column":11},"end":{"line":465,"column":null}},"type":"binary-expr","locations":[{"start":{"line":465,"column":11},"end":{"line":465,"column":35}},{"start":{"line":465,"column":35},"end":{"line":465,"column":null}}],"line":465},"56":{"loc":{"start":{"line":467,"column":2},"end":{"line":469,"column":null}},"type":"if","locations":[{"start":{"line":467,"column":2},"end":{"line":469,"column":null}},{"start":{},"end":{}}],"line":467},"57":{"loc":{"start":{"line":473,"column":4},"end":{"line":473,"column":null}},"type":"cond-expr","locations":[{"start":{"line":473,"column":41},"end":{"line":473,"column":75}},{"start":{"line":473,"column":75},"end":{"line":473,"column":null}}],"line":473},"58":{"loc":{"start":{"line":476,"column":2},"end":{"line":485,"column":null}},"type":"if","locations":[{"start":{"line":476,"column":2},"end":{"line":485,"column":null}},{"start":{},"end":{}}],"line":476},"59":{"loc":{"start":{"line":476,"column":6},"end":{"line":476,"column":30}},"type":"binary-expr","locations":[{"start":{"line":476,"column":6},"end":{"line":476,"column":18}},{"start":{"line":476,"column":18},"end":{"line":476,"column":30}}],"line":476},"60":{"loc":{"start":{"line":482,"column":4},"end":{"line":484,"column":null}},"type":"if","locations":[{"start":{"line":482,"column":4},"end":{"line":484,"column":null}},{"start":{},"end":{}}],"line":482},"61":{"loc":{"start":{"line":482,"column":8},"end":{"line":482,"column":63}},"type":"binary-expr","locations":[{"start":{"line":482,"column":8},"end":{"line":482,"column":21}},{"start":{"line":482,"column":21},"end":{"line":482,"column":63}}],"line":482},"62":{"loc":{"start":{"line":498,"column":2},"end":{"line":500,"column":null}},"type":"if","locations":[{"start":{"line":498,"column":2},"end":{"line":500,"column":null}},{"start":{},"end":{}}],"line":498},"63":{"loc":{"start":{"line":504,"column":2},"end":{"line":515,"column":null}},"type":"if","locations":[{"start":{"line":504,"column":2},"end":{"line":515,"column":null}},{"start":{},"end":{}}],"line":504},"64":{"loc":{"start":{"line":508,"column":4},"end":{"line":514,"column":null}},"type":"if","locations":[{"start":{"line":508,"column":4},"end":{"line":514,"column":null}},{"start":{},"end":{}}],"line":508},"65":{"loc":{"start":{"line":511,"column":10},"end":{"line":511,"column":null}},"type":"binary-expr","locations":[{"start":{"line":511,"column":10},"end":{"line":511,"column":46}},{"start":{"line":511,"column":46},"end":{"line":511,"column":null}}],"line":511},"66":{"loc":{"start":{"line":523,"column":4},"end":{"line":525,"column":null}},"type":"if","locations":[{"start":{"line":523,"column":4},"end":{"line":525,"column":null}},{"start":{},"end":{}}],"line":523},"67":{"loc":{"start":{"line":523,"column":8},"end":{"line":523,"column":49}},"type":"binary-expr","locations":[{"start":{"line":523,"column":8},"end":{"line":523,"column":26}},{"start":{"line":523,"column":26},"end":{"line":523,"column":49}}],"line":523},"68":{"loc":{"start":{"line":543,"column":2},"end":{"line":545,"column":null}},"type":"if","locations":[{"start":{"line":543,"column":2},"end":{"line":545,"column":null}},{"start":{},"end":{}}],"line":543},"69":{"loc":{"start":{"line":572,"column":24},"end":{"line":572,"column":null}},"type":"cond-expr","locations":[{"start":{"line":572,"column":42},"end":{"line":572,"column":46}},{"start":{"line":572,"column":46},"end":{"line":572,"column":null}}],"line":572},"70":{"loc":{"start":{"line":574,"column":2},"end":{"line":597,"column":null}},"type":"if","locations":[{"start":{"line":574,"column":2},"end":{"line":597,"column":null}},{"start":{},"end":{}}],"line":574},"71":{"loc":{"start":{"line":594,"column":4},"end":{"line":596,"column":null}},"type":"if","locations":[{"start":{"line":594,"column":4},"end":{"line":596,"column":null}},{"start":{},"end":{}}],"line":594},"72":{"loc":{"start":{"line":622,"column":2},"end":{"line":624,"column":null}},"type":"if","locations":[{"start":{"line":622,"column":2},"end":{"line":624,"column":null}},{"start":{},"end":{}}],"line":622},"73":{"loc":{"start":{"line":630,"column":2},"end":{"line":632,"column":null}},"type":"if","locations":[{"start":{"line":630,"column":2},"end":{"line":632,"column":null}},{"start":{},"end":{}}],"line":630},"74":{"loc":{"start":{"line":635,"column":25},"end":{"line":635,"column":null}},"type":"cond-expr","locations":[{"start":{"line":635,"column":44},"end":{"line":635,"column":48}},{"start":{"line":635,"column":48},"end":{"line":635,"column":null}}],"line":635},"75":{"loc":{"start":{"line":645,"column":23},"end":{"line":645,"column":null}},"type":"cond-expr","locations":[{"start":{"line":645,"column":42},"end":{"line":645,"column":56}},{"start":{"line":645,"column":56},"end":{"line":645,"column":null}}],"line":645},"76":{"loc":{"start":{"line":651,"column":2},"end":{"line":672,"column":null}},"type":"if","locations":[{"start":{"line":651,"column":2},"end":{"line":672,"column":null}},{"start":{"line":665,"column":9},"end":{"line":672,"column":null}}],"line":651},"77":{"loc":{"start":{"line":655,"column":4},"end":{"line":658,"column":null}},"type":"if","locations":[{"start":{"line":655,"column":4},"end":{"line":658,"column":null}},{"start":{},"end":{}}],"line":655},"78":{"loc":{"start":{"line":657,"column":15},"end":{"line":657,"column":null}},"type":"cond-expr","locations":[{"start":{"line":657,"column":30},"end":{"line":657,"column":34}},{"start":{"line":657,"column":34},"end":{"line":657,"column":null}}],"line":657},"79":{"loc":{"start":{"line":660,"column":4},"end":{"line":664,"column":null}},"type":"if","locations":[{"start":{"line":660,"column":4},"end":{"line":664,"column":null}},{"start":{"line":662,"column":11},"end":{"line":664,"column":null}}],"line":660},"80":{"loc":{"start":{"line":667,"column":4},"end":{"line":671,"column":null}},"type":"if","locations":[{"start":{"line":667,"column":4},"end":{"line":671,"column":null}},{"start":{"line":669,"column":11},"end":{"line":671,"column":null}}],"line":667},"81":{"loc":{"start":{"line":688,"column":2},"end":{"line":688,"column":null}},"type":"if","locations":[{"start":{"line":688,"column":2},"end":{"line":688,"column":null}},{"start":{},"end":{}}],"line":688},"82":{"loc":{"start":{"line":690,"column":2},"end":{"line":690,"column":null}},"type":"if","locations":[{"start":{"line":690,"column":2},"end":{"line":690,"column":null}},{"start":{},"end":{}}],"line":690},"83":{"loc":{"start":{"line":691,"column":2},"end":{"line":691,"column":null}},"type":"if","locations":[{"start":{"line":691,"column":2},"end":{"line":691,"column":null}},{"start":{},"end":{}}],"line":691},"84":{"loc":{"start":{"line":703,"column":2},"end":{"line":704,"column":null}},"type":"if","locations":[{"start":{"line":703,"column":2},"end":{"line":704,"column":null}},{"start":{},"end":{}}],"line":703},"85":{"loc":{"start":{"line":707,"column":11},"end":{"line":707,"column":null}},"type":"binary-expr","locations":[{"start":{"line":707,"column":11},"end":{"line":707,"column":37}},{"start":{"line":707,"column":37},"end":{"line":707,"column":null}}],"line":707},"86":{"loc":{"start":{"line":711,"column":4},"end":{"line":715,"column":null}},"type":"cond-expr","locations":[{"start":{"line":712,"column":8},"end":{"line":714,"column":null}},{"start":{"line":715,"column":8},"end":{"line":715,"column":null}}],"line":711},"87":{"loc":{"start":{"line":718,"column":9},"end":{"line":718,"column":32}},"type":"binary-expr","locations":[{"start":{"line":718,"column":9},"end":{"line":718,"column":23}},{"start":{"line":718,"column":23},"end":{"line":718,"column":32}}],"line":718},"88":{"loc":{"start":{"line":738,"column":2},"end":{"line":738,"column":null}},"type":"default-arg","locations":[{"start":{"line":738,"column":21},"end":{"line":738,"column":null}}],"line":738}},"s":{"0":2,"1":2,"2":2,"3":2,"4":2,"5":105,"6":105,"7":105,"8":420,"9":105,"10":105,"11":105,"12":105,"13":105,"14":1,"15":50,"16":1,"17":49,"18":49,"19":78,"20":52,"21":50,"22":50,"23":50,"24":1,"25":48,"26":48,"27":85,"28":1,"29":84,"30":1,"31":83,"32":1,"33":82,"34":82,"35":1,"36":81,"37":1,"38":80,"39":1,"40":79,"41":1,"42":78,"43":85,"44":1,"45":77,"46":77,"47":77,"48":18,"49":18,"50":18,"51":14,"52":14,"53":14,"54":14,"55":18,"56":18,"57":59,"58":48,"59":12,"60":12,"61":47,"62":47,"63":0,"64":47,"65":6,"66":1,"67":5,"68":8,"69":5,"70":1,"71":4,"72":1,"73":3,"74":9,"75":3,"76":11,"77":1,"78":10,"79":10,"80":22,"81":10,"82":1,"83":9,"84":32,"85":9,"86":12,"87":12,"88":0,"89":0,"90":0,"91":11,"92":11,"93":13,"94":1,"95":12,"96":13,"97":13,"98":3,"99":10,"100":10,"101":10,"102":10,"103":29,"104":29,"105":3,"106":10,"107":36,"108":0,"109":36,"110":1,"111":35,"112":81,"113":35,"114":1,"115":34,"116":34,"117":1,"118":33,"119":42,"120":33,"121":2,"122":31,"123":36,"124":20,"125":20,"126":21,"127":20,"128":1,"129":30,"130":69,"131":69,"132":24,"133":45,"134":4,"135":6,"136":4,"137":4,"138":14,"139":4,"140":45,"141":45,"142":45,"143":45,"144":180,"145":180,"146":176,"147":45,"148":29,"149":29,"150":1,"151":28,"152":68,"153":28,"154":28,"155":28,"156":28,"157":28,"158":28,"159":28,"160":28,"161":29,"162":6,"163":6,"164":6,"165":6,"166":6,"167":1,"168":28,"169":11,"170":2,"171":9,"172":17,"173":9,"174":2,"175":7,"176":7,"177":11,"178":35,"179":71,"180":35,"181":11,"182":11,"183":11,"184":11,"185":11,"186":11,"187":5,"188":5,"189":3,"190":5,"191":3,"192":2,"193":2,"194":0,"195":2,"196":7,"197":6,"198":4,"199":1,"200":3,"201":1,"202":2,"203":1,"204":1,"205":9,"206":13,"207":9,"208":1,"209":8,"210":25,"211":8,"212":1,"213":9,"214":39,"215":39},"f":{"0":105,"1":420,"2":1,"3":50,"4":78,"5":52,"6":85,"7":14,"8":48,"9":6,"10":8,"11":9,"12":11,"13":22,"14":32,"15":12,"16":13,"17":13,"18":36,"19":81,"20":42,"21":21,"22":69,"23":6,"24":14,"25":29,"26":68,"27":11,"28":17,"29":35,"30":71,"31":6,"32":4,"33":9,"34":13,"35":25,"36":1,"37":39},"b":{"0":[105],"1":[1,49],"2":[40,9],"3":[78,78],"4":[52,52,52],"5":[9,40],"6":[40,9],"7":[1,49],"8":[85],"9":[1,84],"10":[1,83],"11":[1,82],"12":[1,81],"13":[82,65],"14":[1,80],"15":[81,17],"16":[1,79],"17":[80,6],"18":[1,78],"19":[79,5],"20":[14,64],"21":[1,84],"22":[85,14,1,1],"23":[18,59],"24":[77,63],"25":[14,4],"26":[14,4],"27":[5,13],"28":[12,47],"29":[59,50,12],"30":[0,47],"31":[1,5],"32":[1,4],"33":[1,3],"34":[3,6],"35":[1,10],"36":[1,9],"37":[32,17],"38":[3,6],"39":[12,0],"40":[0,0],"41":[0,0],"42":[0,0],"43":[7,2],"44":[1,1],"45":[1,12],"46":[13],"47":[2,11],"48":[3,10],"49":[1,2],"50":[3,26],"51":[0,36],"52":[1,35],"53":[1,34],"54":[1,33],"55":[42,34],"56":[2,31],"57":[20,11],"58":[20,16],"59":[36,20],"60":[1,19],"61":[20,19],"62":[24,45],"63":[4,41],"64":[4,0],"65":[14,8],"66":[176,4],"67":[180,16],"68":[1,28],"69":[0,28],"70":[6,23],"71":[1,5],"72":[2,9],"73":[2,7],"74":[5,2],"75":[5,2],"76":[5,2],"77":[3,2],"78":[2,1],"79":[3,2],"80":[0,2],"81":[1,3],"82":[1,2],"83":[1,1],"84":[1,8],"85":[25,16],"86":[1,7],"87":[9,0],"88":[39]},"meta":{"lastBranch":89,"lastFunction":38,"lastStatement":216,"seen":{"s:29:25:29:Infinity":0,"s:30:23:30:Infinity":1,"s:31:23:31:Infinity":2,"s:32:24:32:Infinity":3,"s:33:19:33:Infinity":4,"f:38:16:38:Infinity":0,"b:40:21:40:Infinity":0,"s:42:8:42:Infinity":5,"s:44:32:44:Infinity":6,"s:45:28:50:Infinity":7,"f:45:42:45:43":1,"s:45:64:50:4":8,"s:53:23:53:Infinity":9,"s:56:8:56:Infinity":10,"s:57:8:57:Infinity":11,"s:60:16:63:Infinity":12,"s:65:2:86:Infinity":13,"f:92:16:92:25":2,"s:93:2:96:Infinity":14,"f:102:16:102:30":3,"b:103:2:103:Infinity:undefined:undefined:undefined:undefined":1,"s:103:2:103:Infinity":15,"s:103:28:103:Infinity":16,"s:105:41:105:Infinity":17,"s:109:4:116:Infinity":18,"b:110:8:110:Infinity:111:8:116:Infinity":2,"f:110:20:110:21":4,"s:110:27:110:73":19,"b:110:27:110:54:110:54:110:73":3,"f:113:12:113:13":5,"s:114:14:114:Infinity":20,"b:114:14:114:44:114:44:114:67:114:67:114:Infinity":4,"s:119:21:119:Infinity":21,"b:119:35:119:64:119:64:119:Infinity":5,"s:120:22:120:Infinity":22,"b:120:36:120:52:120:52:120:Infinity":6,"b:122:2:124:Infinity:undefined:undefined:undefined:undefined":7,"s:122:2:124:Infinity":23,"s:123:4:123:Infinity":24,"s:127:8:127:Infinity":25,"s:128:2:128:Infinity":26,"f:134:16:134:Infinity":6,"b:139:24:139:Infinity":8,"b:142:2:144:Infinity:undefined:undefined:undefined:undefined":9,"s:142:2:144:Infinity":27,"s:143:4:143:Infinity":28,"b:146:2:148:Infinity:undefined:undefined:undefined:undefined":10,"s:146:2:148:Infinity":29,"s:147:4:147:Infinity":30,"b:150:2:156:Infinity:undefined:undefined:undefined:undefined":11,"s:150:2:156:Infinity":31,"s:151:4:155:Infinity":32,"s:159:48:159:Infinity":33,"b:161:2:167:Infinity:undefined:undefined:undefined:undefined":12,"s:161:2:167:Infinity":34,"b:161:6:161:21:161:21:161:46":13,"s:162:4:166:Infinity":35,"b:169:2:175:Infinity:undefined:undefined:undefined:undefined":14,"s:169:2:175:Infinity":36,"b:169:6:169:21:169:21:169:44":15,"s:170:4:174:Infinity":37,"b:177:2:183:Infinity:undefined:undefined:undefined:undefined":16,"s:177:2:183:Infinity":38,"b:177:6:177:33:177:33:177:40":17,"s:178:4:182:Infinity":39,"b:185:2:191:Infinity:undefined:undefined:undefined:undefined":18,"s:185:2:191:Infinity":40,"b:185:6:185:33:185:33:185:61":19,"s:186:4:190:Infinity":41,"s:194:21:194:Infinity":42,"b:194:35:194:64:194:64:194:Infinity":20,"b:196:2:207:Infinity:undefined:undefined:undefined:undefined":21,"s:196:2:207:Infinity":43,"b:197:4:197:Infinity:198:4:198:Infinity:199:4:199:Infinity:200:4:200:Infinity":22,"s:202:4:206:Infinity":44,"s:209:24:215:Infinity":45,"s:217:22:217:Infinity":46,"b:220:2:253:Infinity:undefined:undefined:undefined:undefined":23,"s:220:2:253:Infinity":47,"b:220:6:220:31:220:31:220:56":24,"s:221:22:221:Infinity":48,"b:221:46:221:66:221:66:221:Infinity":25,"s:224:25:224:Infinity":49,"b:225:4:232:Infinity:undefined:undefined:undefined:undefined":26,"s:225:4:232:Infinity":50,"s:226:26:226:Infinity":51,"f:226:49:226:50":7,"s:226:56:226:77":52,"s:227:6:227:Infinity":53,"s:228:6:231:Infinity":54,"s:235:10:237:Infinity":55,"s:239:4:252:Infinity":56,"b:244:31:244:40:244:40:244:Infinity":27,"b:256:2:274:Infinity:undefined:undefined:undefined:undefined":28,"s:256:2:274:Infinity":57,"b:257:4:257:Infinity:258:4:258:Infinity:259:4:259:Infinity":29,"f:259:22:259:23":8,"s:259:29:259:48":58,"s:261:10:263:Infinity":59,"s:265:4:273:Infinity":60,"s:277:21:283:Infinity":61,"b:285:2:287:Infinity:undefined:undefined:undefined:undefined":30,"s:285:2:287:Infinity":62,"s:286:4:286:Infinity":63,"s:289:2:296:Infinity":64,"f:302:16:302:30":9,"b:303:2:305:Infinity:undefined:undefined:undefined:undefined":31,"s:303:2:305:Infinity":65,"s:304:4:304:Infinity":66,"s:307:20:307:Infinity":67,"f:307:38:307:39":10,"s:307:45:307:71":68,"b:308:2:310:Infinity:undefined:undefined:undefined:undefined":32,"s:308:2:310:Infinity":69,"s:309:4:309:Infinity":70,"b:312:2:316:Infinity:undefined:undefined:undefined:undefined":33,"s:312:2:316:Infinity":71,"s:313:4:315:Infinity":72,"s:319:25:323:Infinity":73,"f:319:42:319:43":11,"s:320:4:322:Infinity":74,"b:321:8:321:Infinity:322:8:322:Infinity":34,"s:325:2:328:Infinity":75,"f:334:16:334:Infinity":12,"b:338:2:340:Infinity:undefined:undefined:undefined:undefined":35,"s:338:2:340:Infinity":76,"s:339:4:339:Infinity":77,"s:342:48:342:Infinity":78,"s:343:17:343:Infinity":79,"f:343:35:343:36":13,"s:343:42:343:71":80,"b:345:2:347:Infinity:undefined:undefined:undefined:undefined":36,"s:345:2:347:Infinity":81,"s:346:4:346:Infinity":82,"s:349:18:351:Infinity":83,"f:350:4:350:5":14,"s:350:11:350:Infinity":84,"b:350:11:350:37:350:37:350:Infinity":37,"s:354:4:366:Infinity":85,"b:355:8:365:Infinity:366:8:366:Infinity":38,"f:356:15:356:16":15,"b:357:12:363:Infinity:359:12:363:Infinity":39,"s:357:12:363:Infinity":86,"s:358:14:358:Infinity":87,"b:359:12:363:Infinity:361:19:363:Infinity":40,"s:359:12:363:Infinity":88,"s:360:14:360:Infinity":89,"b:360:83:360:102:360:102:360:104":41,"s:362:14:362:Infinity":90,"b:362:77:362:96:362:96:362:98":42,"s:369:4:371:Infinity":91,"b:370:8:370:Infinity:371:8:371:Infinity":43,"b:371:98:371:130:371:130:371:132":44,"s:373:2:385:Infinity":92,"f:391:16:391:28":16,"b:392:2:392:Infinity:undefined:undefined:undefined:undefined":45,"s:392:2:392:Infinity":93,"s:392:32:392:Infinity":94,"s:393:2:393:Infinity":95,"f:400:16:400:Infinity":17,"b:403:24:403:Infinity":46,"s:405:24:405:Infinity":96,"b:405:37:405:41:405:41:405:Infinity":47,"b:407:2:411:Infinity:undefined:undefined:undefined:undefined":48,"s:407:2:411:Infinity":97,"s:408:4:410:Infinity":98,"b:409:82:409:98:409:98:409:106":49,"s:413:19:413:Infinity":99,"s:415:20:415:Infinity":100,"s:417:2:428:Infinity":101,"s:417:15:417:18":102,"s:418:10:423:Infinity":103,"b:425:4:427:Infinity:undefined:undefined:undefined:undefined":50,"s:425:4:427:Infinity":104,"s:426:6:426:Infinity":105,"s:430:2:430:Infinity":106,"f:436:16:436:Infinity":18,"b:441:2:443:Infinity:undefined:undefined:undefined:undefined":51,"s:441:2:443:Infinity":107,"s:442:4:442:Infinity":108,"b:445:2:447:Infinity:undefined:undefined:undefined:undefined":52,"s:445:2:447:Infinity":109,"s:446:4:446:Infinity":110,"s:449:20:449:Infinity":111,"f:449:38:449:39":19,"s:449:45:449:66":112,"b:450:2:452:Infinity:undefined:undefined:undefined:undefined":53,"s:450:2:452:Infinity":113,"s:451:4:451:Infinity":114,"s:455:25:455:Infinity":115,"b:456:2:461:Infinity:undefined:undefined:undefined:undefined":54,"s:456:2:461:Infinity":116,"s:457:4:460:Infinity":117,"s:464:18:466:Infinity":118,"f:465:4:465:5":20,"s:465:11:465:Infinity":119,"b:465:11:465:35:465:35:465:Infinity":55,"b:467:2:469:Infinity:undefined:undefined:undefined:undefined":56,"s:467:2:469:Infinity":120,"s:468:4:468:Infinity":121,"s:473:4:473:Infinity":122,"b:473:41:473:75:473:75:473:Infinity":57,"b:476:2:485:Infinity:undefined:undefined:undefined:undefined":58,"s:476:2:485:Infinity":123,"b:476:6:476:18:476:18:476:30":59,"s:477:10:477:Infinity":124,"s:478:22:480:Infinity":125,"f:479:6:479:7":21,"s:479:7:479:Infinity":126,"b:482:4:484:Infinity:undefined:undefined:undefined:undefined":60,"s:482:4:484:Infinity":127,"b:482:8:482:21:482:21:482:63":61,"s:483:6:483:Infinity":128,"s:487:2:487:Infinity":129,"f:494:16:494:30":22,"s:495:16:495:Infinity":130,"b:498:2:500:Infinity:undefined:undefined:undefined:undefined":62,"s:498:2:500:Infinity":131,"s:499:4:499:Infinity":132,"b:504:2:515:Infinity:undefined:undefined:undefined:undefined":63,"s:504:2:515:Infinity":133,"s:505:29:507:Infinity":134,"f:506:6:506:7":23,"s:506:13:506:Infinity":135,"b:508:4:514:Infinity:undefined:undefined:undefined:undefined":64,"s:508:4:514:Infinity":136,"s:509:22:512:Infinity":137,"f:510:8:510:9":24,"s:511:10:511:Infinity":138,"b:511:10:511:46:511:46:511:Infinity":65,"s:513:6:513:Infinity":139,"s:518:8:518:Infinity":140,"s:519:33:519:Infinity":141,"s:520:2:526:Infinity":142,"s:520:15:520:18":143,"s:521:10:521:Infinity":144,"b:523:4:525:Infinity:undefined:undefined:undefined:undefined":66,"s:523:4:525:Infinity":145,"b:523:8:523:26:523:26:523:49":67,"s:524:6:524:Infinity":146,"s:529:2:529:Infinity":147,"f:535:16:535:Infinity":25,"s:542:21:542:Infinity":148,"b:543:2:545:Infinity:undefined:undefined:undefined:undefined":68,"s:543:2:545:Infinity":149,"s:544:4:544:Infinity":150,"s:548:22:548:Infinity":151,"f:548:45:548:46":26,"s:548:52:548:73":152,"s:549:25:549:Infinity":153,"s:550:2:553:Infinity":154,"s:556:29:560:Infinity":155,"s:562:30:565:Infinity":156,"s:568:24:568:Infinity":157,"s:569:21:569:Infinity":158,"s:570:15:570:Infinity":159,"s:572:24:572:Infinity":160,"b:572:42:572:46:572:46:572:Infinity":69,"b:574:2:597:Infinity:undefined:undefined:undefined:undefined":70,"s:574:2:597:Infinity":161,"s:576:19:580:Infinity":162,"s:581:4:581:Infinity":163,"s:584:4:584:Infinity":164,"s:587:4:591:Infinity":165,"b:594:4:596:Infinity:undefined:undefined:undefined:undefined":71,"s:594:4:596:Infinity":166,"s:595:6:595:Infinity":167,"s:599:2:605:Infinity":168,"f:618:16:618:Infinity":27,"b:622:2:624:Infinity:undefined:undefined:undefined:undefined":72,"s:622:2:624:Infinity":169,"s:623:4:623:Infinity":170,"s:627:28:629:Infinity":171,"f:628:4:628:5":28,"s:628:11:628:Infinity":172,"b:630:2:632:Infinity:undefined:undefined:undefined:undefined":73,"s:630:2:632:Infinity":173,"s:631:4:631:Infinity":174,"s:634:21:634:Infinity":175,"s:635:25:635:Infinity":176,"b:635:44:635:48:635:48:635:Infinity":74,"s:638:22:641:Infinity":177,"f:638:45:638:46":29,"s:639:19:639:Infinity":178,"f:639:37:639:38":30,"s:639:44:639:71":179,"s:640:4:640:Infinity":180,"s:643:22:643:Infinity":181,"s:645:23:645:Infinity":182,"b:645:42:645:56:645:56:645:Infinity":75,"s:646:23:646:Infinity":183,"s:648:19:648:Infinity":184,"s:649:19:649:Infinity":185,"b:651:2:672:Infinity:665:9:672:Infinity":76,"s:651:2:672:Infinity":186,"s:653:17:653:Infinity":187,"b:655:4:658:Infinity:undefined:undefined:undefined:undefined":77,"s:655:4:658:Infinity":188,"s:657:6:657:Infinity":189,"b:657:30:657:34:657:34:657:Infinity":78,"b:660:4:664:Infinity:662:11:664:Infinity":79,"s:660:4:664:Infinity":190,"s:661:6:661:Infinity":191,"s:663:6:663:Infinity":192,"b:667:4:671:Infinity:669:11:671:Infinity":80,"s:667:4:671:Infinity":193,"s:668:6:668:Infinity":194,"s:670:6:670:Infinity":195,"s:674:2:674:Infinity":196,"f:680:16:680:31":31,"s:681:2:681:Infinity":197,"f:687:16:687:31":32,"b:688:2:688:Infinity:undefined:undefined:undefined:undefined":81,"s:688:2:688:Infinity":198,"s:688:29:688:Infinity":199,"b:690:2:690:Infinity:undefined:undefined:undefined:undefined":82,"s:690:2:690:Infinity":200,"s:690:39:690:Infinity":201,"b:691:2:691:Infinity:undefined:undefined:undefined:undefined":83,"s:691:2:691:Infinity":202,"s:691:39:691:Infinity":203,"s:692:2:692:Infinity":204,"f:698:16:698:Infinity":33,"s:702:17:702:Infinity":205,"f:702:35:702:36":34,"s:702:42:702:71":206,"b:703:2:704:Infinity:undefined:undefined:undefined:undefined":84,"s:703:2:704:Infinity":207,"s:704:4:704:Infinity":208,"s:706:18:708:Infinity":209,"f:707:4:707:5":35,"s:707:11:707:Infinity":210,"b:707:11:707:37:707:37:707:Infinity":85,"s:711:4:715:Infinity":211,"b:712:8:714:Infinity:715:8:715:Infinity":86,"f:713:15:713:16":36,"s:713:22:713:62":212,"s:717:2:728:Infinity":213,"b:718:9:718:23:718:23:718:32":87,"f:735:16:735:Infinity":37,"b:738:21:738:Infinity":88,"s:740:15:740:Infinity":214,"s:743:2:749:Infinity":215}}}
,"/Users/eric/Development/euchre-reasoning-arena/lib/game/utils.ts": {"path":"/Users/eric/Development/euchre-reasoning-arena/lib/game/utils.ts","statementMap":{"0":{"start":{"line":8,"column":40},"end":{"line":13,"column":null}},"1":{"start":{"line":14,"column":2},"end":{"line":14,"column":null}},"2":{"start":{"line":22,"column":32},"end":{"line":22,"column":null}},"3":{"start":{"line":23,"column":2},"end":{"line":23,"column":null}},"4":{"start":{"line":30,"column":16},"end":{"line":30,"column":null}},"5":{"start":{"line":31,"column":2},"end":{"line":31,"column":null}},"6":{"start":{"line":38,"column":16},"end":{"line":38,"column":null}},"7":{"start":{"line":39,"column":2},"end":{"line":39,"column":null}},"8":{"start":{"line":48,"column":16},"end":{"line":48,"column":null}},"9":{"start":{"line":49,"column":32},"end":{"line":49,"column":null}},"10":{"start":{"line":50,"column":2},"end":{"line":53,"column":null}},"11":{"start":{"line":50,"column":15},"end":{"line":50,"column":18}},"12":{"start":{"line":51,"column":4},"end":{"line":51,"column":null}},"13":{"start":{"line":52,"column":4},"end":{"line":52,"column":null}},"14":{"start":{"line":54,"column":2},"end":{"line":54,"column":null}}},"fnMap":{"0":{"name":"positionToIndex","decl":{"start":{"line":7,"column":16},"end":{"line":7,"column":32}},"loc":{"start":{"line":7,"column":60},"end":{"line":15,"column":null}},"line":7},"1":{"name":"indexToPosition","decl":{"start":{"line":21,"column":16},"end":{"line":21,"column":32}},"loc":{"start":{"line":21,"column":57},"end":{"line":24,"column":null}},"line":21},"2":{"name":"nextPosition","decl":{"start":{"line":29,"column":16},"end":{"line":29,"column":29}},"loc":{"start":{"line":29,"column":59},"end":{"line":32,"column":null}},"line":29},"3":{"name":"partnerPosition","decl":{"start":{"line":37,"column":16},"end":{"line":37,"column":32}},"loc":{"start":{"line":37,"column":62},"end":{"line":40,"column":null}},"line":37},"4":{"name":"getPositionsFrom","decl":{"start":{"line":45,"column":16},"end":{"line":45,"column":null}},"loc":{"start":{"line":47,"column":44},"end":{"line":55,"column":null}},"line":47}},"branchMap":{},"s":{"0":310,"1":310,"2":450,"3":450,"4":58,"5":58,"6":12,"7":12,"8":10,"9":10,"10":10,"11":10,"12":40,"13":40,"14":10},"f":{"0":310,"1":450,"2":58,"3":12,"4":10},"b":{},"meta":{"lastBranch":0,"lastFunction":5,"lastStatement":15,"seen":{"f:7:16:7:32":0,"s:8:40:13:Infinity":0,"s:14:2:14:Infinity":1,"f:21:16:21:32":1,"s:22:32:22:Infinity":2,"s:23:2:23:Infinity":3,"f:29:16:29:29":2,"s:30:16:30:Infinity":4,"s:31:2:31:Infinity":5,"f:37:16:37:32":3,"s:38:16:38:Infinity":6,"s:39:2:39:Infinity":7,"f:45:16:45:Infinity":4,"s:48:16:48:Infinity":8,"s:49:32:49:Infinity":9,"s:50:2:53:Infinity":10,"s:50:15:50:18":11,"s:51:4:51:Infinity":12,"s:52:4:52:Infinity":13,"s:54:2:54:Infinity":14}}}
}
