{"/Users/eric/Development/euchre-reasoning-arena/lib/game/card.ts": {"path":"/Users/eric/Development/euchre-reasoning-arena/lib/game/card.ts","statementMap":{"0":{"start":{"line":3,"column":48},"end":{"line":10,"column":null}},"1":{"start":{"line":13,"column":25},"end":{"line":13,"column":null}},"2":{"start":{"line":14,"column":24},"end":{"line":14,"column":null}},"3":{"start":{"line":15,"column":26},"end":{"line":15,"column":null}},"4":{"start":{"line":17,"column":43},"end":{"line":22,"column":null}},"5":{"start":{"line":28,"column":2},"end":{"line":28,"column":null}},"6":{"start":{"line":35,"column":2},"end":{"line":35,"column":null}},"7":{"start":{"line":42,"column":2},"end":{"line":42,"column":null}},"8":{"start":{"line":49,"column":2},"end":{"line":51,"column":null}},"9":{"start":{"line":50,"column":4},"end":{"line":50,"column":null}},"10":{"start":{"line":52,"column":2},"end":{"line":52,"column":null}},"11":{"start":{"line":59,"column":2},"end":{"line":59,"column":null}},"12":{"start":{"line":59,"column":33},"end":{"line":59,"column":null}},"13":{"start":{"line":60,"column":2},"end":{"line":60,"column":null}},"14":{"start":{"line":60,"column":32},"end":{"line":60,"column":null}},"15":{"start":{"line":61,"column":2},"end":{"line":63,"column":null}},"16":{"start":{"line":62,"column":4},"end":{"line":62,"column":null}},"17":{"start":{"line":64,"column":2},"end":{"line":64,"column":null}},"18":{"start":{"line":77,"column":16},"end":{"line":77,"column":null}},"19":{"start":{"line":78,"column":16},"end":{"line":78,"column":null}},"20":{"start":{"line":81,"column":2},"end":{"line":81,"column":null}},"21":{"start":{"line":81,"column":42},"end":{"line":81,"column":null}},"22":{"start":{"line":82,"column":2},"end":{"line":82,"column":null}},"23":{"start":{"line":82,"column":42},"end":{"line":82,"column":null}},"24":{"start":{"line":85,"column":2},"end":{"line":87,"column":null}},"25":{"start":{"line":86,"column":4},"end":{"line":86,"column":null}},"26":{"start":{"line":90,"column":2},"end":{"line":92,"column":null}},"27":{"start":{"line":91,"column":4},"end":{"line":91,"column":null}},"28":{"start":{"line":95,"column":2},"end":{"line":95,"column":null}},"29":{"start":{"line":95,"column":48},"end":{"line":95,"column":null}},"30":{"start":{"line":96,"column":2},"end":{"line":96,"column":null}},"31":{"start":{"line":96,"column":48},"end":{"line":96,"column":null}},"32":{"start":{"line":99,"column":2},"end":{"line":99,"column":null}},"33":{"start":{"line":106,"column":19},"end":{"line":106,"column":null}},"34":{"start":{"line":107,"column":2},"end":{"line":107,"column":null}},"35":{"start":{"line":114,"column":24},"end":{"line":114,"column":null}},"36":{"start":{"line":115,"column":24},"end":{"line":115,"column":null}},"37":{"start":{"line":117,"column":23},"end":{"line":117,"column":null}},"38":{"start":{"line":118,"column":2},"end":{"line":122,"column":null}},"39":{"start":{"line":119,"column":4},"end":{"line":121,"column":null}},"40":{"start":{"line":120,"column":6},"end":{"line":120,"column":null}},"41":{"start":{"line":123,"column":2},"end":{"line":123,"column":null}},"42":{"start":{"line":130,"column":19},"end":{"line":130,"column":null}},"43":{"start":{"line":131,"column":2},"end":{"line":134,"column":null}},"44":{"start":{"line":131,"column":15},"end":{"line":131,"column":36}},"45":{"start":{"line":132,"column":14},"end":{"line":132,"column":null}},"46":{"start":{"line":133,"column":4},"end":{"line":133,"column":null}},"47":{"start":{"line":135,"column":2},"end":{"line":135,"column":null}},"48":{"start":{"line":142,"column":44},"end":{"line":147,"column":null}},"49":{"start":{"line":149,"column":44},"end":{"line":156,"column":null}},"50":{"start":{"line":158,"column":2},"end":{"line":158,"column":null}},"51":{"start":{"line":165,"column":2},"end":{"line":165,"column":null}},"52":{"start":{"line":172,"column":16},"end":{"line":174,"column":null}},"53":{"start":{"line":173,"column":11},"end":{"line":173,"column":null}},"54":{"start":{"line":176,"column":2},"end":{"line":178,"column":null}},"55":{"start":{"line":177,"column":4},"end":{"line":177,"column":null}},"56":{"start":{"line":180,"column":2},"end":{"line":180,"column":null}},"57":{"start":{"line":180,"column":31},"end":{"line":180,"column":42}},"58":{"start":{"line":187,"column":2},"end":{"line":187,"column":null}}},"fnMap":{"0":{"name":"isRightBower","decl":{"start":{"line":27,"column":16},"end":{"line":27,"column":29}},"loc":{"start":{"line":27,"column":63},"end":{"line":29,"column":null}},"line":27},"1":{"name":"isLeftBower","decl":{"start":{"line":34,"column":16},"end":{"line":34,"column":28}},"loc":{"start":{"line":34,"column":62},"end":{"line":36,"column":null}},"line":34},"2":{"name":"isBower","decl":{"start":{"line":41,"column":16},"end":{"line":41,"column":24}},"loc":{"start":{"line":41,"column":58},"end":{"line":43,"column":null}},"line":41},"3":{"name":"effectiveSuit","decl":{"start":{"line":48,"column":16},"end":{"line":48,"column":30}},"loc":{"start":{"line":48,"column":61},"end":{"line":53,"column":null}},"line":48},"4":{"name":"trumpRank","decl":{"start":{"line":58,"column":16},"end":{"line":58,"column":26}},"loc":{"start":{"line":58,"column":59},"end":{"line":65,"column":null}},"line":58},"5":{"name":"compareCards","decl":{"start":{"line":71,"column":16},"end":{"line":71,"column":null}},"loc":{"start":{"line":76,"column":10},"end":{"line":100,"column":null}},"line":76},"6":{"name":"followsSuit","decl":{"start":{"line":105,"column":16},"end":{"line":105,"column":28}},"loc":{"start":{"line":105,"column":78},"end":{"line":108,"column":null}},"line":105},"7":{"name":"createDeck","decl":{"start":{"line":113,"column":16},"end":{"line":113,"column":37}},"loc":{"start":{"line":113,"column":37},"end":{"line":124,"column":null}},"line":113},"8":{"name":"shuffleDeck","decl":{"start":{"line":129,"column":16},"end":{"line":129,"column":28}},"loc":{"start":{"line":129,"column":50},"end":{"line":136,"column":null}},"line":129},"9":{"name":"cardToString","decl":{"start":{"line":141,"column":16},"end":{"line":141,"column":29}},"loc":{"start":{"line":141,"column":49},"end":{"line":159,"column":null}},"line":141},"10":{"name":"cardsToString","decl":{"start":{"line":164,"column":16},"end":{"line":164,"column":30}},"loc":{"start":{"line":164,"column":53},"end":{"line":166,"column":null}},"line":164},"11":{"name":"removeCardFromHand","decl":{"start":{"line":171,"column":16},"end":{"line":171,"column":35}},"loc":{"start":{"line":171,"column":77},"end":{"line":181,"column":null}},"line":171},"12":{"name":"(anonymous_12)","decl":{"start":{"line":173,"column":4},"end":{"line":173,"column":5}},"loc":{"start":{"line":173,"column":11},"end":{"line":173,"column":null}},"line":173},"13":{"name":"(anonymous_13)","decl":{"start":{"line":180,"column":21},"end":{"line":180,"column":22}},"loc":{"start":{"line":180,"column":31},"end":{"line":180,"column":42}},"line":180},"14":{"name":"cardsEqual","decl":{"start":{"line":186,"column":16},"end":{"line":186,"column":27}},"loc":{"start":{"line":186,"column":62},"end":{"line":188,"column":null}},"line":186}},"branchMap":{"0":{"loc":{"start":{"line":28,"column":9},"end":{"line":28,"column":null}},"type":"binary-expr","locations":[{"start":{"line":28,"column":9},"end":{"line":28,"column":33}},{"start":{"line":28,"column":33},"end":{"line":28,"column":null}}],"line":28},"1":{"loc":{"start":{"line":35,"column":9},"end":{"line":35,"column":null}},"type":"binary-expr","locations":[{"start":{"line":35,"column":9},"end":{"line":35,"column":33}},{"start":{"line":35,"column":33},"end":{"line":35,"column":null}}],"line":35},"2":{"loc":{"start":{"line":42,"column":9},"end":{"line":42,"column":null}},"type":"binary-expr","locations":[{"start":{"line":42,"column":9},"end":{"line":42,"column":38}},{"start":{"line":42,"column":38},"end":{"line":42,"column":null}}],"line":42},"3":{"loc":{"start":{"line":49,"column":2},"end":{"line":51,"column":null}},"type":"if","locations":[{"start":{"line":49,"column":2},"end":{"line":51,"column":null}},{"start":{},"end":{}}],"line":49},"4":{"loc":{"start":{"line":49,"column":6},"end":{"line":49,"column":61}},"type":"binary-expr","locations":[{"start":{"line":49,"column":6},"end":{"line":49,"column":35}},{"start":{"line":49,"column":35},"end":{"line":49,"column":61}}],"line":49},"5":{"loc":{"start":{"line":59,"column":2},"end":{"line":59,"column":null}},"type":"if","locations":[{"start":{"line":59,"column":2},"end":{"line":59,"column":null}},{"start":{},"end":{}}],"line":59},"6":{"loc":{"start":{"line":60,"column":2},"end":{"line":60,"column":null}},"type":"if","locations":[{"start":{"line":60,"column":2},"end":{"line":60,"column":null}},{"start":{},"end":{}}],"line":60},"7":{"loc":{"start":{"line":61,"column":2},"end":{"line":63,"column":null}},"type":"if","locations":[{"start":{"line":61,"column":2},"end":{"line":63,"column":null}},{"start":{},"end":{}}],"line":61},"8":{"loc":{"start":{"line":81,"column":2},"end":{"line":81,"column":null}},"type":"if","locations":[{"start":{"line":81,"column":2},"end":{"line":81,"column":null}},{"start":{},"end":{}}],"line":81},"9":{"loc":{"start":{"line":81,"column":6},"end":{"line":81,"column":42}},"type":"binary-expr","locations":[{"start":{"line":81,"column":6},"end":{"line":81,"column":25}},{"start":{"line":81,"column":25},"end":{"line":81,"column":42}}],"line":81},"10":{"loc":{"start":{"line":82,"column":2},"end":{"line":82,"column":null}},"type":"if","locations":[{"start":{"line":82,"column":2},"end":{"line":82,"column":null}},{"start":{},"end":{}}],"line":82},"11":{"loc":{"start":{"line":82,"column":6},"end":{"line":82,"column":42}},"type":"binary-expr","locations":[{"start":{"line":82,"column":6},"end":{"line":82,"column":25}},{"start":{"line":82,"column":25},"end":{"line":82,"column":42}}],"line":82},"12":{"loc":{"start":{"line":85,"column":2},"end":{"line":87,"column":null}},"type":"if","locations":[{"start":{"line":85,"column":2},"end":{"line":87,"column":null}},{"start":{},"end":{}}],"line":85},"13":{"loc":{"start":{"line":85,"column":6},"end":{"line":85,"column":42}},"type":"binary-expr","locations":[{"start":{"line":85,"column":6},"end":{"line":85,"column":25}},{"start":{"line":85,"column":25},"end":{"line":85,"column":42}}],"line":85},"14":{"loc":{"start":{"line":90,"column":2},"end":{"line":92,"column":null}},"type":"if","locations":[{"start":{"line":90,"column":2},"end":{"line":92,"column":null}},{"start":{},"end":{}}],"line":90},"15":{"loc":{"start":{"line":95,"column":2},"end":{"line":95,"column":null}},"type":"if","locations":[{"start":{"line":95,"column":2},"end":{"line":95,"column":null}},{"start":{},"end":{}}],"line":95},"16":{"loc":{"start":{"line":95,"column":6},"end":{"line":95,"column":48}},"type":"binary-expr","locations":[{"start":{"line":95,"column":6},"end":{"line":95,"column":28}},{"start":{"line":95,"column":28},"end":{"line":95,"column":48}}],"line":95},"17":{"loc":{"start":{"line":96,"column":2},"end":{"line":96,"column":null}},"type":"if","locations":[{"start":{"line":96,"column":2},"end":{"line":96,"column":null}},{"start":{},"end":{}}],"line":96},"18":{"loc":{"start":{"line":96,"column":6},"end":{"line":96,"column":48}},"type":"binary-expr","locations":[{"start":{"line":96,"column":6},"end":{"line":96,"column":28}},{"start":{"line":96,"column":28},"end":{"line":96,"column":48}}],"line":96},"19":{"loc":{"start":{"line":173,"column":11},"end":{"line":173,"column":null}},"type":"binary-expr","locations":[{"start":{"line":173,"column":11},"end":{"line":173,"column":43}},{"start":{"line":173,"column":43},"end":{"line":173,"column":null}}],"line":173},"20":{"loc":{"start":{"line":176,"column":2},"end":{"line":178,"column":null}},"type":"if","locations":[{"start":{"line":176,"column":2},"end":{"line":178,"column":null}},{"start":{},"end":{}}],"line":176},"21":{"loc":{"start":{"line":187,"column":9},"end":{"line":187,"column":null}},"type":"binary-expr","locations":[{"start":{"line":187,"column":9},"end":{"line":187,"column":38}},{"start":{"line":187,"column":38},"end":{"line":187,"column":null}}],"line":187}},"s":{"0":8,"1":8,"2":8,"3":8,"4":8,"5":381,"6":367,"7":3,"8":307,"9":17,"10":290,"11":69,"12":5,"13":64,"14":4,"15":60,"16":11,"17":49,"18":41,"19":41,"20":41,"21":3,"22":38,"23":3,"24":35,"25":8,"26":27,"27":1,"28":26,"29":1,"30":25,"31":2,"32":23,"33":26,"34":26,"35":135,"36":135,"37":135,"38":135,"39":540,"40":3240,"41":135,"42":134,"43":134,"44":134,"45":3082,"46":3082,"47":134,"48":208,"49":208,"50":208,"51":1,"52":37,"53":43,"54":37,"55":2,"56":35,"57":120,"58":14},"f":{"0":381,"1":367,"2":3,"3":307,"4":69,"5":41,"6":26,"7":135,"8":134,"9":208,"10":1,"11":37,"12":43,"13":120,"14":14},"b":{"0":[381,63],"1":[367,49],"2":[3,2],"3":[17,290],"4":[307,296],"5":[5,64],"6":[4,60],"7":[11,49],"8":[3,38],"9":[41,11],"10":[3,35],"11":[38,30],"12":[8,27],"13":[35,8],"14":[1,26],"15":[1,25],"16":[26,24],"17":[2,23],"18":[25,2],"19":[43,37],"20":[2,35],"21":[14,7]},"meta":{"lastBranch":22,"lastFunction":15,"lastStatement":59,"seen":{"s:3:48:10:Infinity":0,"s:13:25:13:Infinity":1,"s:14:24:14:Infinity":2,"s:15:26:15:Infinity":3,"s:17:43:22:Infinity":4,"f:27:16:27:29":0,"s:28:2:28:Infinity":5,"b:28:9:28:33:28:33:28:Infinity":0,"f:34:16:34:28":1,"s:35:2:35:Infinity":6,"b:35:9:35:33:35:33:35:Infinity":1,"f:41:16:41:24":2,"s:42:2:42:Infinity":7,"b:42:9:42:38:42:38:42:Infinity":2,"f:48:16:48:30":3,"b:49:2:51:Infinity:undefined:undefined:undefined:undefined":3,"s:49:2:51:Infinity":8,"b:49:6:49:35:49:35:49:61":4,"s:50:4:50:Infinity":9,"s:52:2:52:Infinity":10,"f:58:16:58:26":4,"b:59:2:59:Infinity:undefined:undefined:undefined:undefined":5,"s:59:2:59:Infinity":11,"s:59:33:59:Infinity":12,"b:60:2:60:Infinity:undefined:undefined:undefined:undefined":6,"s:60:2:60:Infinity":13,"s:60:32:60:Infinity":14,"b:61:2:63:Infinity:undefined:undefined:undefined:undefined":7,"s:61:2:63:Infinity":15,"s:62:4:62:Infinity":16,"s:64:2:64:Infinity":17,"f:71:16:71:Infinity":5,"s:77:16:77:Infinity":18,"s:78:16:78:Infinity":19,"b:81:2:81:Infinity:undefined:undefined:undefined:undefined":8,"s:81:2:81:Infinity":20,"b:81:6:81:25:81:25:81:42":9,"s:81:42:81:Infinity":21,"b:82:2:82:Infinity:undefined:undefined:undefined:undefined":10,"s:82:2:82:Infinity":22,"b:82:6:82:25:82:25:82:42":11,"s:82:42:82:Infinity":23,"b:85:2:87:Infinity:undefined:undefined:undefined:undefined":12,"s:85:2:87:Infinity":24,"b:85:6:85:25:85:25:85:42":13,"s:86:4:86:Infinity":25,"b:90:2:92:Infinity:undefined:undefined:undefined:undefined":14,"s:90:2:92:Infinity":26,"s:91:4:91:Infinity":27,"b:95:2:95:Infinity:undefined:undefined:undefined:undefined":15,"s:95:2:95:Infinity":28,"b:95:6:95:28:95:28:95:48":16,"s:95:48:95:Infinity":29,"b:96:2:96:Infinity:undefined:undefined:undefined:undefined":17,"s:96:2:96:Infinity":30,"b:96:6:96:28:96:28:96:48":18,"s:96:48:96:Infinity":31,"s:99:2:99:Infinity":32,"f:105:16:105:28":6,"s:106:19:106:Infinity":33,"s:107:2:107:Infinity":34,"f:113:16:113:37":7,"s:114:24:114:Infinity":35,"s:115:24:115:Infinity":36,"s:117:23:117:Infinity":37,"s:118:2:122:Infinity":38,"s:119:4:121:Infinity":39,"s:120:6:120:Infinity":40,"s:123:2:123:Infinity":41,"f:129:16:129:28":8,"s:130:19:130:Infinity":42,"s:131:2:134:Infinity":43,"s:131:15:131:36":44,"s:132:14:132:Infinity":45,"s:133:4:133:Infinity":46,"s:135:2:135:Infinity":47,"f:141:16:141:29":9,"s:142:44:147:Infinity":48,"s:149:44:156:Infinity":49,"s:158:2:158:Infinity":50,"f:164:16:164:30":10,"s:165:2:165:Infinity":51,"f:171:16:171:35":11,"s:172:16:174:Infinity":52,"f:173:4:173:5":12,"s:173:11:173:Infinity":53,"b:173:11:173:43:173:43:173:Infinity":19,"b:176:2:178:Infinity:undefined:undefined:undefined:undefined":20,"s:176:2:178:Infinity":54,"s:177:4:177:Infinity":55,"s:180:2:180:Infinity":56,"f:180:21:180:22":13,"s:180:31:180:42":57,"f:186:16:186:27":14,"s:187:2:187:Infinity":58,"b:187:9:187:38:187:38:187:Infinity":21}}}
,"/Users/eric/Development/euchre-reasoning-arena/lib/game/errors.ts": {"path":"/Users/eric/Development/euchre-reasoning-arena/lib/game/errors.ts","statementMap":{"0":{"start":{"line":11,"column":4},"end":{"line":11,"column":null}},"1":{"start":{"line":9,"column":20},"end":{"line":9,"column":null}},"2":{"start":{"line":12,"column":4},"end":{"line":12,"column":null}},"3":{"start":{"line":25,"column":4},"end":{"line":25,"column":null}},"4":{"start":{"line":22,"column":20},"end":{"line":22,"column":null}},"5":{"start":{"line":23,"column":20},"end":{"line":23,"column":null}},"6":{"start":{"line":26,"column":4},"end":{"line":26,"column":null}},"7":{"start":{"line":35,"column":4},"end":{"line":35,"column":null}},"8":{"start":{"line":36,"column":4},"end":{"line":36,"column":null}},"9":{"start":{"line":49,"column":4},"end":{"line":49,"column":null}},"10":{"start":{"line":46,"column":20},"end":{"line":46,"column":null}},"11":{"start":{"line":47,"column":20},"end":{"line":47,"column":null}},"12":{"start":{"line":50,"column":4},"end":{"line":50,"column":null}}},"fnMap":{"0":{"name":"(anonymous_0)","decl":{"start":{"line":7,"column":2},"end":{"line":7,"column":null}},"loc":{"start":{"line":10,"column":4},"end":{"line":13,"column":null}},"line":10},"1":{"name":"(anonymous_1)","decl":{"start":{"line":20,"column":2},"end":{"line":20,"column":null}},"loc":{"start":{"line":24,"column":4},"end":{"line":27,"column":null}},"line":24},"2":{"name":"(anonymous_2)","decl":{"start":{"line":34,"column":2},"end":{"line":34,"column":14}},"loc":{"start":{"line":34,"column":31},"end":{"line":37,"column":null}},"line":34},"3":{"name":"(anonymous_3)","decl":{"start":{"line":44,"column":2},"end":{"line":44,"column":null}},"loc":{"start":{"line":48,"column":4},"end":{"line":51,"column":null}},"line":48}},"branchMap":{},"s":{"0":27,"1":27,"2":27,"3":2,"4":2,"5":2,"6":2,"7":18,"8":18,"9":6,"10":6,"11":6,"12":6},"f":{"0":27,"1":2,"2":18,"3":6},"b":{},"meta":{"lastBranch":0,"lastFunction":4,"lastStatement":13,"seen":{"f:7:2:7:Infinity":0,"s:11:4:11:Infinity":0,"s:9:20:9:Infinity":1,"s:12:4:12:Infinity":2,"f:20:2:20:Infinity":1,"s:25:4:25:Infinity":3,"s:22:20:22:Infinity":4,"s:23:20:23:Infinity":5,"s:26:4:26:Infinity":6,"f:34:2:34:14":2,"s:35:4:35:Infinity":7,"s:36:4:36:Infinity":8,"f:44:2:44:Infinity":3,"s:49:4:49:Infinity":9,"s:46:20:46:Infinity":10,"s:47:20:47:Infinity":11,"s:50:4:50:Infinity":12}}}
,"/Users/eric/Development/euchre-reasoning-arena/lib/game/game.ts": {"path":"/Users/eric/Development/euchre-reasoning-arena/lib/game/game.ts","statementMap":{"0":{"start":{"line":29,"column":25},"end":{"line":29,"column":null}},"1":{"start":{"line":30,"column":23},"end":{"line":30,"column":null}},"2":{"start":{"line":31,"column":23},"end":{"line":31,"column":null}},"3":{"start":{"line":32,"column":24},"end":{"line":32,"column":null}},"4":{"start":{"line":33,"column":19},"end":{"line":33,"column":null}},"5":{"start":{"line":42,"column":8},"end":{"line":42,"column":null}},"6":{"start":{"line":44,"column":32},"end":{"line":44,"column":null}},"7":{"start":{"line":45,"column":28},"end":{"line":50,"column":null}},"8":{"start":{"line":45,"column":64},"end":{"line":50,"column":4}},"9":{"start":{"line":53,"column":23},"end":{"line":53,"column":null}},"10":{"start":{"line":56,"column":8},"end":{"line":56,"column":null}},"11":{"start":{"line":57,"column":8},"end":{"line":57,"column":null}},"12":{"start":{"line":60,"column":16},"end":{"line":63,"column":null}},"13":{"start":{"line":65,"column":2},"end":{"line":86,"column":null}},"14":{"start":{"line":93,"column":2},"end":{"line":96,"column":null}},"15":{"start":{"line":103,"column":2},"end":{"line":103,"column":null}},"16":{"start":{"line":103,"column":28},"end":{"line":103,"column":null}},"17":{"start":{"line":105,"column":41},"end":{"line":105,"column":null}},"18":{"start":{"line":109,"column":4},"end":{"line":116,"column":null}},"19":{"start":{"line":110,"column":27},"end":{"line":110,"column":73}},"20":{"start":{"line":114,"column":14},"end":{"line":114,"column":null}},"21":{"start":{"line":119,"column":21},"end":{"line":119,"column":null}},"22":{"start":{"line":120,"column":22},"end":{"line":120,"column":null}},"23":{"start":{"line":122,"column":2},"end":{"line":124,"column":null}},"24":{"start":{"line":123,"column":4},"end":{"line":123,"column":null}},"25":{"start":{"line":127,"column":8},"end":{"line":127,"column":null}},"26":{"start":{"line":128,"column":2},"end":{"line":128,"column":null}},"27":{"start":{"line":142,"column":2},"end":{"line":144,"column":null}},"28":{"start":{"line":143,"column":4},"end":{"line":143,"column":null}},"29":{"start":{"line":146,"column":2},"end":{"line":148,"column":null}},"30":{"start":{"line":147,"column":4},"end":{"line":147,"column":null}},"31":{"start":{"line":150,"column":2},"end":{"line":156,"column":null}},"32":{"start":{"line":151,"column":4},"end":{"line":155,"column":null}},"33":{"start":{"line":159,"column":48},"end":{"line":159,"column":null}},"34":{"start":{"line":161,"column":2},"end":{"line":167,"column":null}},"35":{"start":{"line":162,"column":4},"end":{"line":166,"column":null}},"36":{"start":{"line":169,"column":2},"end":{"line":175,"column":null}},"37":{"start":{"line":170,"column":4},"end":{"line":174,"column":null}},"38":{"start":{"line":177,"column":2},"end":{"line":183,"column":null}},"39":{"start":{"line":178,"column":4},"end":{"line":182,"column":null}},"40":{"start":{"line":185,"column":2},"end":{"line":191,"column":null}},"41":{"start":{"line":186,"column":4},"end":{"line":190,"column":null}},"42":{"start":{"line":194,"column":21},"end":{"line":194,"column":null}},"43":{"start":{"line":196,"column":2},"end":{"line":207,"column":null}},"44":{"start":{"line":202,"column":4},"end":{"line":206,"column":null}},"45":{"start":{"line":209,"column":24},"end":{"line":215,"column":null}},"46":{"start":{"line":217,"column":22},"end":{"line":217,"column":null}},"47":{"start":{"line":220,"column":2},"end":{"line":253,"column":null}},"48":{"start":{"line":221,"column":22},"end":{"line":221,"column":null}},"49":{"start":{"line":224,"column":25},"end":{"line":224,"column":null}},"50":{"start":{"line":225,"column":4},"end":{"line":232,"column":null}},"51":{"start":{"line":226,"column":26},"end":{"line":226,"column":null}},"52":{"start":{"line":226,"column":56},"end":{"line":226,"column":77}},"53":{"start":{"line":227,"column":6},"end":{"line":227,"column":null}},"54":{"start":{"line":228,"column":6},"end":{"line":231,"column":null}},"55":{"start":{"line":235,"column":10},"end":{"line":237,"column":null}},"56":{"start":{"line":239,"column":4},"end":{"line":252,"column":null}},"57":{"start":{"line":256,"column":2},"end":{"line":274,"column":null}},"58":{"start":{"line":259,"column":29},"end":{"line":259,"column":48}},"59":{"start":{"line":261,"column":10},"end":{"line":263,"column":null}},"60":{"start":{"line":265,"column":4},"end":{"line":273,"column":null}},"61":{"start":{"line":277,"column":21},"end":{"line":283,"column":null}},"62":{"start":{"line":285,"column":2},"end":{"line":287,"column":null}},"63":{"start":{"line":286,"column":4},"end":{"line":286,"column":null}},"64":{"start":{"line":289,"column":2},"end":{"line":296,"column":null}},"65":{"start":{"line":303,"column":2},"end":{"line":305,"column":null}},"66":{"start":{"line":304,"column":4},"end":{"line":304,"column":null}},"67":{"start":{"line":307,"column":20},"end":{"line":307,"column":null}},"68":{"start":{"line":307,"column":45},"end":{"line":307,"column":71}},"69":{"start":{"line":308,"column":2},"end":{"line":310,"column":null}},"70":{"start":{"line":309,"column":4},"end":{"line":309,"column":null}},"71":{"start":{"line":312,"column":2},"end":{"line":316,"column":null}},"72":{"start":{"line":313,"column":4},"end":{"line":315,"column":null}},"73":{"start":{"line":319,"column":25},"end":{"line":323,"column":null}},"74":{"start":{"line":320,"column":4},"end":{"line":322,"column":null}},"75":{"start":{"line":325,"column":2},"end":{"line":328,"column":null}},"76":{"start":{"line":338,"column":2},"end":{"line":340,"column":null}},"77":{"start":{"line":339,"column":4},"end":{"line":339,"column":null}},"78":{"start":{"line":342,"column":48},"end":{"line":342,"column":null}},"79":{"start":{"line":343,"column":17},"end":{"line":343,"column":null}},"80":{"start":{"line":343,"column":42},"end":{"line":343,"column":71}},"81":{"start":{"line":345,"column":2},"end":{"line":347,"column":null}},"82":{"start":{"line":346,"column":4},"end":{"line":346,"column":null}},"83":{"start":{"line":349,"column":18},"end":{"line":351,"column":null}},"84":{"start":{"line":350,"column":11},"end":{"line":350,"column":null}},"85":{"start":{"line":354,"column":4},"end":{"line":366,"column":null}},"86":{"start":{"line":357,"column":12},"end":{"line":363,"column":null}},"87":{"start":{"line":358,"column":14},"end":{"line":358,"column":null}},"88":{"start":{"line":359,"column":12},"end":{"line":363,"column":null}},"89":{"start":{"line":360,"column":14},"end":{"line":360,"column":null}},"90":{"start":{"line":362,"column":14},"end":{"line":362,"column":null}},"91":{"start":{"line":369,"column":4},"end":{"line":371,"column":null}},"92":{"start":{"line":373,"column":2},"end":{"line":385,"column":null}},"93":{"start":{"line":392,"column":2},"end":{"line":392,"column":null}},"94":{"start":{"line":392,"column":32},"end":{"line":392,"column":null}},"95":{"start":{"line":393,"column":2},"end":{"line":393,"column":null}},"96":{"start":{"line":405,"column":24},"end":{"line":405,"column":null}},"97":{"start":{"line":407,"column":2},"end":{"line":411,"column":null}},"98":{"start":{"line":408,"column":4},"end":{"line":410,"column":null}},"99":{"start":{"line":413,"column":19},"end":{"line":413,"column":null}},"100":{"start":{"line":415,"column":20},"end":{"line":415,"column":null}},"101":{"start":{"line":417,"column":2},"end":{"line":428,"column":null}},"102":{"start":{"line":417,"column":15},"end":{"line":417,"column":18}},"103":{"start":{"line":418,"column":10},"end":{"line":423,"column":null}},"104":{"start":{"line":425,"column":4},"end":{"line":427,"column":null}},"105":{"start":{"line":426,"column":6},"end":{"line":426,"column":null}},"106":{"start":{"line":430,"column":2},"end":{"line":430,"column":null}},"107":{"start":{"line":441,"column":2},"end":{"line":443,"column":null}},"108":{"start":{"line":442,"column":4},"end":{"line":442,"column":null}},"109":{"start":{"line":445,"column":2},"end":{"line":447,"column":null}},"110":{"start":{"line":446,"column":4},"end":{"line":446,"column":null}},"111":{"start":{"line":449,"column":20},"end":{"line":449,"column":null}},"112":{"start":{"line":449,"column":45},"end":{"line":449,"column":66}},"113":{"start":{"line":450,"column":2},"end":{"line":452,"column":null}},"114":{"start":{"line":451,"column":4},"end":{"line":451,"column":null}},"115":{"start":{"line":455,"column":25},"end":{"line":455,"column":null}},"116":{"start":{"line":456,"column":2},"end":{"line":461,"column":null}},"117":{"start":{"line":457,"column":4},"end":{"line":460,"column":null}},"118":{"start":{"line":464,"column":18},"end":{"line":466,"column":null}},"119":{"start":{"line":465,"column":11},"end":{"line":465,"column":null}},"120":{"start":{"line":467,"column":2},"end":{"line":469,"column":null}},"121":{"start":{"line":468,"column":4},"end":{"line":468,"column":null}},"122":{"start":{"line":473,"column":4},"end":{"line":473,"column":null}},"123":{"start":{"line":476,"column":2},"end":{"line":485,"column":null}},"124":{"start":{"line":477,"column":10},"end":{"line":477,"column":null}},"125":{"start":{"line":478,"column":22},"end":{"line":480,"column":null}},"126":{"start":{"line":479,"column":7},"end":{"line":479,"column":null}},"127":{"start":{"line":482,"column":4},"end":{"line":484,"column":null}},"128":{"start":{"line":483,"column":6},"end":{"line":483,"column":null}},"129":{"start":{"line":487,"column":2},"end":{"line":487,"column":null}},"130":{"start":{"line":497,"column":20},"end":{"line":497,"column":null}},"131":{"start":{"line":497,"column":45},"end":{"line":497,"column":66}},"132":{"start":{"line":498,"column":2},"end":{"line":500,"column":null}},"133":{"start":{"line":499,"column":4},"end":{"line":499,"column":null}},"134":{"start":{"line":503,"column":2},"end":{"line":505,"column":null}},"135":{"start":{"line":504,"column":4},"end":{"line":504,"column":null}},"136":{"start":{"line":508,"column":2},"end":{"line":510,"column":null}},"137":{"start":{"line":509,"column":4},"end":{"line":509,"column":null}},"138":{"start":{"line":513,"column":19},"end":{"line":513,"column":null}},"139":{"start":{"line":514,"column":8},"end":{"line":514,"column":null}},"140":{"start":{"line":515,"column":20},"end":{"line":517,"column":null}},"141":{"start":{"line":516,"column":5},"end":{"line":516,"column":null}},"142":{"start":{"line":519,"column":2},"end":{"line":523,"column":null}},"143":{"start":{"line":520,"column":4},"end":{"line":522,"column":null}},"144":{"start":{"line":521,"column":7},"end":{"line":521,"column":null}},"145":{"start":{"line":526,"column":2},"end":{"line":526,"column":null}},"146":{"start":{"line":534,"column":16},"end":{"line":534,"column":null}},"147":{"start":{"line":537,"column":2},"end":{"line":539,"column":null}},"148":{"start":{"line":538,"column":4},"end":{"line":538,"column":null}},"149":{"start":{"line":543,"column":2},"end":{"line":554,"column":null}},"150":{"start":{"line":544,"column":29},"end":{"line":546,"column":null}},"151":{"start":{"line":545,"column":13},"end":{"line":545,"column":null}},"152":{"start":{"line":547,"column":4},"end":{"line":553,"column":null}},"153":{"start":{"line":548,"column":22},"end":{"line":551,"column":null}},"154":{"start":{"line":550,"column":10},"end":{"line":550,"column":null}},"155":{"start":{"line":552,"column":6},"end":{"line":552,"column":null}},"156":{"start":{"line":557,"column":8},"end":{"line":557,"column":null}},"157":{"start":{"line":558,"column":33},"end":{"line":558,"column":null}},"158":{"start":{"line":559,"column":2},"end":{"line":565,"column":null}},"159":{"start":{"line":559,"column":15},"end":{"line":559,"column":18}},"160":{"start":{"line":560,"column":10},"end":{"line":560,"column":null}},"161":{"start":{"line":562,"column":4},"end":{"line":564,"column":null}},"162":{"start":{"line":563,"column":6},"end":{"line":563,"column":null}},"163":{"start":{"line":568,"column":2},"end":{"line":568,"column":null}},"164":{"start":{"line":581,"column":21},"end":{"line":581,"column":null}},"165":{"start":{"line":582,"column":2},"end":{"line":584,"column":null}},"166":{"start":{"line":583,"column":4},"end":{"line":583,"column":null}},"167":{"start":{"line":587,"column":22},"end":{"line":587,"column":null}},"168":{"start":{"line":587,"column":52},"end":{"line":587,"column":73}},"169":{"start":{"line":588,"column":25},"end":{"line":588,"column":null}},"170":{"start":{"line":589,"column":2},"end":{"line":592,"column":null}},"171":{"start":{"line":595,"column":29},"end":{"line":599,"column":null}},"172":{"start":{"line":601,"column":30},"end":{"line":604,"column":null}},"173":{"start":{"line":607,"column":24},"end":{"line":607,"column":null}},"174":{"start":{"line":608,"column":21},"end":{"line":608,"column":null}},"175":{"start":{"line":609,"column":15},"end":{"line":609,"column":null}},"176":{"start":{"line":611,"column":24},"end":{"line":611,"column":null}},"177":{"start":{"line":613,"column":2},"end":{"line":636,"column":null}},"178":{"start":{"line":615,"column":19},"end":{"line":619,"column":null}},"179":{"start":{"line":620,"column":4},"end":{"line":620,"column":null}},"180":{"start":{"line":623,"column":4},"end":{"line":623,"column":null}},"181":{"start":{"line":626,"column":4},"end":{"line":630,"column":null}},"182":{"start":{"line":633,"column":4},"end":{"line":635,"column":null}},"183":{"start":{"line":634,"column":6},"end":{"line":634,"column":null}},"184":{"start":{"line":638,"column":2},"end":{"line":644,"column":null}},"185":{"start":{"line":661,"column":2},"end":{"line":663,"column":null}},"186":{"start":{"line":662,"column":4},"end":{"line":662,"column":null}},"187":{"start":{"line":666,"column":28},"end":{"line":668,"column":null}},"188":{"start":{"line":667,"column":11},"end":{"line":667,"column":null}},"189":{"start":{"line":669,"column":2},"end":{"line":671,"column":null}},"190":{"start":{"line":670,"column":4},"end":{"line":670,"column":null}},"191":{"start":{"line":673,"column":21},"end":{"line":673,"column":null}},"192":{"start":{"line":674,"column":25},"end":{"line":674,"column":null}},"193":{"start":{"line":677,"column":22},"end":{"line":680,"column":null}},"194":{"start":{"line":678,"column":19},"end":{"line":678,"column":null}},"195":{"start":{"line":678,"column":44},"end":{"line":678,"column":71}},"196":{"start":{"line":679,"column":4},"end":{"line":679,"column":null}},"197":{"start":{"line":682,"column":22},"end":{"line":682,"column":null}},"198":{"start":{"line":684,"column":23},"end":{"line":684,"column":null}},"199":{"start":{"line":685,"column":23},"end":{"line":685,"column":null}},"200":{"start":{"line":687,"column":19},"end":{"line":687,"column":null}},"201":{"start":{"line":688,"column":19},"end":{"line":688,"column":null}},"202":{"start":{"line":690,"column":2},"end":{"line":711,"column":null}},"203":{"start":{"line":692,"column":17},"end":{"line":692,"column":null}},"204":{"start":{"line":694,"column":4},"end":{"line":697,"column":null}},"205":{"start":{"line":696,"column":6},"end":{"line":696,"column":null}},"206":{"start":{"line":699,"column":4},"end":{"line":703,"column":null}},"207":{"start":{"line":700,"column":6},"end":{"line":700,"column":null}},"208":{"start":{"line":702,"column":6},"end":{"line":702,"column":null}},"209":{"start":{"line":706,"column":4},"end":{"line":710,"column":null}},"210":{"start":{"line":707,"column":6},"end":{"line":707,"column":null}},"211":{"start":{"line":709,"column":6},"end":{"line":709,"column":null}},"212":{"start":{"line":713,"column":2},"end":{"line":713,"column":null}},"213":{"start":{"line":720,"column":2},"end":{"line":720,"column":null}},"214":{"start":{"line":727,"column":2},"end":{"line":727,"column":null}},"215":{"start":{"line":727,"column":29},"end":{"line":727,"column":null}},"216":{"start":{"line":729,"column":2},"end":{"line":729,"column":null}},"217":{"start":{"line":729,"column":39},"end":{"line":729,"column":null}},"218":{"start":{"line":730,"column":2},"end":{"line":730,"column":null}},"219":{"start":{"line":730,"column":39},"end":{"line":730,"column":null}},"220":{"start":{"line":731,"column":2},"end":{"line":731,"column":null}},"221":{"start":{"line":741,"column":17},"end":{"line":741,"column":null}},"222":{"start":{"line":741,"column":42},"end":{"line":741,"column":71}},"223":{"start":{"line":742,"column":2},"end":{"line":743,"column":null}},"224":{"start":{"line":743,"column":4},"end":{"line":743,"column":null}},"225":{"start":{"line":745,"column":18},"end":{"line":747,"column":null}},"226":{"start":{"line":746,"column":11},"end":{"line":746,"column":null}},"227":{"start":{"line":750,"column":4},"end":{"line":754,"column":null}},"228":{"start":{"line":752,"column":22},"end":{"line":752,"column":62}},"229":{"start":{"line":756,"column":2},"end":{"line":767,"column":null}},"230":{"start":{"line":779,"column":15},"end":{"line":779,"column":null}},"231":{"start":{"line":782,"column":2},"end":{"line":788,"column":null}}},"fnMap":{"0":{"name":"createNewGame","decl":{"start":{"line":38,"column":16},"end":{"line":38,"column":null}},"loc":{"start":{"line":41,"column":13},"end":{"line":87,"column":null}},"line":41},"1":{"name":"(anonymous_1)","decl":{"start":{"line":45,"column":42},"end":{"line":45,"column":43}},"loc":{"start":{"line":45,"column":64},"end":{"line":50,"column":4}},"line":45},"2":{"name":"setTrump","decl":{"start":{"line":92,"column":16},"end":{"line":92,"column":25}},"loc":{"start":{"line":92,"column":66},"end":{"line":97,"column":null}},"line":92},"3":{"name":"getNextBidder","decl":{"start":{"line":102,"column":16},"end":{"line":102,"column":30}},"loc":{"start":{"line":102,"column":64},"end":{"line":129,"column":null}},"line":102},"4":{"name":"(anonymous_4)","decl":{"start":{"line":110,"column":20},"end":{"line":110,"column":21}},"loc":{"start":{"line":110,"column":27},"end":{"line":110,"column":73}},"line":110},"5":{"name":"(anonymous_5)","decl":{"start":{"line":113,"column":12},"end":{"line":113,"column":13}},"loc":{"start":{"line":114,"column":14},"end":{"line":114,"column":null}},"line":114},"6":{"name":"makeTrumpBid","decl":{"start":{"line":134,"column":16},"end":{"line":134,"column":null}},"loc":{"start":{"line":141,"column":13},"end":{"line":297,"column":null}},"line":141},"7":{"name":"(anonymous_7)","decl":{"start":{"line":226,"column":49},"end":{"line":226,"column":50}},"loc":{"start":{"line":226,"column":56},"end":{"line":226,"column":77}},"line":226},"8":{"name":"(anonymous_8)","decl":{"start":{"line":259,"column":22},"end":{"line":259,"column":23}},"loc":{"start":{"line":259,"column":29},"end":{"line":259,"column":48}},"line":259},"9":{"name":"dealerDiscard","decl":{"start":{"line":302,"column":16},"end":{"line":302,"column":30}},"loc":{"start":{"line":302,"column":70},"end":{"line":329,"column":null}},"line":302},"10":{"name":"(anonymous_10)","decl":{"start":{"line":307,"column":38},"end":{"line":307,"column":39}},"loc":{"start":{"line":307,"column":45},"end":{"line":307,"column":71}},"line":307},"11":{"name":"(anonymous_11)","decl":{"start":{"line":319,"column":42},"end":{"line":319,"column":43}},"loc":{"start":{"line":320,"column":4},"end":{"line":322,"column":null}},"line":320},"12":{"name":"formatTrumpSelectionForAI","decl":{"start":{"line":334,"column":16},"end":{"line":334,"column":null}},"loc":{"start":{"line":337,"column":10},"end":{"line":386,"column":null}},"line":337},"13":{"name":"(anonymous_13)","decl":{"start":{"line":343,"column":35},"end":{"line":343,"column":36}},"loc":{"start":{"line":343,"column":42},"end":{"line":343,"column":71}},"line":343},"14":{"name":"(anonymous_14)","decl":{"start":{"line":350,"column":4},"end":{"line":350,"column":5}},"loc":{"start":{"line":350,"column":11},"end":{"line":350,"column":null}},"line":350},"15":{"name":"(anonymous_15)","decl":{"start":{"line":356,"column":15},"end":{"line":356,"column":16}},"loc":{"start":{"line":356,"column":22},"end":{"line":364,"column":11}},"line":356},"16":{"name":"getLeadSuit","decl":{"start":{"line":391,"column":16},"end":{"line":391,"column":28}},"loc":{"start":{"line":391,"column":68},"end":{"line":394,"column":null}},"line":391},"17":{"name":"determineTrickWinner","decl":{"start":{"line":400,"column":16},"end":{"line":400,"column":null}},"loc":{"start":{"line":404,"column":12},"end":{"line":431,"column":null}},"line":404},"18":{"name":"validatePlay","decl":{"start":{"line":436,"column":16},"end":{"line":436,"column":null}},"loc":{"start":{"line":440,"column":38},"end":{"line":488,"column":null}},"line":440},"19":{"name":"(anonymous_19)","decl":{"start":{"line":449,"column":38},"end":{"line":449,"column":39}},"loc":{"start":{"line":449,"column":45},"end":{"line":449,"column":66}},"line":449},"20":{"name":"(anonymous_20)","decl":{"start":{"line":465,"column":4},"end":{"line":465,"column":5}},"loc":{"start":{"line":465,"column":11},"end":{"line":465,"column":null}},"line":465},"21":{"name":"(anonymous_21)","decl":{"start":{"line":479,"column":6},"end":{"line":479,"column":7}},"loc":{"start":{"line":479,"column":7},"end":{"line":479,"column":null}},"line":479},"22":{"name":"getValidCardsForPlay","decl":{"start":{"line":493,"column":16},"end":{"line":493,"column":null}},"loc":{"start":{"line":496,"column":10},"end":{"line":527,"column":null}},"line":496},"23":{"name":"(anonymous_23)","decl":{"start":{"line":497,"column":38},"end":{"line":497,"column":39}},"loc":{"start":{"line":497,"column":45},"end":{"line":497,"column":66}},"line":497},"24":{"name":"(anonymous_24)","decl":{"start":{"line":516,"column":4},"end":{"line":516,"column":5}},"loc":{"start":{"line":516,"column":5},"end":{"line":516,"column":null}},"line":516},"25":{"name":"(anonymous_25)","decl":{"start":{"line":521,"column":6},"end":{"line":521,"column":7}},"loc":{"start":{"line":521,"column":7},"end":{"line":521,"column":null}},"line":521},"26":{"name":"getNextPlayer","decl":{"start":{"line":533,"column":16},"end":{"line":533,"column":30}},"loc":{"start":{"line":533,"column":57},"end":{"line":569,"column":null}},"line":533},"27":{"name":"(anonymous_27)","decl":{"start":{"line":545,"column":6},"end":{"line":545,"column":7}},"loc":{"start":{"line":545,"column":13},"end":{"line":545,"column":null}},"line":545},"28":{"name":"(anonymous_28)","decl":{"start":{"line":549,"column":8},"end":{"line":549,"column":9}},"loc":{"start":{"line":550,"column":10},"end":{"line":550,"column":null}},"line":550},"29":{"name":"playCard","decl":{"start":{"line":574,"column":16},"end":{"line":574,"column":null}},"loc":{"start":{"line":579,"column":13},"end":{"line":645,"column":null}},"line":579},"30":{"name":"(anonymous_30)","decl":{"start":{"line":587,"column":45},"end":{"line":587,"column":46}},"loc":{"start":{"line":587,"column":52},"end":{"line":587,"column":73}},"line":587},"31":{"name":"calculateScores","decl":{"start":{"line":657,"column":16},"end":{"line":657,"column":null}},"loc":{"start":{"line":660,"column":20},"end":{"line":714,"column":null}},"line":660},"32":{"name":"(anonymous_32)","decl":{"start":{"line":667,"column":4},"end":{"line":667,"column":5}},"loc":{"start":{"line":667,"column":11},"end":{"line":667,"column":null}},"line":667},"33":{"name":"(anonymous_33)","decl":{"start":{"line":677,"column":45},"end":{"line":677,"column":46}},"loc":{"start":{"line":677,"column":56},"end":{"line":680,"column":3}},"line":677},"34":{"name":"(anonymous_34)","decl":{"start":{"line":678,"column":37},"end":{"line":678,"column":38}},"loc":{"start":{"line":678,"column":44},"end":{"line":678,"column":71}},"line":678},"35":{"name":"isGameComplete","decl":{"start":{"line":719,"column":16},"end":{"line":719,"column":31}},"loc":{"start":{"line":719,"column":57},"end":{"line":721,"column":null}},"line":719},"36":{"name":"getWinningTeam","decl":{"start":{"line":726,"column":16},"end":{"line":726,"column":31}},"loc":{"start":{"line":726,"column":62},"end":{"line":732,"column":null}},"line":726},"37":{"name":"formatGameStateForAI","decl":{"start":{"line":737,"column":16},"end":{"line":737,"column":null}},"loc":{"start":{"line":740,"column":10},"end":{"line":768,"column":null}},"line":740},"38":{"name":"(anonymous_38)","decl":{"start":{"line":741,"column":35},"end":{"line":741,"column":36}},"loc":{"start":{"line":741,"column":42},"end":{"line":741,"column":71}},"line":741},"39":{"name":"(anonymous_39)","decl":{"start":{"line":746,"column":4},"end":{"line":746,"column":5}},"loc":{"start":{"line":746,"column":11},"end":{"line":746,"column":null}},"line":746},"40":{"name":"(anonymous_40)","decl":{"start":{"line":752,"column":15},"end":{"line":752,"column":16}},"loc":{"start":{"line":752,"column":22},"end":{"line":752,"column":62}},"line":752},"41":{"name":"createGameWithTrump","decl":{"start":{"line":774,"column":16},"end":{"line":774,"column":null}},"loc":{"start":{"line":778,"column":13},"end":{"line":789,"column":null}},"line":778}},"branchMap":{"0":{"loc":{"start":{"line":40,"column":2},"end":{"line":40,"column":null}},"type":"default-arg","locations":[{"start":{"line":40,"column":21},"end":{"line":40,"column":null}}],"line":40},"1":{"loc":{"start":{"line":103,"column":2},"end":{"line":103,"column":null}},"type":"if","locations":[{"start":{"line":103,"column":2},"end":{"line":103,"column":null}},{"start":{},"end":{}}],"line":103},"2":{"loc":{"start":{"line":109,"column":4},"end":{"line":116,"column":null}},"type":"cond-expr","locations":[{"start":{"line":110,"column":8},"end":{"line":110,"column":null}},{"start":{"line":111,"column":8},"end":{"line":116,"column":null}}],"line":109},"3":{"loc":{"start":{"line":110,"column":27},"end":{"line":110,"column":73}},"type":"binary-expr","locations":[{"start":{"line":110,"column":27},"end":{"line":110,"column":54}},{"start":{"line":110,"column":54},"end":{"line":110,"column":73}}],"line":110},"4":{"loc":{"start":{"line":114,"column":14},"end":{"line":114,"column":null}},"type":"binary-expr","locations":[{"start":{"line":114,"column":14},"end":{"line":114,"column":44}},{"start":{"line":114,"column":44},"end":{"line":114,"column":67}},{"start":{"line":114,"column":67},"end":{"line":114,"column":null}}],"line":114},"5":{"loc":{"start":{"line":119,"column":21},"end":{"line":119,"column":null}},"type":"cond-expr","locations":[{"start":{"line":119,"column":35},"end":{"line":119,"column":64}},{"start":{"line":119,"column":64},"end":{"line":119,"column":null}}],"line":119},"6":{"loc":{"start":{"line":120,"column":22},"end":{"line":120,"column":null}},"type":"cond-expr","locations":[{"start":{"line":120,"column":36},"end":{"line":120,"column":52}},{"start":{"line":120,"column":52},"end":{"line":120,"column":null}}],"line":120},"7":{"loc":{"start":{"line":122,"column":2},"end":{"line":124,"column":null}},"type":"if","locations":[{"start":{"line":122,"column":2},"end":{"line":124,"column":null}},{"start":{},"end":{}}],"line":122},"8":{"loc":{"start":{"line":139,"column":2},"end":{"line":139,"column":null}},"type":"default-arg","locations":[{"start":{"line":139,"column":24},"end":{"line":139,"column":null}}],"line":139},"9":{"loc":{"start":{"line":142,"column":2},"end":{"line":144,"column":null}},"type":"if","locations":[{"start":{"line":142,"column":2},"end":{"line":144,"column":null}},{"start":{},"end":{}}],"line":142},"10":{"loc":{"start":{"line":146,"column":2},"end":{"line":148,"column":null}},"type":"if","locations":[{"start":{"line":146,"column":2},"end":{"line":148,"column":null}},{"start":{},"end":{}}],"line":146},"11":{"loc":{"start":{"line":150,"column":2},"end":{"line":156,"column":null}},"type":"if","locations":[{"start":{"line":150,"column":2},"end":{"line":156,"column":null}},{"start":{},"end":{}}],"line":150},"12":{"loc":{"start":{"line":161,"column":2},"end":{"line":167,"column":null}},"type":"if","locations":[{"start":{"line":161,"column":2},"end":{"line":167,"column":null}},{"start":{},"end":{}}],"line":161},"13":{"loc":{"start":{"line":161,"column":6},"end":{"line":161,"column":46}},"type":"binary-expr","locations":[{"start":{"line":161,"column":6},"end":{"line":161,"column":21}},{"start":{"line":161,"column":21},"end":{"line":161,"column":46}}],"line":161},"14":{"loc":{"start":{"line":169,"column":2},"end":{"line":175,"column":null}},"type":"if","locations":[{"start":{"line":169,"column":2},"end":{"line":175,"column":null}},{"start":{},"end":{}}],"line":169},"15":{"loc":{"start":{"line":169,"column":6},"end":{"line":169,"column":44}},"type":"binary-expr","locations":[{"start":{"line":169,"column":6},"end":{"line":169,"column":21}},{"start":{"line":169,"column":21},"end":{"line":169,"column":44}}],"line":169},"16":{"loc":{"start":{"line":177,"column":2},"end":{"line":183,"column":null}},"type":"if","locations":[{"start":{"line":177,"column":2},"end":{"line":183,"column":null}},{"start":{},"end":{}}],"line":177},"17":{"loc":{"start":{"line":177,"column":6},"end":{"line":177,"column":40}},"type":"binary-expr","locations":[{"start":{"line":177,"column":6},"end":{"line":177,"column":33}},{"start":{"line":177,"column":33},"end":{"line":177,"column":40}}],"line":177},"18":{"loc":{"start":{"line":185,"column":2},"end":{"line":191,"column":null}},"type":"if","locations":[{"start":{"line":185,"column":2},"end":{"line":191,"column":null}},{"start":{},"end":{}}],"line":185},"19":{"loc":{"start":{"line":185,"column":6},"end":{"line":185,"column":61}},"type":"binary-expr","locations":[{"start":{"line":185,"column":6},"end":{"line":185,"column":33}},{"start":{"line":185,"column":33},"end":{"line":185,"column":61}}],"line":185},"20":{"loc":{"start":{"line":194,"column":21},"end":{"line":194,"column":null}},"type":"cond-expr","locations":[{"start":{"line":194,"column":35},"end":{"line":194,"column":64}},{"start":{"line":194,"column":64},"end":{"line":194,"column":null}}],"line":194},"21":{"loc":{"start":{"line":196,"column":2},"end":{"line":207,"column":null}},"type":"if","locations":[{"start":{"line":196,"column":2},"end":{"line":207,"column":null}},{"start":{},"end":{}}],"line":196},"22":{"loc":{"start":{"line":197,"column":4},"end":{"line":200,"column":null}},"type":"binary-expr","locations":[{"start":{"line":197,"column":4},"end":{"line":197,"column":null}},{"start":{"line":198,"column":4},"end":{"line":198,"column":null}},{"start":{"line":199,"column":4},"end":{"line":199,"column":null}},{"start":{"line":200,"column":4},"end":{"line":200,"column":null}}],"line":197},"23":{"loc":{"start":{"line":220,"column":2},"end":{"line":253,"column":null}},"type":"if","locations":[{"start":{"line":220,"column":2},"end":{"line":253,"column":null}},{"start":{},"end":{}}],"line":220},"24":{"loc":{"start":{"line":220,"column":6},"end":{"line":220,"column":56}},"type":"binary-expr","locations":[{"start":{"line":220,"column":6},"end":{"line":220,"column":31}},{"start":{"line":220,"column":31},"end":{"line":220,"column":56}}],"line":220},"25":{"loc":{"start":{"line":221,"column":22},"end":{"line":221,"column":null}},"type":"cond-expr","locations":[{"start":{"line":221,"column":46},"end":{"line":221,"column":66}},{"start":{"line":221,"column":66},"end":{"line":221,"column":null}}],"line":221},"26":{"loc":{"start":{"line":225,"column":4},"end":{"line":232,"column":null}},"type":"if","locations":[{"start":{"line":225,"column":4},"end":{"line":232,"column":null}},{"start":{},"end":{}}],"line":225},"27":{"loc":{"start":{"line":244,"column":18},"end":{"line":244,"column":null}},"type":"cond-expr","locations":[{"start":{"line":244,"column":31},"end":{"line":244,"column":40}},{"start":{"line":244,"column":40},"end":{"line":244,"column":null}}],"line":244},"28":{"loc":{"start":{"line":256,"column":2},"end":{"line":274,"column":null}},"type":"if","locations":[{"start":{"line":256,"column":2},"end":{"line":274,"column":null}},{"start":{},"end":{}}],"line":256},"29":{"loc":{"start":{"line":257,"column":4},"end":{"line":259,"column":null}},"type":"binary-expr","locations":[{"start":{"line":257,"column":4},"end":{"line":257,"column":null}},{"start":{"line":258,"column":4},"end":{"line":258,"column":null}},{"start":{"line":259,"column":4},"end":{"line":259,"column":null}}],"line":257},"30":{"loc":{"start":{"line":285,"column":2},"end":{"line":287,"column":null}},"type":"if","locations":[{"start":{"line":285,"column":2},"end":{"line":287,"column":null}},{"start":{},"end":{}}],"line":285},"31":{"loc":{"start":{"line":303,"column":2},"end":{"line":305,"column":null}},"type":"if","locations":[{"start":{"line":303,"column":2},"end":{"line":305,"column":null}},{"start":{},"end":{}}],"line":303},"32":{"loc":{"start":{"line":308,"column":2},"end":{"line":310,"column":null}},"type":"if","locations":[{"start":{"line":308,"column":2},"end":{"line":310,"column":null}},{"start":{},"end":{}}],"line":308},"33":{"loc":{"start":{"line":312,"column":2},"end":{"line":316,"column":null}},"type":"if","locations":[{"start":{"line":312,"column":2},"end":{"line":316,"column":null}},{"start":{},"end":{}}],"line":312},"34":{"loc":{"start":{"line":320,"column":4},"end":{"line":322,"column":null}},"type":"cond-expr","locations":[{"start":{"line":321,"column":8},"end":{"line":321,"column":null}},{"start":{"line":322,"column":8},"end":{"line":322,"column":null}}],"line":320},"35":{"loc":{"start":{"line":338,"column":2},"end":{"line":340,"column":null}},"type":"if","locations":[{"start":{"line":338,"column":2},"end":{"line":340,"column":null}},{"start":{},"end":{}}],"line":338},"36":{"loc":{"start":{"line":345,"column":2},"end":{"line":347,"column":null}},"type":"if","locations":[{"start":{"line":345,"column":2},"end":{"line":347,"column":null}},{"start":{},"end":{}}],"line":345},"37":{"loc":{"start":{"line":350,"column":11},"end":{"line":350,"column":null}},"type":"binary-expr","locations":[{"start":{"line":350,"column":11},"end":{"line":350,"column":37}},{"start":{"line":350,"column":37},"end":{"line":350,"column":null}}],"line":350},"38":{"loc":{"start":{"line":354,"column":4},"end":{"line":366,"column":null}},"type":"cond-expr","locations":[{"start":{"line":355,"column":8},"end":{"line":365,"column":null}},{"start":{"line":366,"column":8},"end":{"line":366,"column":null}}],"line":354},"39":{"loc":{"start":{"line":357,"column":12},"end":{"line":363,"column":null}},"type":"if","locations":[{"start":{"line":357,"column":12},"end":{"line":363,"column":null}},{"start":{"line":359,"column":12},"end":{"line":363,"column":null}}],"line":357},"40":{"loc":{"start":{"line":359,"column":12},"end":{"line":363,"column":null}},"type":"if","locations":[{"start":{"line":359,"column":12},"end":{"line":363,"column":null}},{"start":{"line":361,"column":19},"end":{"line":363,"column":null}}],"line":359},"41":{"loc":{"start":{"line":360,"column":68},"end":{"line":360,"column":104}},"type":"cond-expr","locations":[{"start":{"line":360,"column":83},"end":{"line":360,"column":102}},{"start":{"line":360,"column":102},"end":{"line":360,"column":104}}],"line":360},"42":{"loc":{"start":{"line":362,"column":62},"end":{"line":362,"column":98}},"type":"cond-expr","locations":[{"start":{"line":362,"column":77},"end":{"line":362,"column":96}},{"start":{"line":362,"column":96},"end":{"line":362,"column":98}}],"line":362},"43":{"loc":{"start":{"line":369,"column":4},"end":{"line":371,"column":null}},"type":"cond-expr","locations":[{"start":{"line":370,"column":8},"end":{"line":370,"column":null}},{"start":{"line":371,"column":8},"end":{"line":371,"column":null}}],"line":369},"44":{"loc":{"start":{"line":371,"column":70},"end":{"line":371,"column":132}},"type":"cond-expr","locations":[{"start":{"line":371,"column":98},"end":{"line":371,"column":130}},{"start":{"line":371,"column":130},"end":{"line":371,"column":132}}],"line":371},"45":{"loc":{"start":{"line":392,"column":2},"end":{"line":392,"column":null}},"type":"if","locations":[{"start":{"line":392,"column":2},"end":{"line":392,"column":null}},{"start":{},"end":{}}],"line":392},"46":{"loc":{"start":{"line":403,"column":2},"end":{"line":403,"column":null}},"type":"default-arg","locations":[{"start":{"line":403,"column":24},"end":{"line":403,"column":null}}],"line":403},"47":{"loc":{"start":{"line":405,"column":24},"end":{"line":405,"column":null}},"type":"cond-expr","locations":[{"start":{"line":405,"column":37},"end":{"line":405,"column":41}},{"start":{"line":405,"column":41},"end":{"line":405,"column":null}}],"line":405},"48":{"loc":{"start":{"line":407,"column":2},"end":{"line":411,"column":null}},"type":"if","locations":[{"start":{"line":407,"column":2},"end":{"line":411,"column":null}},{"start":{},"end":{}}],"line":407},"49":{"loc":{"start":{"line":409,"column":69},"end":{"line":409,"column":106}},"type":"cond-expr","locations":[{"start":{"line":409,"column":82},"end":{"line":409,"column":98}},{"start":{"line":409,"column":98},"end":{"line":409,"column":106}}],"line":409},"50":{"loc":{"start":{"line":425,"column":4},"end":{"line":427,"column":null}},"type":"if","locations":[{"start":{"line":425,"column":4},"end":{"line":427,"column":null}},{"start":{},"end":{}}],"line":425},"51":{"loc":{"start":{"line":441,"column":2},"end":{"line":443,"column":null}},"type":"if","locations":[{"start":{"line":441,"column":2},"end":{"line":443,"column":null}},{"start":{},"end":{}}],"line":441},"52":{"loc":{"start":{"line":445,"column":2},"end":{"line":447,"column":null}},"type":"if","locations":[{"start":{"line":445,"column":2},"end":{"line":447,"column":null}},{"start":{},"end":{}}],"line":445},"53":{"loc":{"start":{"line":450,"column":2},"end":{"line":452,"column":null}},"type":"if","locations":[{"start":{"line":450,"column":2},"end":{"line":452,"column":null}},{"start":{},"end":{}}],"line":450},"54":{"loc":{"start":{"line":456,"column":2},"end":{"line":461,"column":null}},"type":"if","locations":[{"start":{"line":456,"column":2},"end":{"line":461,"column":null}},{"start":{},"end":{}}],"line":456},"55":{"loc":{"start":{"line":465,"column":11},"end":{"line":465,"column":null}},"type":"binary-expr","locations":[{"start":{"line":465,"column":11},"end":{"line":465,"column":35}},{"start":{"line":465,"column":35},"end":{"line":465,"column":null}}],"line":465},"56":{"loc":{"start":{"line":467,"column":2},"end":{"line":469,"column":null}},"type":"if","locations":[{"start":{"line":467,"column":2},"end":{"line":469,"column":null}},{"start":{},"end":{}}],"line":467},"57":{"loc":{"start":{"line":473,"column":4},"end":{"line":473,"column":null}},"type":"cond-expr","locations":[{"start":{"line":473,"column":41},"end":{"line":473,"column":75}},{"start":{"line":473,"column":75},"end":{"line":473,"column":null}}],"line":473},"58":{"loc":{"start":{"line":476,"column":2},"end":{"line":485,"column":null}},"type":"if","locations":[{"start":{"line":476,"column":2},"end":{"line":485,"column":null}},{"start":{},"end":{}}],"line":476},"59":{"loc":{"start":{"line":476,"column":6},"end":{"line":476,"column":30}},"type":"binary-expr","locations":[{"start":{"line":476,"column":6},"end":{"line":476,"column":18}},{"start":{"line":476,"column":18},"end":{"line":476,"column":30}}],"line":476},"60":{"loc":{"start":{"line":482,"column":4},"end":{"line":484,"column":null}},"type":"if","locations":[{"start":{"line":482,"column":4},"end":{"line":484,"column":null}},{"start":{},"end":{}}],"line":482},"61":{"loc":{"start":{"line":482,"column":8},"end":{"line":482,"column":63}},"type":"binary-expr","locations":[{"start":{"line":482,"column":8},"end":{"line":482,"column":21}},{"start":{"line":482,"column":21},"end":{"line":482,"column":63}}],"line":482},"62":{"loc":{"start":{"line":498,"column":2},"end":{"line":500,"column":null}},"type":"if","locations":[{"start":{"line":498,"column":2},"end":{"line":500,"column":null}},{"start":{},"end":{}}],"line":498},"63":{"loc":{"start":{"line":503,"column":2},"end":{"line":505,"column":null}},"type":"if","locations":[{"start":{"line":503,"column":2},"end":{"line":505,"column":null}},{"start":{},"end":{}}],"line":503},"64":{"loc":{"start":{"line":503,"column":6},"end":{"line":503,"column":47}},"type":"binary-expr","locations":[{"start":{"line":503,"column":6},"end":{"line":503,"column":34}},{"start":{"line":503,"column":34},"end":{"line":503,"column":47}}],"line":503},"65":{"loc":{"start":{"line":508,"column":2},"end":{"line":510,"column":null}},"type":"if","locations":[{"start":{"line":508,"column":2},"end":{"line":510,"column":null}},{"start":{},"end":{}}],"line":508},"66":{"loc":{"start":{"line":519,"column":2},"end":{"line":523,"column":null}},"type":"if","locations":[{"start":{"line":519,"column":2},"end":{"line":523,"column":null}},{"start":{},"end":{}}],"line":519},"67":{"loc":{"start":{"line":537,"column":2},"end":{"line":539,"column":null}},"type":"if","locations":[{"start":{"line":537,"column":2},"end":{"line":539,"column":null}},{"start":{},"end":{}}],"line":537},"68":{"loc":{"start":{"line":543,"column":2},"end":{"line":554,"column":null}},"type":"if","locations":[{"start":{"line":543,"column":2},"end":{"line":554,"column":null}},{"start":{},"end":{}}],"line":543},"69":{"loc":{"start":{"line":547,"column":4},"end":{"line":553,"column":null}},"type":"if","locations":[{"start":{"line":547,"column":4},"end":{"line":553,"column":null}},{"start":{},"end":{}}],"line":547},"70":{"loc":{"start":{"line":550,"column":10},"end":{"line":550,"column":null}},"type":"binary-expr","locations":[{"start":{"line":550,"column":10},"end":{"line":550,"column":46}},{"start":{"line":550,"column":46},"end":{"line":550,"column":null}}],"line":550},"71":{"loc":{"start":{"line":562,"column":4},"end":{"line":564,"column":null}},"type":"if","locations":[{"start":{"line":562,"column":4},"end":{"line":564,"column":null}},{"start":{},"end":{}}],"line":562},"72":{"loc":{"start":{"line":562,"column":8},"end":{"line":562,"column":49}},"type":"binary-expr","locations":[{"start":{"line":562,"column":8},"end":{"line":562,"column":26}},{"start":{"line":562,"column":26},"end":{"line":562,"column":49}}],"line":562},"73":{"loc":{"start":{"line":582,"column":2},"end":{"line":584,"column":null}},"type":"if","locations":[{"start":{"line":582,"column":2},"end":{"line":584,"column":null}},{"start":{},"end":{}}],"line":582},"74":{"loc":{"start":{"line":611,"column":24},"end":{"line":611,"column":null}},"type":"cond-expr","locations":[{"start":{"line":611,"column":42},"end":{"line":611,"column":46}},{"start":{"line":611,"column":46},"end":{"line":611,"column":null}}],"line":611},"75":{"loc":{"start":{"line":613,"column":2},"end":{"line":636,"column":null}},"type":"if","locations":[{"start":{"line":613,"column":2},"end":{"line":636,"column":null}},{"start":{},"end":{}}],"line":613},"76":{"loc":{"start":{"line":633,"column":4},"end":{"line":635,"column":null}},"type":"if","locations":[{"start":{"line":633,"column":4},"end":{"line":635,"column":null}},{"start":{},"end":{}}],"line":633},"77":{"loc":{"start":{"line":661,"column":2},"end":{"line":663,"column":null}},"type":"if","locations":[{"start":{"line":661,"column":2},"end":{"line":663,"column":null}},{"start":{},"end":{}}],"line":661},"78":{"loc":{"start":{"line":669,"column":2},"end":{"line":671,"column":null}},"type":"if","locations":[{"start":{"line":669,"column":2},"end":{"line":671,"column":null}},{"start":{},"end":{}}],"line":669},"79":{"loc":{"start":{"line":674,"column":25},"end":{"line":674,"column":null}},"type":"cond-expr","locations":[{"start":{"line":674,"column":44},"end":{"line":674,"column":48}},{"start":{"line":674,"column":48},"end":{"line":674,"column":null}}],"line":674},"80":{"loc":{"start":{"line":684,"column":23},"end":{"line":684,"column":null}},"type":"cond-expr","locations":[{"start":{"line":684,"column":42},"end":{"line":684,"column":56}},{"start":{"line":684,"column":56},"end":{"line":684,"column":null}}],"line":684},"81":{"loc":{"start":{"line":690,"column":2},"end":{"line":711,"column":null}},"type":"if","locations":[{"start":{"line":690,"column":2},"end":{"line":711,"column":null}},{"start":{"line":704,"column":9},"end":{"line":711,"column":null}}],"line":690},"82":{"loc":{"start":{"line":694,"column":4},"end":{"line":697,"column":null}},"type":"if","locations":[{"start":{"line":694,"column":4},"end":{"line":697,"column":null}},{"start":{},"end":{}}],"line":694},"83":{"loc":{"start":{"line":696,"column":15},"end":{"line":696,"column":null}},"type":"cond-expr","locations":[{"start":{"line":696,"column":30},"end":{"line":696,"column":34}},{"start":{"line":696,"column":34},"end":{"line":696,"column":null}}],"line":696},"84":{"loc":{"start":{"line":699,"column":4},"end":{"line":703,"column":null}},"type":"if","locations":[{"start":{"line":699,"column":4},"end":{"line":703,"column":null}},{"start":{"line":701,"column":11},"end":{"line":703,"column":null}}],"line":699},"85":{"loc":{"start":{"line":706,"column":4},"end":{"line":710,"column":null}},"type":"if","locations":[{"start":{"line":706,"column":4},"end":{"line":710,"column":null}},{"start":{"line":708,"column":11},"end":{"line":710,"column":null}}],"line":706},"86":{"loc":{"start":{"line":727,"column":2},"end":{"line":727,"column":null}},"type":"if","locations":[{"start":{"line":727,"column":2},"end":{"line":727,"column":null}},{"start":{},"end":{}}],"line":727},"87":{"loc":{"start":{"line":729,"column":2},"end":{"line":729,"column":null}},"type":"if","locations":[{"start":{"line":729,"column":2},"end":{"line":729,"column":null}},{"start":{},"end":{}}],"line":729},"88":{"loc":{"start":{"line":730,"column":2},"end":{"line":730,"column":null}},"type":"if","locations":[{"start":{"line":730,"column":2},"end":{"line":730,"column":null}},{"start":{},"end":{}}],"line":730},"89":{"loc":{"start":{"line":742,"column":2},"end":{"line":743,"column":null}},"type":"if","locations":[{"start":{"line":742,"column":2},"end":{"line":743,"column":null}},{"start":{},"end":{}}],"line":742},"90":{"loc":{"start":{"line":746,"column":11},"end":{"line":746,"column":null}},"type":"binary-expr","locations":[{"start":{"line":746,"column":11},"end":{"line":746,"column":37}},{"start":{"line":746,"column":37},"end":{"line":746,"column":null}}],"line":746},"91":{"loc":{"start":{"line":750,"column":4},"end":{"line":754,"column":null}},"type":"cond-expr","locations":[{"start":{"line":751,"column":8},"end":{"line":753,"column":null}},{"start":{"line":754,"column":8},"end":{"line":754,"column":null}}],"line":750},"92":{"loc":{"start":{"line":757,"column":9},"end":{"line":757,"column":32}},"type":"binary-expr","locations":[{"start":{"line":757,"column":9},"end":{"line":757,"column":23}},{"start":{"line":757,"column":23},"end":{"line":757,"column":32}}],"line":757},"93":{"loc":{"start":{"line":777,"column":2},"end":{"line":777,"column":null}},"type":"default-arg","locations":[{"start":{"line":777,"column":21},"end":{"line":777,"column":null}}],"line":777}},"s":{"0":7,"1":7,"2":7,"3":7,"4":7,"5":132,"6":132,"7":132,"8":528,"9":132,"10":132,"11":132,"12":132,"13":132,"14":1,"15":51,"16":1,"17":50,"18":50,"19":78,"20":61,"21":51,"22":51,"23":51,"24":2,"25":48,"26":48,"27":86,"28":1,"29":85,"30":1,"31":84,"32":1,"33":83,"34":83,"35":1,"36":82,"37":1,"38":81,"39":1,"40":80,"41":1,"42":79,"43":86,"44":1,"45":78,"46":78,"47":78,"48":18,"49":18,"50":18,"51":14,"52":14,"53":14,"54":14,"55":18,"56":18,"57":60,"58":48,"59":12,"60":12,"61":48,"62":48,"63":1,"64":47,"65":6,"66":1,"67":5,"68":8,"69":5,"70":1,"71":4,"72":1,"73":3,"74":9,"75":3,"76":17,"77":1,"78":16,"79":16,"80":37,"81":16,"82":1,"83":15,"84":47,"85":15,"86":19,"87":15,"88":4,"89":2,"90":2,"91":17,"92":17,"93":14,"94":1,"95":13,"96":15,"97":15,"98":4,"99":11,"100":11,"101":11,"102":11,"103":31,"104":31,"105":3,"106":11,"107":44,"108":1,"109":43,"110":2,"111":41,"112":93,"113":41,"114":1,"115":40,"116":40,"117":2,"118":38,"119":48,"120":38,"121":2,"122":36,"123":44,"124":24,"125":24,"126":25,"127":24,"128":2,"129":34,"130":11,"131":24,"132":11,"133":1,"134":10,"135":1,"136":9,"137":2,"138":7,"139":7,"140":7,"141":11,"142":7,"143":6,"144":30,"145":1,"146":78,"147":78,"148":27,"149":51,"150":8,"151":13,"152":8,"153":7,"154":23,"155":7,"156":51,"157":51,"158":51,"159":51,"160":204,"161":204,"162":197,"163":51,"164":32,"165":32,"166":1,"167":31,"168":75,"169":31,"170":31,"171":31,"172":31,"173":31,"174":31,"175":31,"176":31,"177":32,"178":7,"179":7,"180":7,"181":7,"182":7,"183":1,"184":31,"185":13,"186":2,"187":11,"188":21,"189":11,"190":2,"191":9,"192":9,"193":13,"194":45,"195":94,"196":45,"197":13,"198":13,"199":13,"200":13,"201":13,"202":13,"203":6,"204":6,"205":4,"206":6,"207":3,"208":3,"209":3,"210":1,"211":2,"212":9,"213":6,"214":4,"215":1,"216":3,"217":1,"218":2,"219":1,"220":1,"221":16,"222":26,"223":16,"224":1,"225":15,"226":52,"227":15,"228":6,"229":16,"230":56,"231":56},"f":{"0":132,"1":528,"2":1,"3":51,"4":78,"5":61,"6":86,"7":14,"8":48,"9":6,"10":8,"11":9,"12":17,"13":37,"14":47,"15":19,"16":14,"17":15,"18":44,"19":93,"20":48,"21":25,"22":11,"23":24,"24":11,"25":30,"26":78,"27":13,"28":23,"29":32,"30":75,"31":13,"32":21,"33":45,"34":94,"35":6,"36":4,"37":16,"38":26,"39":52,"40":6,"41":56},"b":{"0":[132],"1":[1,50],"2":[40,10],"3":[78,78],"4":[61,61,61],"5":[10,40],"6":[40,10],"7":[2,49],"8":[86],"9":[1,85],"10":[1,84],"11":[1,83],"12":[1,82],"13":[83,65],"14":[1,81],"15":[82,18],"16":[1,80],"17":[81,6],"18":[1,79],"19":[80,5],"20":[15,64],"21":[1,85],"22":[86,15,2,1],"23":[18,60],"24":[78,64],"25":[14,4],"26":[14,4],"27":[5,13],"28":[12,48],"29":[60,50,12],"30":[1,47],"31":[1,5],"32":[1,4],"33":[1,3],"34":[3,6],"35":[1,16],"36":[1,15],"37":[47,26],"38":[4,11],"39":[15,4],"40":[2,2],"41":[1,1],"42":[1,1],"43":[10,5],"44":[1,4],"45":[1,13],"46":[15],"47":[3,12],"48":[4,11],"49":[1,3],"50":[3,28],"51":[1,43],"52":[2,41],"53":[1,40],"54":[2,38],"55":[48,37],"56":[2,36],"57":[24,12],"58":[24,20],"59":[44,24],"60":[2,22],"61":[24,23],"62":[1,10],"63":[1,9],"64":[10,9],"65":[2,7],"66":[6,1],"67":[27,51],"68":[8,43],"69":[7,1],"70":[23,14],"71":[197,7],"72":[204,28],"73":[1,31],"74":[3,28],"75":[7,25],"76":[1,6],"77":[2,11],"78":[2,9],"79":[5,4],"80":[5,4],"81":[6,3],"82":[4,2],"83":[3,1],"84":[3,3],"85":[1,2],"86":[1,3],"87":[1,2],"88":[1,1],"89":[1,15],"90":[52,30],"91":[6,9],"92":[16,1],"93":[56]},"meta":{"lastBranch":94,"lastFunction":42,"lastStatement":232,"seen":{"s:29:25:29:Infinity":0,"s:30:23:30:Infinity":1,"s:31:23:31:Infinity":2,"s:32:24:32:Infinity":3,"s:33:19:33:Infinity":4,"f:38:16:38:Infinity":0,"b:40:21:40:Infinity":0,"s:42:8:42:Infinity":5,"s:44:32:44:Infinity":6,"s:45:28:50:Infinity":7,"f:45:42:45:43":1,"s:45:64:50:4":8,"s:53:23:53:Infinity":9,"s:56:8:56:Infinity":10,"s:57:8:57:Infinity":11,"s:60:16:63:Infinity":12,"s:65:2:86:Infinity":13,"f:92:16:92:25":2,"s:93:2:96:Infinity":14,"f:102:16:102:30":3,"b:103:2:103:Infinity:undefined:undefined:undefined:undefined":1,"s:103:2:103:Infinity":15,"s:103:28:103:Infinity":16,"s:105:41:105:Infinity":17,"s:109:4:116:Infinity":18,"b:110:8:110:Infinity:111:8:116:Infinity":2,"f:110:20:110:21":4,"s:110:27:110:73":19,"b:110:27:110:54:110:54:110:73":3,"f:113:12:113:13":5,"s:114:14:114:Infinity":20,"b:114:14:114:44:114:44:114:67:114:67:114:Infinity":4,"s:119:21:119:Infinity":21,"b:119:35:119:64:119:64:119:Infinity":5,"s:120:22:120:Infinity":22,"b:120:36:120:52:120:52:120:Infinity":6,"b:122:2:124:Infinity:undefined:undefined:undefined:undefined":7,"s:122:2:124:Infinity":23,"s:123:4:123:Infinity":24,"s:127:8:127:Infinity":25,"s:128:2:128:Infinity":26,"f:134:16:134:Infinity":6,"b:139:24:139:Infinity":8,"b:142:2:144:Infinity:undefined:undefined:undefined:undefined":9,"s:142:2:144:Infinity":27,"s:143:4:143:Infinity":28,"b:146:2:148:Infinity:undefined:undefined:undefined:undefined":10,"s:146:2:148:Infinity":29,"s:147:4:147:Infinity":30,"b:150:2:156:Infinity:undefined:undefined:undefined:undefined":11,"s:150:2:156:Infinity":31,"s:151:4:155:Infinity":32,"s:159:48:159:Infinity":33,"b:161:2:167:Infinity:undefined:undefined:undefined:undefined":12,"s:161:2:167:Infinity":34,"b:161:6:161:21:161:21:161:46":13,"s:162:4:166:Infinity":35,"b:169:2:175:Infinity:undefined:undefined:undefined:undefined":14,"s:169:2:175:Infinity":36,"b:169:6:169:21:169:21:169:44":15,"s:170:4:174:Infinity":37,"b:177:2:183:Infinity:undefined:undefined:undefined:undefined":16,"s:177:2:183:Infinity":38,"b:177:6:177:33:177:33:177:40":17,"s:178:4:182:Infinity":39,"b:185:2:191:Infinity:undefined:undefined:undefined:undefined":18,"s:185:2:191:Infinity":40,"b:185:6:185:33:185:33:185:61":19,"s:186:4:190:Infinity":41,"s:194:21:194:Infinity":42,"b:194:35:194:64:194:64:194:Infinity":20,"b:196:2:207:Infinity:undefined:undefined:undefined:undefined":21,"s:196:2:207:Infinity":43,"b:197:4:197:Infinity:198:4:198:Infinity:199:4:199:Infinity:200:4:200:Infinity":22,"s:202:4:206:Infinity":44,"s:209:24:215:Infinity":45,"s:217:22:217:Infinity":46,"b:220:2:253:Infinity:undefined:undefined:undefined:undefined":23,"s:220:2:253:Infinity":47,"b:220:6:220:31:220:31:220:56":24,"s:221:22:221:Infinity":48,"b:221:46:221:66:221:66:221:Infinity":25,"s:224:25:224:Infinity":49,"b:225:4:232:Infinity:undefined:undefined:undefined:undefined":26,"s:225:4:232:Infinity":50,"s:226:26:226:Infinity":51,"f:226:49:226:50":7,"s:226:56:226:77":52,"s:227:6:227:Infinity":53,"s:228:6:231:Infinity":54,"s:235:10:237:Infinity":55,"s:239:4:252:Infinity":56,"b:244:31:244:40:244:40:244:Infinity":27,"b:256:2:274:Infinity:undefined:undefined:undefined:undefined":28,"s:256:2:274:Infinity":57,"b:257:4:257:Infinity:258:4:258:Infinity:259:4:259:Infinity":29,"f:259:22:259:23":8,"s:259:29:259:48":58,"s:261:10:263:Infinity":59,"s:265:4:273:Infinity":60,"s:277:21:283:Infinity":61,"b:285:2:287:Infinity:undefined:undefined:undefined:undefined":30,"s:285:2:287:Infinity":62,"s:286:4:286:Infinity":63,"s:289:2:296:Infinity":64,"f:302:16:302:30":9,"b:303:2:305:Infinity:undefined:undefined:undefined:undefined":31,"s:303:2:305:Infinity":65,"s:304:4:304:Infinity":66,"s:307:20:307:Infinity":67,"f:307:38:307:39":10,"s:307:45:307:71":68,"b:308:2:310:Infinity:undefined:undefined:undefined:undefined":32,"s:308:2:310:Infinity":69,"s:309:4:309:Infinity":70,"b:312:2:316:Infinity:undefined:undefined:undefined:undefined":33,"s:312:2:316:Infinity":71,"s:313:4:315:Infinity":72,"s:319:25:323:Infinity":73,"f:319:42:319:43":11,"s:320:4:322:Infinity":74,"b:321:8:321:Infinity:322:8:322:Infinity":34,"s:325:2:328:Infinity":75,"f:334:16:334:Infinity":12,"b:338:2:340:Infinity:undefined:undefined:undefined:undefined":35,"s:338:2:340:Infinity":76,"s:339:4:339:Infinity":77,"s:342:48:342:Infinity":78,"s:343:17:343:Infinity":79,"f:343:35:343:36":13,"s:343:42:343:71":80,"b:345:2:347:Infinity:undefined:undefined:undefined:undefined":36,"s:345:2:347:Infinity":81,"s:346:4:346:Infinity":82,"s:349:18:351:Infinity":83,"f:350:4:350:5":14,"s:350:11:350:Infinity":84,"b:350:11:350:37:350:37:350:Infinity":37,"s:354:4:366:Infinity":85,"b:355:8:365:Infinity:366:8:366:Infinity":38,"f:356:15:356:16":15,"b:357:12:363:Infinity:359:12:363:Infinity":39,"s:357:12:363:Infinity":86,"s:358:14:358:Infinity":87,"b:359:12:363:Infinity:361:19:363:Infinity":40,"s:359:12:363:Infinity":88,"s:360:14:360:Infinity":89,"b:360:83:360:102:360:102:360:104":41,"s:362:14:362:Infinity":90,"b:362:77:362:96:362:96:362:98":42,"s:369:4:371:Infinity":91,"b:370:8:370:Infinity:371:8:371:Infinity":43,"b:371:98:371:130:371:130:371:132":44,"s:373:2:385:Infinity":92,"f:391:16:391:28":16,"b:392:2:392:Infinity:undefined:undefined:undefined:undefined":45,"s:392:2:392:Infinity":93,"s:392:32:392:Infinity":94,"s:393:2:393:Infinity":95,"f:400:16:400:Infinity":17,"b:403:24:403:Infinity":46,"s:405:24:405:Infinity":96,"b:405:37:405:41:405:41:405:Infinity":47,"b:407:2:411:Infinity:undefined:undefined:undefined:undefined":48,"s:407:2:411:Infinity":97,"s:408:4:410:Infinity":98,"b:409:82:409:98:409:98:409:106":49,"s:413:19:413:Infinity":99,"s:415:20:415:Infinity":100,"s:417:2:428:Infinity":101,"s:417:15:417:18":102,"s:418:10:423:Infinity":103,"b:425:4:427:Infinity:undefined:undefined:undefined:undefined":50,"s:425:4:427:Infinity":104,"s:426:6:426:Infinity":105,"s:430:2:430:Infinity":106,"f:436:16:436:Infinity":18,"b:441:2:443:Infinity:undefined:undefined:undefined:undefined":51,"s:441:2:443:Infinity":107,"s:442:4:442:Infinity":108,"b:445:2:447:Infinity:undefined:undefined:undefined:undefined":52,"s:445:2:447:Infinity":109,"s:446:4:446:Infinity":110,"s:449:20:449:Infinity":111,"f:449:38:449:39":19,"s:449:45:449:66":112,"b:450:2:452:Infinity:undefined:undefined:undefined:undefined":53,"s:450:2:452:Infinity":113,"s:451:4:451:Infinity":114,"s:455:25:455:Infinity":115,"b:456:2:461:Infinity:undefined:undefined:undefined:undefined":54,"s:456:2:461:Infinity":116,"s:457:4:460:Infinity":117,"s:464:18:466:Infinity":118,"f:465:4:465:5":20,"s:465:11:465:Infinity":119,"b:465:11:465:35:465:35:465:Infinity":55,"b:467:2:469:Infinity:undefined:undefined:undefined:undefined":56,"s:467:2:469:Infinity":120,"s:468:4:468:Infinity":121,"s:473:4:473:Infinity":122,"b:473:41:473:75:473:75:473:Infinity":57,"b:476:2:485:Infinity:undefined:undefined:undefined:undefined":58,"s:476:2:485:Infinity":123,"b:476:6:476:18:476:18:476:30":59,"s:477:10:477:Infinity":124,"s:478:22:480:Infinity":125,"f:479:6:479:7":21,"s:479:7:479:Infinity":126,"b:482:4:484:Infinity:undefined:undefined:undefined:undefined":60,"s:482:4:484:Infinity":127,"b:482:8:482:21:482:21:482:63":61,"s:483:6:483:Infinity":128,"s:487:2:487:Infinity":129,"f:493:16:493:Infinity":22,"s:497:20:497:Infinity":130,"f:497:38:497:39":23,"s:497:45:497:66":131,"b:498:2:500:Infinity:undefined:undefined:undefined:undefined":62,"s:498:2:500:Infinity":132,"s:499:4:499:Infinity":133,"b:503:2:505:Infinity:undefined:undefined:undefined:undefined":63,"s:503:2:505:Infinity":134,"b:503:6:503:34:503:34:503:47":64,"s:504:4:504:Infinity":135,"b:508:2:510:Infinity:undefined:undefined:undefined:undefined":65,"s:508:2:510:Infinity":136,"s:509:4:509:Infinity":137,"s:513:19:513:Infinity":138,"s:514:8:514:Infinity":139,"s:515:20:517:Infinity":140,"f:516:4:516:5":24,"s:516:5:516:Infinity":141,"b:519:2:523:Infinity:undefined:undefined:undefined:undefined":66,"s:519:2:523:Infinity":142,"s:520:4:522:Infinity":143,"f:521:6:521:7":25,"s:521:7:521:Infinity":144,"s:526:2:526:Infinity":145,"f:533:16:533:30":26,"s:534:16:534:Infinity":146,"b:537:2:539:Infinity:undefined:undefined:undefined:undefined":67,"s:537:2:539:Infinity":147,"s:538:4:538:Infinity":148,"b:543:2:554:Infinity:undefined:undefined:undefined:undefined":68,"s:543:2:554:Infinity":149,"s:544:29:546:Infinity":150,"f:545:6:545:7":27,"s:545:13:545:Infinity":151,"b:547:4:553:Infinity:undefined:undefined:undefined:undefined":69,"s:547:4:553:Infinity":152,"s:548:22:551:Infinity":153,"f:549:8:549:9":28,"s:550:10:550:Infinity":154,"b:550:10:550:46:550:46:550:Infinity":70,"s:552:6:552:Infinity":155,"s:557:8:557:Infinity":156,"s:558:33:558:Infinity":157,"s:559:2:565:Infinity":158,"s:559:15:559:18":159,"s:560:10:560:Infinity":160,"b:562:4:564:Infinity:undefined:undefined:undefined:undefined":71,"s:562:4:564:Infinity":161,"b:562:8:562:26:562:26:562:49":72,"s:563:6:563:Infinity":162,"s:568:2:568:Infinity":163,"f:574:16:574:Infinity":29,"s:581:21:581:Infinity":164,"b:582:2:584:Infinity:undefined:undefined:undefined:undefined":73,"s:582:2:584:Infinity":165,"s:583:4:583:Infinity":166,"s:587:22:587:Infinity":167,"f:587:45:587:46":30,"s:587:52:587:73":168,"s:588:25:588:Infinity":169,"s:589:2:592:Infinity":170,"s:595:29:599:Infinity":171,"s:601:30:604:Infinity":172,"s:607:24:607:Infinity":173,"s:608:21:608:Infinity":174,"s:609:15:609:Infinity":175,"s:611:24:611:Infinity":176,"b:611:42:611:46:611:46:611:Infinity":74,"b:613:2:636:Infinity:undefined:undefined:undefined:undefined":75,"s:613:2:636:Infinity":177,"s:615:19:619:Infinity":178,"s:620:4:620:Infinity":179,"s:623:4:623:Infinity":180,"s:626:4:630:Infinity":181,"b:633:4:635:Infinity:undefined:undefined:undefined:undefined":76,"s:633:4:635:Infinity":182,"s:634:6:634:Infinity":183,"s:638:2:644:Infinity":184,"f:657:16:657:Infinity":31,"b:661:2:663:Infinity:undefined:undefined:undefined:undefined":77,"s:661:2:663:Infinity":185,"s:662:4:662:Infinity":186,"s:666:28:668:Infinity":187,"f:667:4:667:5":32,"s:667:11:667:Infinity":188,"b:669:2:671:Infinity:undefined:undefined:undefined:undefined":78,"s:669:2:671:Infinity":189,"s:670:4:670:Infinity":190,"s:673:21:673:Infinity":191,"s:674:25:674:Infinity":192,"b:674:44:674:48:674:48:674:Infinity":79,"s:677:22:680:Infinity":193,"f:677:45:677:46":33,"s:678:19:678:Infinity":194,"f:678:37:678:38":34,"s:678:44:678:71":195,"s:679:4:679:Infinity":196,"s:682:22:682:Infinity":197,"s:684:23:684:Infinity":198,"b:684:42:684:56:684:56:684:Infinity":80,"s:685:23:685:Infinity":199,"s:687:19:687:Infinity":200,"s:688:19:688:Infinity":201,"b:690:2:711:Infinity:704:9:711:Infinity":81,"s:690:2:711:Infinity":202,"s:692:17:692:Infinity":203,"b:694:4:697:Infinity:undefined:undefined:undefined:undefined":82,"s:694:4:697:Infinity":204,"s:696:6:696:Infinity":205,"b:696:30:696:34:696:34:696:Infinity":83,"b:699:4:703:Infinity:701:11:703:Infinity":84,"s:699:4:703:Infinity":206,"s:700:6:700:Infinity":207,"s:702:6:702:Infinity":208,"b:706:4:710:Infinity:708:11:710:Infinity":85,"s:706:4:710:Infinity":209,"s:707:6:707:Infinity":210,"s:709:6:709:Infinity":211,"s:713:2:713:Infinity":212,"f:719:16:719:31":35,"s:720:2:720:Infinity":213,"f:726:16:726:31":36,"b:727:2:727:Infinity:undefined:undefined:undefined:undefined":86,"s:727:2:727:Infinity":214,"s:727:29:727:Infinity":215,"b:729:2:729:Infinity:undefined:undefined:undefined:undefined":87,"s:729:2:729:Infinity":216,"s:729:39:729:Infinity":217,"b:730:2:730:Infinity:undefined:undefined:undefined:undefined":88,"s:730:2:730:Infinity":218,"s:730:39:730:Infinity":219,"s:731:2:731:Infinity":220,"f:737:16:737:Infinity":37,"s:741:17:741:Infinity":221,"f:741:35:741:36":38,"s:741:42:741:71":222,"b:742:2:743:Infinity:undefined:undefined:undefined:undefined":89,"s:742:2:743:Infinity":223,"s:743:4:743:Infinity":224,"s:745:18:747:Infinity":225,"f:746:4:746:5":39,"s:746:11:746:Infinity":226,"b:746:11:746:37:746:37:746:Infinity":90,"s:750:4:754:Infinity":227,"b:751:8:753:Infinity:754:8:754:Infinity":91,"f:752:15:752:16":40,"s:752:22:752:62":228,"s:756:2:767:Infinity":229,"b:757:9:757:23:757:23:757:32":92,"f:774:16:774:Infinity":41,"b:777:21:777:Infinity":93,"s:779:15:779:Infinity":230,"s:782:2:788:Infinity":231}}}
,"/Users/eric/Development/euchre-reasoning-arena/lib/game/utils.ts": {"path":"/Users/eric/Development/euchre-reasoning-arena/lib/game/utils.ts","statementMap":{"0":{"start":{"line":8,"column":40},"end":{"line":13,"column":null}},"1":{"start":{"line":14,"column":2},"end":{"line":14,"column":null}},"2":{"start":{"line":22,"column":32},"end":{"line":22,"column":null}},"3":{"start":{"line":23,"column":2},"end":{"line":23,"column":null}},"4":{"start":{"line":30,"column":16},"end":{"line":30,"column":null}},"5":{"start":{"line":31,"column":2},"end":{"line":31,"column":null}},"6":{"start":{"line":38,"column":16},"end":{"line":38,"column":null}},"7":{"start":{"line":39,"column":2},"end":{"line":39,"column":null}},"8":{"start":{"line":48,"column":16},"end":{"line":48,"column":null}},"9":{"start":{"line":49,"column":32},"end":{"line":49,"column":null}},"10":{"start":{"line":50,"column":2},"end":{"line":53,"column":null}},"11":{"start":{"line":50,"column":15},"end":{"line":50,"column":18}},"12":{"start":{"line":51,"column":4},"end":{"line":51,"column":null}},"13":{"start":{"line":52,"column":4},"end":{"line":52,"column":null}},"14":{"start":{"line":54,"column":2},"end":{"line":54,"column":null}}},"fnMap":{"0":{"name":"positionToIndex","decl":{"start":{"line":7,"column":16},"end":{"line":7,"column":32}},"loc":{"start":{"line":7,"column":60},"end":{"line":15,"column":null}},"line":7},"1":{"name":"indexToPosition","decl":{"start":{"line":21,"column":16},"end":{"line":21,"column":32}},"loc":{"start":{"line":21,"column":57},"end":{"line":24,"column":null}},"line":21},"2":{"name":"nextPosition","decl":{"start":{"line":29,"column":16},"end":{"line":29,"column":29}},"loc":{"start":{"line":29,"column":59},"end":{"line":32,"column":null}},"line":29},"3":{"name":"partnerPosition","decl":{"start":{"line":37,"column":16},"end":{"line":37,"column":32}},"loc":{"start":{"line":37,"column":62},"end":{"line":40,"column":null}},"line":37},"4":{"name":"getPositionsFrom","decl":{"start":{"line":45,"column":16},"end":{"line":45,"column":null}},"loc":{"start":{"line":47,"column":44},"end":{"line":55,"column":null}},"line":47}},"branchMap":{},"s":{"0":343,"1":343,"2":501,"3":501,"4":58,"5":58,"6":12,"7":12,"8":10,"9":10,"10":10,"11":10,"12":40,"13":40,"14":10},"f":{"0":343,"1":501,"2":58,"3":12,"4":10},"b":{},"meta":{"lastBranch":0,"lastFunction":5,"lastStatement":15,"seen":{"f:7:16:7:32":0,"s:8:40:13:Infinity":0,"s:14:2:14:Infinity":1,"f:21:16:21:32":1,"s:22:32:22:Infinity":2,"s:23:2:23:Infinity":3,"f:29:16:29:29":2,"s:30:16:30:Infinity":4,"s:31:2:31:Infinity":5,"f:37:16:37:32":3,"s:38:16:38:Infinity":6,"s:39:2:39:Infinity":7,"f:45:16:45:Infinity":4,"s:48:16:48:Infinity":8,"s:49:32:49:Infinity":9,"s:50:2:53:Infinity":10,"s:50:15:50:18":11,"s:51:4:51:Infinity":12,"s:52:4:52:Infinity":13,"s:54:2:54:Infinity":14}}}
,"/Users/eric/Development/euchre-reasoning-arena/server/services/ai-agent.ts": {"path":"/Users/eric/Development/euchre-reasoning-arena/server/services/ai-agent.ts","statementMap":{"0":{"start":{"line":39,"column":17},"end":{"line":39,"column":null}},"1":{"start":{"line":40,"column":2},"end":{"line":42,"column":null}},"2":{"start":{"line":41,"column":4},"end":{"line":41,"column":null}},"3":{"start":{"line":44,"column":2},"end":{"line":46,"column":null}},"4":{"start":{"line":54,"column":18},"end":{"line":54,"column":null}},"5":{"start":{"line":55,"column":2},"end":{"line":55,"column":null}},"6":{"start":{"line":66,"column":24},"end":{"line":66,"column":null}},"7":{"start":{"line":70,"column":4},"end":{"line":70,"column":null}},"8":{"start":{"line":73,"column":2},"end":{"line":91,"column":null}},"9":{"start":{"line":74,"column":4},"end":{"line":84,"column":null}},"10":{"start":{"line":78,"column":6},"end":{"line":83,"column":null}},"11":{"start":{"line":85,"column":4},"end":{"line":90,"column":null}},"12":{"start":{"line":94,"column":24},"end":{"line":94,"column":null}},"13":{"start":{"line":95,"column":2},"end":{"line":105,"column":null}},"14":{"start":{"line":96,"column":4},"end":{"line":104,"column":null}},"15":{"start":{"line":97,"column":6},"end":{"line":103,"column":null}},"16":{"start":{"line":107,"column":2},"end":{"line":112,"column":null}},"17":{"start":{"line":119,"column":24},"end":{"line":119,"column":null}},"18":{"start":{"line":122,"column":2},"end":{"line":151,"column":null}},"19":{"start":{"line":123,"column":10},"end":{"line":123,"column":null}},"20":{"start":{"line":124,"column":48},"end":{"line":131,"column":null}},"21":{"start":{"line":133,"column":46},"end":{"line":138,"column":null}},"22":{"start":{"line":141,"column":24},"end":{"line":143,"column":null}},"23":{"start":{"line":142,"column":6},"end":{"line":142,"column":null}},"24":{"start":{"line":144,"column":24},"end":{"line":146,"column":null}},"25":{"start":{"line":145,"column":6},"end":{"line":145,"column":null}},"26":{"start":{"line":148,"column":4},"end":{"line":150,"column":null}},"27":{"start":{"line":149,"column":6},"end":{"line":149,"column":null}},"28":{"start":{"line":154,"column":2},"end":{"line":154,"column":null}},"29":{"start":{"line":158,"column":2},"end":{"line":158,"column":null}},"30":{"start":{"line":170,"column":20},"end":{"line":170,"column":null}},"31":{"start":{"line":172,"column":16},"end":{"line":172,"column":null}},"32":{"start":{"line":173,"column":8},"end":{"line":173,"column":null}},"33":{"start":{"line":176,"column":4},"end":{"line":177,"column":null}},"34":{"start":{"line":190,"column":19},"end":{"line":197,"column":null}},"35":{"start":{"line":199,"column":19},"end":{"line":199,"column":null}},"36":{"start":{"line":200,"column":17},"end":{"line":204,"column":null}},"37":{"start":{"line":206,"column":2},"end":{"line":206,"column":null}},"38":{"start":{"line":207,"column":2},"end":{"line":207,"column":null}},"39":{"start":{"line":219,"column":20},"end":{"line":219,"column":null}},"40":{"start":{"line":221,"column":16},"end":{"line":221,"column":null}},"41":{"start":{"line":222,"column":8},"end":{"line":222,"column":null}},"42":{"start":{"line":223,"column":20},"end":{"line":225,"column":null}},"43":{"start":{"line":224,"column":35},"end":{"line":224,"column":null}},"44":{"start":{"line":226,"column":8},"end":{"line":226,"column":null}},"45":{"start":{"line":228,"column":2},"end":{"line":239,"column":null}},"46":{"start":{"line":229,"column":4},"end":{"line":231,"column":null}},"47":{"start":{"line":232,"column":25},"end":{"line":232,"column":null}},"48":{"start":{"line":233,"column":4},"end":{"line":238,"column":null}},"49":{"start":{"line":242,"column":2},"end":{"line":249,"column":null}},"50":{"start":{"line":243,"column":4},"end":{"line":248,"column":null}},"51":{"start":{"line":251,"column":25},"end":{"line":251,"column":null}},"52":{"start":{"line":254,"column":4},"end":{"line":265,"column":null}},"53":{"start":{"line":267,"column":26},"end":{"line":286,"column":null}},"54":{"start":{"line":270,"column":21},"end":{"line":276,"column":null}},"55":{"start":{"line":278,"column":21},"end":{"line":282,"column":null}},"56":{"start":{"line":284,"column":19},"end":{"line":284,"column":null}},"57":{"start":{"line":285,"column":4},"end":{"line":285,"column":null}},"58":{"start":{"line":289,"column":28},"end":{"line":289,"column":null}},"59":{"start":{"line":291,"column":24},"end":{"line":291,"column":null}},"60":{"start":{"line":291,"column":41},"end":{"line":291,"column":66}},"61":{"start":{"line":294,"column":2},"end":{"line":314,"column":null}},"62":{"start":{"line":295,"column":10},"end":{"line":295,"column":null}},"63":{"start":{"line":296,"column":4},"end":{"line":298,"column":null}},"64":{"start":{"line":299,"column":18},"end":{"line":301,"column":null}},"65":{"start":{"line":302,"column":4},"end":{"line":302,"column":null}},"66":{"start":{"line":303,"column":4},"end":{"line":303,"column":null}},"67":{"start":{"line":305,"column":4},"end":{"line":313,"column":null}},"68":{"start":{"line":305,"column":26},"end":{"line":305,"column":51}},"69":{"start":{"line":306,"column":6},"end":{"line":308,"column":null}},"70":{"start":{"line":309,"column":6},"end":{"line":309,"column":null}},"71":{"start":{"line":310,"column":6},"end":{"line":312,"column":null}},"72":{"start":{"line":316,"column":19},"end":{"line":316,"column":null}},"73":{"start":{"line":318,"column":2},"end":{"line":322,"column":null}}},"fnMap":{"0":{"name":"getGateway","decl":{"start":{"line":38,"column":9},"end":{"line":38,"column":22}},"loc":{"start":{"line":38,"column":22},"end":{"line":47,"column":null}},"line":38},"1":{"name":"getModel","decl":{"start":{"line":53,"column":9},"end":{"line":53,"column":18}},"loc":{"start":{"line":53,"column":35},"end":{"line":56,"column":null}},"line":53},"2":{"name":"parseTrumpBid","decl":{"start":{"line":61,"column":9},"end":{"line":61,"column":null}},"loc":{"start":{"line":65,"column":18},"end":{"line":113,"column":null}},"line":65},"3":{"name":"parseCardPlay","decl":{"start":{"line":118,"column":9},"end":{"line":118,"column":23}},"loc":{"start":{"line":118,"column":67},"end":{"line":155,"column":null}},"line":118},"4":{"name":"(anonymous_4)","decl":{"start":{"line":141,"column":50},"end":{"line":141,"column":51}},"loc":{"start":{"line":142,"column":6},"end":{"line":142,"column":null}},"line":142},"5":{"name":"(anonymous_5)","decl":{"start":{"line":144,"column":50},"end":{"line":144,"column":51}},"loc":{"start":{"line":145,"column":6},"end":{"line":145,"column":null}},"line":145},"6":{"name":"formatCardForPrompt","decl":{"start":{"line":157,"column":9},"end":{"line":157,"column":29}},"loc":{"start":{"line":157,"column":49},"end":{"line":159,"column":null}},"line":157},"7":{"name":"makeTrumpBidDecision","decl":{"start":{"line":164,"column":22},"end":{"line":164,"column":null}},"loc":{"start":{"line":169,"column":27},"end":{"line":208,"column":null}},"line":169},"8":{"name":"makeCardPlayDecision","decl":{"start":{"line":213,"column":22},"end":{"line":213,"column":null}},"loc":{"start":{"line":218,"column":27},"end":{"line":323,"column":null}},"line":218},"9":{"name":"(anonymous_9)","decl":{"start":{"line":224,"column":4},"end":{"line":224,"column":5}},"loc":{"start":{"line":224,"column":35},"end":{"line":224,"column":null}},"line":224},"10":{"name":"(anonymous_10)","decl":{"start":{"line":267,"column":26},"end":{"line":267,"column":null}},"loc":{"start":{"line":269,"column":51},"end":{"line":286,"column":null}},"line":269},"11":{"name":"(anonymous_11)","decl":{"start":{"line":291,"column":40},"end":{"line":291,"column":41}},"loc":{"start":{"line":291,"column":41},"end":{"line":291,"column":66}},"line":291},"12":{"name":"(anonymous_12)","decl":{"start":{"line":305,"column":25},"end":{"line":305,"column":26}},"loc":{"start":{"line":305,"column":26},"end":{"line":305,"column":51}},"line":305}},"branchMap":{"0":{"loc":{"start":{"line":40,"column":2},"end":{"line":42,"column":null}},"type":"if","locations":[{"start":{"line":40,"column":2},"end":{"line":42,"column":null}},{"start":{},"end":{}}],"line":40},"1":{"loc":{"start":{"line":70,"column":4},"end":{"line":70,"column":null}},"type":"binary-expr","locations":[{"start":{"line":70,"column":4},"end":{"line":70,"column":45}},{"start":{"line":70,"column":45},"end":{"line":70,"column":null}}],"line":70},"2":{"loc":{"start":{"line":73,"column":2},"end":{"line":91,"column":null}},"type":"if","locations":[{"start":{"line":73,"column":2},"end":{"line":91,"column":null}},{"start":{},"end":{}}],"line":73},"3":{"loc":{"start":{"line":74,"column":4},"end":{"line":84,"column":null}},"type":"if","locations":[{"start":{"line":74,"column":4},"end":{"line":84,"column":null}},{"start":{},"end":{}}],"line":74},"4":{"loc":{"start":{"line":75,"column":6},"end":{"line":76,"column":null}},"type":"binary-expr","locations":[{"start":{"line":75,"column":6},"end":{"line":75,"column":null}},{"start":{"line":76,"column":6},"end":{"line":76,"column":null}}],"line":75},"5":{"loc":{"start":{"line":96,"column":4},"end":{"line":104,"column":null}},"type":"if","locations":[{"start":{"line":96,"column":4},"end":{"line":104,"column":null}},{"start":{},"end":{}}],"line":96},"6":{"loc":{"start":{"line":96,"column":8},"end":{"line":96,"column":63}},"type":"binary-expr","locations":[{"start":{"line":96,"column":8},"end":{"line":96,"column":33}},{"start":{"line":96,"column":33},"end":{"line":96,"column":63}}],"line":96},"7":{"loc":{"start":{"line":148,"column":4},"end":{"line":150,"column":null}},"type":"if","locations":[{"start":{"line":148,"column":4},"end":{"line":150,"column":null}},{"start":{},"end":{}}],"line":148},"8":{"loc":{"start":{"line":148,"column":8},"end":{"line":148,"column":36}},"type":"binary-expr","locations":[{"start":{"line":148,"column":8},"end":{"line":148,"column":23}},{"start":{"line":148,"column":23},"end":{"line":148,"column":36}}],"line":148},"9":{"loc":{"start":{"line":176,"column":4},"end":{"line":177,"column":null}},"type":"binary-expr","locations":[{"start":{"line":176,"column":4},"end":{"line":176,"column":null}},{"start":{"line":177,"column":4},"end":{"line":177,"column":null}}],"line":176},"10":{"loc":{"start":{"line":228,"column":2},"end":{"line":239,"column":null}},"type":"if","locations":[{"start":{"line":228,"column":2},"end":{"line":239,"column":null}},{"start":{},"end":{}}],"line":228},"11":{"loc":{"start":{"line":242,"column":2},"end":{"line":249,"column":null}},"type":"if","locations":[{"start":{"line":242,"column":2},"end":{"line":249,"column":null}},{"start":{},"end":{}}],"line":242},"12":{"loc":{"start":{"line":254,"column":4},"end":{"line":265,"column":null}},"type":"binary-expr","locations":[{"start":{"line":254,"column":4},"end":{"line":254,"column":null}},{"start":{"line":255,"column":4},"end":{"line":265,"column":null}}],"line":254},"13":{"loc":{"start":{"line":274,"column":81},"end":{"line":274,"column":114}},"type":"cond-expr","locations":[{"start":{"line":274,"column":93},"end":{"line":274,"column":112}},{"start":{"line":274,"column":112},"end":{"line":274,"column":114}}],"line":274},"14":{"loc":{"start":{"line":294,"column":2},"end":{"line":314,"column":null}},"type":"if","locations":[{"start":{"line":294,"column":2},"end":{"line":314,"column":null}},{"start":{},"end":{}}],"line":294},"15":{"loc":{"start":{"line":305,"column":4},"end":{"line":313,"column":null}},"type":"if","locations":[{"start":{"line":305,"column":4},"end":{"line":313,"column":null}},{"start":{},"end":{}}],"line":305}},"s":{"0":11,"1":11,"2":1,"3":10,"4":11,"5":11,"6":4,"7":4,"8":4,"9":2,"10":1,"11":1,"12":2,"13":2,"14":8,"15":1,"16":1,"17":6,"18":6,"19":18,"20":18,"21":18,"22":18,"23":31,"24":18,"25":40,"26":18,"27":5,"28":1,"29":9,"30":5,"31":5,"32":5,"33":5,"34":5,"35":4,"36":4,"37":4,"38":4,"39":6,"40":6,"41":6,"42":6,"43":12,"44":6,"45":6,"46":1,"47":1,"48":1,"49":5,"50":1,"51":4,"52":4,"53":6,"54":6,"55":6,"56":6,"57":6,"58":6,"59":4,"60":7,"61":4,"62":2,"63":2,"64":2,"65":2,"66":2,"67":2,"68":4,"69":1,"70":1,"71":1,"72":4,"73":4},"f":{"0":11,"1":11,"2":4,"3":6,"4":31,"5":40,"6":9,"7":5,"8":6,"9":12,"10":6,"11":7,"12":4},"b":{"0":[1,10],"1":[4,2],"2":[2,2],"3":[1,1],"4":[2,1],"5":[1,7],"6":[8,6],"7":[5,13],"8":[18,8],"9":[5,4],"10":[1,5],"11":[1,4],"12":[4,4],"13":[2,4],"14":[2,2],"15":[1,1]},"meta":{"lastBranch":16,"lastFunction":13,"lastStatement":74,"seen":{"f:38:9:38:22":0,"s:39:17:39:Infinity":0,"b:40:2:42:Infinity:undefined:undefined:undefined:undefined":0,"s:40:2:42:Infinity":1,"s:41:4:41:Infinity":2,"s:44:2:46:Infinity":3,"f:53:9:53:18":1,"s:54:18:54:Infinity":4,"s:55:2:55:Infinity":5,"f:61:9:61:Infinity":2,"s:66:24:66:Infinity":6,"s:70:4:70:Infinity":7,"b:70:4:70:45:70:45:70:Infinity":1,"b:73:2:91:Infinity:undefined:undefined:undefined:undefined":2,"s:73:2:91:Infinity":8,"b:74:4:84:Infinity:undefined:undefined:undefined:undefined":3,"s:74:4:84:Infinity":9,"b:75:6:75:Infinity:76:6:76:Infinity":4,"s:78:6:83:Infinity":10,"s:85:4:90:Infinity":11,"s:94:24:94:Infinity":12,"s:95:2:105:Infinity":13,"b:96:4:104:Infinity:undefined:undefined:undefined:undefined":5,"s:96:4:104:Infinity":14,"b:96:8:96:33:96:33:96:63":6,"s:97:6:103:Infinity":15,"s:107:2:112:Infinity":16,"f:118:9:118:23":3,"s:119:24:119:Infinity":17,"s:122:2:151:Infinity":18,"s:123:10:123:Infinity":19,"s:124:48:131:Infinity":20,"s:133:46:138:Infinity":21,"s:141:24:143:Infinity":22,"f:141:50:141:51":4,"s:142:6:142:Infinity":23,"s:144:24:146:Infinity":24,"f:144:50:144:51":5,"s:145:6:145:Infinity":25,"b:148:4:150:Infinity:undefined:undefined:undefined:undefined":7,"s:148:4:150:Infinity":26,"b:148:8:148:23:148:23:148:36":8,"s:149:6:149:Infinity":27,"s:154:2:154:Infinity":28,"f:157:9:157:29":6,"s:158:2:158:Infinity":29,"f:164:22:164:Infinity":7,"s:170:20:170:Infinity":30,"s:172:16:172:Infinity":31,"s:173:8:173:Infinity":32,"s:176:4:177:Infinity":33,"b:176:4:176:Infinity:177:4:177:Infinity":9,"s:190:19:197:Infinity":34,"s:199:19:199:Infinity":35,"s:200:17:204:Infinity":36,"s:206:2:206:Infinity":37,"s:207:2:207:Infinity":38,"f:213:22:213:Infinity":8,"s:219:20:219:Infinity":39,"s:221:16:221:Infinity":40,"s:222:8:222:Infinity":41,"s:223:20:225:Infinity":42,"f:224:4:224:5":9,"s:224:35:224:Infinity":43,"s:226:8:226:Infinity":44,"b:228:2:239:Infinity:undefined:undefined:undefined:undefined":10,"s:228:2:239:Infinity":45,"s:229:4:231:Infinity":46,"s:232:25:232:Infinity":47,"s:233:4:238:Infinity":48,"b:242:2:249:Infinity:undefined:undefined:undefined:undefined":11,"s:242:2:249:Infinity":49,"s:243:4:248:Infinity":50,"s:251:25:251:Infinity":51,"s:254:4:265:Infinity":52,"b:254:4:254:Infinity:255:4:265:Infinity":12,"s:267:26:286:Infinity":53,"f:267:26:267:Infinity":10,"s:270:21:276:Infinity":54,"b:274:93:274:112:274:112:274:114":13,"s:278:21:282:Infinity":55,"s:284:19:284:Infinity":56,"s:285:4:285:Infinity":57,"s:289:28:289:Infinity":58,"s:291:24:291:Infinity":59,"f:291:40:291:41":11,"s:291:41:291:66":60,"b:294:2:314:Infinity:undefined:undefined:undefined:undefined":14,"s:294:2:314:Infinity":61,"s:295:10:295:Infinity":62,"s:296:4:298:Infinity":63,"s:299:18:301:Infinity":64,"s:302:4:302:Infinity":65,"s:303:4:303:Infinity":66,"b:305:4:313:Infinity:undefined:undefined:undefined:undefined":15,"s:305:4:313:Infinity":67,"f:305:25:305:26":12,"s:305:26:305:51":68,"s:306:6:308:Infinity":69,"s:309:6:309:Infinity":70,"s:310:6:312:Infinity":71,"s:316:19:316:Infinity":72,"s:318:2:322:Infinity":73}}}
}
